{"D:\\Web_Dev\\IMDB-Clone\\frontend\\src\\App.tsx": {"path":"D:\\Web_Dev\\IMDB-Clone\\frontend\\src\\App.tsx","all":true,"statementMap":{"0":{"start":{"line":1,"column":0},"end":{"line":1,"column":51}},"1":{"start":{"line":2,"column":0},"end":{"line":2,"column":49}},"2":{"start":{"line":3,"column":0},"end":{"line":3,"column":48}},"5":{"start":{"line":6,"column":0},"end":{"line":6,"column":54}},"6":{"start":{"line":7,"column":0},"end":{"line":7,"column":54}},"7":{"start":{"line":8,"column":0},"end":{"line":8,"column":64}},"8":{"start":{"line":9,"column":0},"end":{"line":9,"column":66}},"9":{"start":{"line":10,"column":0},"end":{"line":10,"column":58}},"10":{"start":{"line":11,"column":0},"end":{"line":11,"column":58}},"11":{"start":{"line":12,"column":0},"end":{"line":12,"column":68}},"12":{"start":{"line":13,"column":0},"end":{"line":13,"column":78}},"13":{"start":{"line":14,"column":0},"end":{"line":14,"column":56}},"14":{"start":{"line":15,"column":0},"end":{"line":15,"column":73}},"15":{"start":{"line":16,"column":0},"end":{"line":16,"column":60}},"17":{"start":{"line":18,"column":0},"end":{"line":18,"column":19}},"18":{"start":{"line":19,"column":0},"end":{"line":19,"column":30}},"21":{"start":{"line":22,"column":0},"end":{"line":22,"column":19}},"22":{"start":{"line":23,"column":0},"end":{"line":23,"column":62}},"23":{"start":{"line":24,"column":0},"end":{"line":24,"column":55}},"24":{"start":{"line":25,"column":0},"end":{"line":25,"column":56}},"26":{"start":{"line":27,"column":0},"end":{"line":27,"column":42}},"27":{"start":{"line":28,"column":0},"end":{"line":28,"column":35}},"28":{"start":{"line":29,"column":0},"end":{"line":29,"column":36}},"30":{"start":{"line":31,"column":0},"end":{"line":31,"column":54}},"31":{"start":{"line":32,"column":0},"end":{"line":32,"column":49}},"32":{"start":{"line":33,"column":0},"end":{"line":33,"column":55}},"34":{"start":{"line":35,"column":0},"end":{"line":35,"column":50}},"35":{"start":{"line":36,"column":0},"end":{"line":36,"column":44}},"36":{"start":{"line":37,"column":0},"end":{"line":37,"column":43}},"37":{"start":{"line":38,"column":0},"end":{"line":38,"column":9}},"40":{"start":{"line":41,"column":0},"end":{"line":41,"column":19}},"41":{"start":{"line":42,"column":0},"end":{"line":42,"column":52}},"42":{"start":{"line":43,"column":0},"end":{"line":43,"column":21}},"43":{"start":{"line":44,"column":0},"end":{"line":44,"column":48}},"45":{"start":{"line":46,"column":0},"end":{"line":46,"column":33}},"46":{"start":{"line":47,"column":0},"end":{"line":47,"column":5}},"47":{"start":{"line":48,"column":0},"end":{"line":48,"column":9}},"49":{"start":{"line":50,"column":0},"end":{"line":50,"column":10}},"50":{"start":{"line":51,"column":0},"end":{"line":51,"column":33}},"51":{"start":{"line":52,"column":0},"end":{"line":52,"column":15}},"52":{"start":{"line":53,"column":0},"end":{"line":53,"column":18}},"53":{"start":{"line":54,"column":0},"end":{"line":54,"column":80}},"54":{"start":{"line":55,"column":0},"end":{"line":55,"column":118}},"55":{"start":{"line":56,"column":0},"end":{"line":56,"column":16}},"58":{"start":{"line":59,"column":0},"end":{"line":59,"column":16}},"59":{"start":{"line":60,"column":0},"end":{"line":60,"column":47}},"60":{"start":{"line":61,"column":0},"end":{"line":61,"column":51}},"61":{"start":{"line":62,"column":0},"end":{"line":62,"column":61}},"62":{"start":{"line":63,"column":0},"end":{"line":63,"column":63}},"63":{"start":{"line":64,"column":0},"end":{"line":64,"column":55}},"64":{"start":{"line":65,"column":0},"end":{"line":65,"column":55}},"65":{"start":{"line":66,"column":0},"end":{"line":66,"column":65}},"66":{"start":{"line":67,"column":0},"end":{"line":67,"column":75}},"67":{"start":{"line":68,"column":0},"end":{"line":68,"column":53}},"68":{"start":{"line":69,"column":0},"end":{"line":69,"column":65}},"69":{"start":{"line":70,"column":0},"end":{"line":70,"column":57}},"70":{"start":{"line":71,"column":0},"end":{"line":71,"column":17}},"71":{"start":{"line":72,"column":0},"end":{"line":72,"column":17}},"72":{"start":{"line":73,"column":0},"end":{"line":73,"column":10}},"74":{"start":{"line":75,"column":0},"end":{"line":75,"column":2}},"76":{"start":{"line":77,"column":0},"end":{"line":77,"column":19}}},"s":{"0":0,"1":0,"2":0,"5":0,"6":0,"7":0,"8":0,"9":0,"10":0,"11":0,"12":0,"13":0,"14":0,"15":0,"17":0,"18":0,"21":0,"22":0,"23":0,"24":0,"26":0,"27":0,"28":0,"30":0,"31":0,"32":0,"34":0,"35":0,"36":0,"37":0,"40":0,"41":0,"42":0,"43":0,"45":0,"46":0,"47":0,"49":0,"50":0,"51":0,"52":0,"53":0,"54":0,"55":0,"58":0,"59":0,"60":0,"61":0,"62":0,"63":0,"64":0,"65":0,"66":0,"67":0,"68":0,"69":0,"70":0,"71":0,"72":0,"74":0,"76":0},"branchMap":{"0":{"type":"branch","line":1,"loc":{"start":{"line":1,"column":0},"end":{"line":77,"column":-880}},"locations":[{"start":{"line":1,"column":0},"end":{"line":77,"column":-880}}]}},"b":{"0":[0]},"fnMap":{"0":{"name":"(empty-report)","decl":{"start":{"line":1,"column":0},"end":{"line":77,"column":-880}},"loc":{"start":{"line":1,"column":0},"end":{"line":77,"column":-880}},"line":1}},"f":{"0":0}}
,"D:\\Web_Dev\\IMDB-Clone\\frontend\\src\\main.tsx": {"path":"D:\\Web_Dev\\IMDB-Clone\\frontend\\src\\main.tsx","all":true,"statementMap":{"0":{"start":{"line":1,"column":0},"end":{"line":1,"column":35}},"1":{"start":{"line":2,"column":0},"end":{"line":2,"column":46}},"2":{"start":{"line":3,"column":0},"end":{"line":3,"column":49}},"3":{"start":{"line":4,"column":0},"end":{"line":4,"column":48}},"4":{"start":{"line":5,"column":0},"end":{"line":5,"column":57}},"5":{"start":{"line":6,"column":0},"end":{"line":6,"column":52}},"6":{"start":{"line":7,"column":0},"end":{"line":7,"column":44}},"7":{"start":{"line":8,"column":0},"end":{"line":8,"column":28}},"8":{"start":{"line":9,"column":0},"end":{"line":9,"column":21}},"10":{"start":{"line":11,"column":0},"end":{"line":11,"column":52}},"11":{"start":{"line":12,"column":0},"end":{"line":12,"column":14}},"12":{"start":{"line":13,"column":0},"end":{"line":13,"column":36}},"13":{"start":{"line":14,"column":0},"end":{"line":14,"column":20}},"14":{"start":{"line":15,"column":0},"end":{"line":15,"column":23}},"15":{"start":{"line":16,"column":0},"end":{"line":16,"column":17}},"16":{"start":{"line":17,"column":0},"end":{"line":17,"column":24}},"17":{"start":{"line":18,"column":0},"end":{"line":18,"column":21}},"18":{"start":{"line":19,"column":0},"end":{"line":19,"column":21}},"19":{"start":{"line":20,"column":0},"end":{"line":20,"column":15}},"20":{"start":{"line":21,"column":0},"end":{"line":21,"column":2}},"23":{"start":{"line":24,"column":0},"end":{"line":24,"column":18}}},"s":{"0":0,"1":0,"2":0,"3":0,"4":0,"5":0,"6":0,"7":0,"8":0,"10":0,"11":0,"12":0,"13":0,"14":0,"15":0,"16":0,"17":0,"18":0,"19":0,"20":0,"23":0},"branchMap":{"0":{"type":"branch","line":1,"loc":{"start":{"line":1,"column":718},"end":{"line":24,"column":18}},"locations":[{"start":{"line":1,"column":718},"end":{"line":24,"column":18}}]}},"b":{"0":[0]},"fnMap":{"0":{"name":"(empty-report)","decl":{"start":{"line":1,"column":718},"end":{"line":24,"column":18}},"loc":{"start":{"line":1,"column":718},"end":{"line":24,"column":18}},"line":1}},"f":{"0":0}}
,"D:\\Web_Dev\\IMDB-Clone\\frontend\\src\\components\\Feature.tsx": {"path":"D:\\Web_Dev\\IMDB-Clone\\frontend\\src\\components\\Feature.tsx","all":false,"statementMap":{"0":{"start":{"line":1,"column":0},"end":{"line":1,"column":65}},"1":{"start":{"line":2,"column":0},"end":{"line":2,"column":47}},"2":{"start":{"line":3,"column":0},"end":{"line":3,"column":42}},"3":{"start":{"line":4,"column":0},"end":{"line":4,"column":53}},"5":{"start":{"line":6,"column":0},"end":{"line":6,"column":64}},"6":{"start":{"line":7,"column":0},"end":{"line":7,"column":46}},"7":{"start":{"line":8,"column":0},"end":{"line":8,"column":74}},"8":{"start":{"line":9,"column":0},"end":{"line":9,"column":64}},"9":{"start":{"line":10,"column":0},"end":{"line":10,"column":70}},"10":{"start":{"line":11,"column":0},"end":{"line":11,"column":48}},"12":{"start":{"line":13,"column":0},"end":{"line":13,"column":23}},"13":{"start":{"line":14,"column":0},"end":{"line":14,"column":33}},"16":{"start":{"line":17,"column":0},"end":{"line":17,"column":48}},"17":{"start":{"line":18,"column":0},"end":{"line":18,"column":50}},"20":{"start":{"line":21,"column":0},"end":{"line":21,"column":49}},"21":{"start":{"line":22,"column":0},"end":{"line":22,"column":58}},"22":{"start":{"line":23,"column":0},"end":{"line":23,"column":57}},"25":{"start":{"line":26,"column":0},"end":{"line":26,"column":9}},"26":{"start":{"line":27,"column":0},"end":{"line":27,"column":29}},"27":{"start":{"line":28,"column":0},"end":{"line":28,"column":25}},"28":{"start":{"line":29,"column":0},"end":{"line":29,"column":23}},"29":{"start":{"line":30,"column":0},"end":{"line":30,"column":29}},"30":{"start":{"line":31,"column":0},"end":{"line":31,"column":54}},"33":{"start":{"line":34,"column":0},"end":{"line":34,"column":43}},"34":{"start":{"line":35,"column":0},"end":{"line":35,"column":51}},"36":{"start":{"line":37,"column":0},"end":{"line":37,"column":43}},"37":{"start":{"line":38,"column":0},"end":{"line":38,"column":50}},"38":{"start":{"line":39,"column":0},"end":{"line":39,"column":27}},"39":{"start":{"line":40,"column":0},"end":{"line":40,"column":24}},"40":{"start":{"line":41,"column":0},"end":{"line":41,"column":53}},"41":{"start":{"line":42,"column":0},"end":{"line":42,"column":38}},"42":{"start":{"line":43,"column":0},"end":{"line":43,"column":6}},"45":{"start":{"line":46,"column":0},"end":{"line":46,"column":34}},"46":{"start":{"line":47,"column":0},"end":{"line":47,"column":35}},"47":{"start":{"line":48,"column":0},"end":{"line":48,"column":65}},"48":{"start":{"line":49,"column":0},"end":{"line":49,"column":5}},"49":{"start":{"line":50,"column":0},"end":{"line":50,"column":33}},"50":{"start":{"line":51,"column":0},"end":{"line":51,"column":62}},"51":{"start":{"line":52,"column":0},"end":{"line":52,"column":5}},"52":{"start":{"line":53,"column":0},"end":{"line":53,"column":17}},"54":{"start":{"line":55,"column":0},"end":{"line":55,"column":19}},"55":{"start":{"line":56,"column":0},"end":{"line":56,"column":20}},"56":{"start":{"line":57,"column":0},"end":{"line":57,"column":18}},"57":{"start":{"line":58,"column":0},"end":{"line":58,"column":91}},"58":{"start":{"line":59,"column":0},"end":{"line":59,"column":40}},"59":{"start":{"line":60,"column":0},"end":{"line":60,"column":9}},"60":{"start":{"line":61,"column":0},"end":{"line":61,"column":6}},"61":{"start":{"line":62,"column":0},"end":{"line":62,"column":22}},"64":{"start":{"line":65,"column":0},"end":{"line":65,"column":36}},"65":{"start":{"line":66,"column":0},"end":{"line":66,"column":28}},"66":{"start":{"line":67,"column":0},"end":{"line":67,"column":66}},"67":{"start":{"line":68,"column":0},"end":{"line":68,"column":5}},"68":{"start":{"line":69,"column":0},"end":{"line":69,"column":4}},"70":{"start":{"line":71,"column":0},"end":{"line":71,"column":19}},"71":{"start":{"line":72,"column":0},"end":{"line":72,"column":40}},"72":{"start":{"line":73,"column":0},"end":{"line":73,"column":54}},"73":{"start":{"line":74,"column":0},"end":{"line":74,"column":76}},"74":{"start":{"line":75,"column":0},"end":{"line":75,"column":5}},"75":{"start":{"line":76,"column":0},"end":{"line":76,"column":5}},"78":{"start":{"line":79,"column":0},"end":{"line":79,"column":35}},"79":{"start":{"line":80,"column":0},"end":{"line":80,"column":61}},"80":{"start":{"line":81,"column":0},"end":{"line":81,"column":4}},"82":{"start":{"line":83,"column":0},"end":{"line":83,"column":34}},"83":{"start":{"line":84,"column":0},"end":{"line":84,"column":87}},"84":{"start":{"line":85,"column":0},"end":{"line":85,"column":4}},"87":{"start":{"line":88,"column":0},"end":{"line":88,"column":35}},"88":{"start":{"line":89,"column":0},"end":{"line":89,"column":26}},"89":{"start":{"line":90,"column":0},"end":{"line":90,"column":30}},"90":{"start":{"line":91,"column":0},"end":{"line":91,"column":5}},"91":{"start":{"line":92,"column":0},"end":{"line":92,"column":4}},"93":{"start":{"line":94,"column":0},"end":{"line":94,"column":19}},"94":{"start":{"line":95,"column":0},"end":{"line":95,"column":58}},"95":{"start":{"line":96,"column":0},"end":{"line":96,"column":18}},"96":{"start":{"line":97,"column":0},"end":{"line":97,"column":32}},"97":{"start":{"line":98,"column":0},"end":{"line":98,"column":43}},"98":{"start":{"line":99,"column":0},"end":{"line":99,"column":7}},"99":{"start":{"line":100,"column":0},"end":{"line":100,"column":6}},"100":{"start":{"line":101,"column":0},"end":{"line":101,"column":5}},"103":{"start":{"line":104,"column":0},"end":{"line":104,"column":48}},"104":{"start":{"line":105,"column":0},"end":{"line":105,"column":71}},"105":{"start":{"line":106,"column":0},"end":{"line":106,"column":4}},"107":{"start":{"line":108,"column":0},"end":{"line":108,"column":22}},"108":{"start":{"line":109,"column":0},"end":{"line":109,"column":12}},"109":{"start":{"line":110,"column":0},"end":{"line":110,"column":10}},"110":{"start":{"line":111,"column":0},"end":{"line":111,"column":28}},"111":{"start":{"line":112,"column":0},"end":{"line":112,"column":62}},"112":{"start":{"line":113,"column":0},"end":{"line":113,"column":16}},"113":{"start":{"line":114,"column":0},"end":{"line":114,"column":38}},"114":{"start":{"line":115,"column":0},"end":{"line":115,"column":10}},"116":{"start":{"line":117,"column":0},"end":{"line":117,"column":116}},"117":{"start":{"line":118,"column":0},"end":{"line":118,"column":12}},"119":{"start":{"line":120,"column":0},"end":{"line":120,"column":97}},"121":{"start":{"line":122,"column":0},"end":{"line":122,"column":10}},"122":{"start":{"line":123,"column":0},"end":{"line":123,"column":8}},"123":{"start":{"line":124,"column":0},"end":{"line":124,"column":43}},"124":{"start":{"line":125,"column":0},"end":{"line":125,"column":14}},"125":{"start":{"line":126,"column":0},"end":{"line":126,"column":36}},"126":{"start":{"line":127,"column":0},"end":{"line":127,"column":8}},"128":{"start":{"line":129,"column":0},"end":{"line":129,"column":10}},"129":{"start":{"line":130,"column":0},"end":{"line":130,"column":23}},"130":{"start":{"line":131,"column":0},"end":{"line":131,"column":72}},"131":{"start":{"line":132,"column":0},"end":{"line":132,"column":33}},"133":{"start":{"line":134,"column":0},"end":{"line":134,"column":15}},"134":{"start":{"line":135,"column":0},"end":{"line":135,"column":31}},"135":{"start":{"line":136,"column":0},"end":{"line":136,"column":117}},"136":{"start":{"line":137,"column":0},"end":{"line":137,"column":99}},"137":{"start":{"line":138,"column":0},"end":{"line":138,"column":30}},"139":{"start":{"line":140,"column":0},"end":{"line":140,"column":61}},"140":{"start":{"line":141,"column":0},"end":{"line":141,"column":17}},"141":{"start":{"line":142,"column":0},"end":{"line":142,"column":15}},"142":{"start":{"line":143,"column":0},"end":{"line":143,"column":31}},"143":{"start":{"line":144,"column":0},"end":{"line":144,"column":23}},"144":{"start":{"line":145,"column":0},"end":{"line":145,"column":118}},"145":{"start":{"line":146,"column":0},"end":{"line":146,"column":99}},"146":{"start":{"line":147,"column":0},"end":{"line":147,"column":31}},"148":{"start":{"line":149,"column":0},"end":{"line":149,"column":64}},"149":{"start":{"line":150,"column":0},"end":{"line":150,"column":17}},"150":{"start":{"line":151,"column":0},"end":{"line":151,"column":12}},"151":{"start":{"line":152,"column":0},"end":{"line":152,"column":88}},"152":{"start":{"line":153,"column":0},"end":{"line":153,"column":88}},"154":{"start":{"line":155,"column":0},"end":{"line":155,"column":55}},"155":{"start":{"line":156,"column":0},"end":{"line":156,"column":16}},"156":{"start":{"line":157,"column":0},"end":{"line":157,"column":25}},"157":{"start":{"line":158,"column":0},"end":{"line":158,"column":134}},"158":{"start":{"line":159,"column":0},"end":{"line":159,"column":22}},"159":{"start":{"line":160,"column":0},"end":{"line":160,"column":87}},"160":{"start":{"line":161,"column":0},"end":{"line":161,"column":33}},"161":{"start":{"line":162,"column":0},"end":{"line":162,"column":16}},"162":{"start":{"line":163,"column":0},"end":{"line":163,"column":52}},"164":{"start":{"line":165,"column":0},"end":{"line":165,"column":30}},"165":{"start":{"line":166,"column":0},"end":{"line":166,"column":20}},"166":{"start":{"line":167,"column":0},"end":{"line":167,"column":62}},"167":{"start":{"line":168,"column":0},"end":{"line":168,"column":41}},"168":{"start":{"line":169,"column":0},"end":{"line":169,"column":33}},"169":{"start":{"line":170,"column":0},"end":{"line":170,"column":79}},"170":{"start":{"line":171,"column":0},"end":{"line":171,"column":18}},"172":{"start":{"line":173,"column":0},"end":{"line":173,"column":30}},"173":{"start":{"line":174,"column":0},"end":{"line":174,"column":62}},"174":{"start":{"line":175,"column":0},"end":{"line":175,"column":41}},"175":{"start":{"line":176,"column":0},"end":{"line":176,"column":32}},"176":{"start":{"line":177,"column":0},"end":{"line":177,"column":79}},"177":{"start":{"line":178,"column":0},"end":{"line":178,"column":18}},"179":{"start":{"line":180,"column":0},"end":{"line":180,"column":19}},"180":{"start":{"line":181,"column":0},"end":{"line":181,"column":63}},"181":{"start":{"line":182,"column":0},"end":{"line":182,"column":24}},"182":{"start":{"line":183,"column":0},"end":{"line":183,"column":88}},"183":{"start":{"line":184,"column":0},"end":{"line":184,"column":18}},"184":{"start":{"line":185,"column":0},"end":{"line":185,"column":22}},"185":{"start":{"line":186,"column":0},"end":{"line":186,"column":116}},"186":{"start":{"line":187,"column":0},"end":{"line":187,"column":95}},"187":{"start":{"line":188,"column":0},"end":{"line":188,"column":79}},"188":{"start":{"line":189,"column":0},"end":{"line":189,"column":26}},"189":{"start":{"line":190,"column":0},"end":{"line":190,"column":85}},"190":{"start":{"line":191,"column":0},"end":{"line":191,"column":50}},"191":{"start":{"line":192,"column":0},"end":{"line":192,"column":20}},"192":{"start":{"line":193,"column":0},"end":{"line":193,"column":34}},"193":{"start":{"line":194,"column":0},"end":{"line":194,"column":24}},"194":{"start":{"line":195,"column":0},"end":{"line":195,"column":63}},"195":{"start":{"line":196,"column":0},"end":{"line":196,"column":45}},"196":{"start":{"line":197,"column":0},"end":{"line":197,"column":37}},"197":{"start":{"line":198,"column":0},"end":{"line":198,"column":61}},"198":{"start":{"line":199,"column":0},"end":{"line":199,"column":22}},"200":{"start":{"line":201,"column":0},"end":{"line":201,"column":34}},"201":{"start":{"line":202,"column":0},"end":{"line":202,"column":63}},"202":{"start":{"line":203,"column":0},"end":{"line":203,"column":45}},"203":{"start":{"line":204,"column":0},"end":{"line":204,"column":36}},"204":{"start":{"line":205,"column":0},"end":{"line":205,"column":61}},"205":{"start":{"line":206,"column":0},"end":{"line":206,"column":22}},"207":{"start":{"line":208,"column":0},"end":{"line":208,"column":22}},"208":{"start":{"line":209,"column":0},"end":{"line":209,"column":38}},"209":{"start":{"line":210,"column":0},"end":{"line":210,"column":70}},"210":{"start":{"line":211,"column":0},"end":{"line":211,"column":46}},"211":{"start":{"line":212,"column":0},"end":{"line":212,"column":18}},"212":{"start":{"line":213,"column":0},"end":{"line":213,"column":106}},"213":{"start":{"line":214,"column":0},"end":{"line":214,"column":71}},"214":{"start":{"line":215,"column":0},"end":{"line":215,"column":93}},"215":{"start":{"line":216,"column":0},"end":{"line":216,"column":22}},"216":{"start":{"line":217,"column":0},"end":{"line":217,"column":20}},"217":{"start":{"line":218,"column":0},"end":{"line":218,"column":18}},"218":{"start":{"line":219,"column":0},"end":{"line":219,"column":13}},"219":{"start":{"line":220,"column":0},"end":{"line":220,"column":14}},"220":{"start":{"line":221,"column":0},"end":{"line":221,"column":12}},"222":{"start":{"line":223,"column":0},"end":{"line":223,"column":10}},"223":{"start":{"line":224,"column":0},"end":{"line":224,"column":96}},"224":{"start":{"line":225,"column":0},"end":{"line":225,"column":33}},"226":{"start":{"line":227,"column":0},"end":{"line":227,"column":68}},"227":{"start":{"line":228,"column":0},"end":{"line":228,"column":12}},"228":{"start":{"line":229,"column":0},"end":{"line":229,"column":99}},"229":{"start":{"line":230,"column":0},"end":{"line":230,"column":18}},"230":{"start":{"line":231,"column":0},"end":{"line":231,"column":80}},"231":{"start":{"line":232,"column":0},"end":{"line":232,"column":12}},"233":{"start":{"line":234,"column":0},"end":{"line":234,"column":14}},"234":{"start":{"line":235,"column":0},"end":{"line":235,"column":89}},"235":{"start":{"line":236,"column":0},"end":{"line":236,"column":20}},"236":{"start":{"line":237,"column":0},"end":{"line":237,"column":63}},"237":{"start":{"line":238,"column":0},"end":{"line":238,"column":14}},"239":{"start":{"line":240,"column":0},"end":{"line":240,"column":57}},"240":{"start":{"line":241,"column":0},"end":{"line":241,"column":18}},"241":{"start":{"line":242,"column":0},"end":{"line":242,"column":27}},"242":{"start":{"line":243,"column":0},"end":{"line":243,"column":84}},"243":{"start":{"line":244,"column":0},"end":{"line":244,"column":54}},"245":{"start":{"line":246,"column":0},"end":{"line":246,"column":31}},"246":{"start":{"line":247,"column":0},"end":{"line":247,"column":22}},"247":{"start":{"line":248,"column":0},"end":{"line":248,"column":61}},"248":{"start":{"line":249,"column":0},"end":{"line":249,"column":43}},"249":{"start":{"line":250,"column":0},"end":{"line":250,"column":35}},"250":{"start":{"line":251,"column":0},"end":{"line":251,"column":65}},"251":{"start":{"line":252,"column":0},"end":{"line":252,"column":20}},"253":{"start":{"line":254,"column":0},"end":{"line":254,"column":32}},"254":{"start":{"line":255,"column":0},"end":{"line":255,"column":61}},"255":{"start":{"line":256,"column":0},"end":{"line":256,"column":43}},"256":{"start":{"line":257,"column":0},"end":{"line":257,"column":34}},"257":{"start":{"line":258,"column":0},"end":{"line":258,"column":65}},"258":{"start":{"line":259,"column":0},"end":{"line":259,"column":20}},"260":{"start":{"line":261,"column":0},"end":{"line":261,"column":72}},"261":{"start":{"line":262,"column":0},"end":{"line":262,"column":40}},"262":{"start":{"line":263,"column":0},"end":{"line":263,"column":67}},"263":{"start":{"line":264,"column":0},"end":{"line":264,"column":48}},"264":{"start":{"line":265,"column":0},"end":{"line":265,"column":20}},"265":{"start":{"line":266,"column":0},"end":{"line":266,"column":91}},"266":{"start":{"line":267,"column":0},"end":{"line":267,"column":74}},"267":{"start":{"line":268,"column":0},"end":{"line":268,"column":95}},"268":{"start":{"line":269,"column":0},"end":{"line":269,"column":24}},"269":{"start":{"line":270,"column":0},"end":{"line":270,"column":22}},"270":{"start":{"line":271,"column":0},"end":{"line":271,"column":20}},"271":{"start":{"line":272,"column":0},"end":{"line":272,"column":15}},"272":{"start":{"line":273,"column":0},"end":{"line":273,"column":16}},"273":{"start":{"line":274,"column":0},"end":{"line":274,"column":14}},"274":{"start":{"line":275,"column":0},"end":{"line":275,"column":12}},"275":{"start":{"line":276,"column":0},"end":{"line":276,"column":10}},"277":{"start":{"line":278,"column":0},"end":{"line":278,"column":2}},"279":{"start":{"line":280,"column":0},"end":{"line":280,"column":23}}},"s":{"0":1,"1":1,"2":1,"3":1,"5":1,"6":1,"7":1,"8":1,"9":1,"10":1,"12":1,"13":13,"16":13,"17":13,"20":13,"21":13,"22":13,"25":13,"26":13,"27":13,"28":13,"29":13,"30":13,"33":13,"34":10,"36":4,"37":8,"38":8,"39":8,"40":8,"41":8,"42":8,"45":4,"46":10,"47":4,"48":4,"49":10,"50":4,"51":4,"52":13,"54":13,"55":10,"56":10,"57":10,"58":0,"59":10,"60":10,"61":13,"64":13,"65":0,"66":0,"67":0,"68":0,"70":13,"71":13,"72":6,"73":6,"74":6,"75":13,"78":13,"79":1,"80":1,"82":13,"83":1,"84":1,"87":13,"88":0,"89":0,"90":0,"91":0,"93":13,"94":13,"95":13,"96":13,"97":13,"98":13,"99":13,"100":13,"103":13,"104":1,"105":1,"107":13,"108":13,"109":6,"110":6,"111":6,"112":6,"113":6,"114":6,"116":6,"117":6,"119":13,"121":6,"122":6,"123":6,"124":6,"125":6,"126":6,"128":6,"129":6,"130":6,"131":6,"133":6,"134":6,"135":6,"136":13,"137":13,"139":13,"140":13,"141":13,"142":13,"143":13,"144":13,"145":13,"146":13,"148":13,"149":13,"150":13,"151":13,"152":13,"154":13,"155":12,"156":12,"157":12,"158":12,"159":12,"160":12,"161":12,"162":12,"164":12,"165":6,"166":6,"167":6,"168":6,"169":6,"170":6,"172":6,"173":6,"174":6,"175":6,"176":6,"177":6,"179":12,"180":12,"181":12,"182":12,"183":12,"184":12,"185":12,"186":12,"187":12,"188":12,"189":12,"190":12,"191":12,"192":12,"193":6,"194":6,"195":6,"196":6,"197":6,"198":6,"200":6,"201":6,"202":6,"203":6,"204":6,"205":6,"207":12,"208":12,"209":12,"210":12,"211":12,"212":12,"213":12,"214":12,"215":12,"216":12,"217":12,"218":13,"219":13,"220":13,"222":13,"223":13,"224":13,"226":13,"227":13,"228":13,"229":13,"230":13,"231":13,"233":13,"234":13,"235":13,"236":13,"237":13,"239":13,"240":12,"241":12,"242":12,"243":12,"245":12,"246":12,"247":12,"248":12,"249":12,"250":12,"251":12,"253":0,"254":0,"255":0,"256":0,"257":0,"258":0,"260":12,"261":12,"262":12,"263":12,"264":12,"265":12,"266":12,"267":12,"268":12,"269":12,"270":12,"271":13,"272":13,"273":13,"274":13,"275":13,"277":13,"279":1},"branchMap":{"0":{"type":"branch","line":13,"loc":{"start":{"line":13,"column":16},"end":{"line":278,"column":2}},"locations":[{"start":{"line":13,"column":16},"end":{"line":278,"column":2}}]},"1":{"type":"branch","line":31,"loc":{"start":{"line":31,"column":28},"end":{"line":31,"column":54}},"locations":[{"start":{"line":31,"column":28},"end":{"line":31,"column":54}}]},"2":{"type":"branch","line":109,"loc":{"start":{"line":109,"column":4},"end":{"line":118,"column":12}},"locations":[{"start":{"line":109,"column":4},"end":{"line":118,"column":12}}]},"3":{"type":"branch","line":118,"loc":{"start":{"line":118,"column":6},"end":{"line":120,"column":28}},"locations":[{"start":{"line":118,"column":6},"end":{"line":120,"column":28}}]},"4":{"type":"branch","line":120,"loc":{"start":{"line":120,"column":21},"end":{"line":120,"column":97}},"locations":[{"start":{"line":120,"column":21},"end":{"line":120,"column":97}}]},"5":{"type":"branch","line":120,"loc":{"start":{"line":120,"column":92},"end":{"line":137,"column":39}},"locations":[{"start":{"line":120,"column":92},"end":{"line":137,"column":39}}]},"6":{"type":"branch","line":137,"loc":{"start":{"line":137,"column":35},"end":{"line":137,"column":59}},"locations":[{"start":{"line":137,"column":35},"end":{"line":137,"column":59}}]},"7":{"type":"branch","line":137,"loc":{"start":{"line":137,"column":52},"end":{"line":137,"column":66}},"locations":[{"start":{"line":137,"column":52},"end":{"line":137,"column":66}}]},"8":{"type":"branch","line":146,"loc":{"start":{"line":146,"column":35},"end":{"line":146,"column":59}},"locations":[{"start":{"line":146,"column":35},"end":{"line":146,"column":59}}]},"9":{"type":"branch","line":146,"loc":{"start":{"line":146,"column":52},"end":{"line":146,"column":66}},"locations":[{"start":{"line":146,"column":52},"end":{"line":146,"column":66}}]},"10":{"type":"branch","line":155,"loc":{"start":{"line":155,"column":11},"end":{"line":155,"column":25}},"locations":[{"start":{"line":155,"column":11},"end":{"line":155,"column":25}}]},"11":{"type":"branch","line":240,"loc":{"start":{"line":240,"column":13},"end":{"line":240,"column":27}},"locations":[{"start":{"line":240,"column":13},"end":{"line":240,"column":27}}]},"12":{"type":"branch","line":34,"loc":{"start":{"line":34,"column":36},"end":{"line":53,"column":5}},"locations":[{"start":{"line":34,"column":36},"end":{"line":53,"column":5}}]},"13":{"type":"branch","line":35,"loc":{"start":{"line":35,"column":9},"end":{"line":35,"column":44}},"locations":[{"start":{"line":35,"column":9},"end":{"line":35,"column":44}}]},"14":{"type":"branch","line":35,"loc":{"start":{"line":35,"column":44},"end":{"line":35,"column":51}},"locations":[{"start":{"line":35,"column":44},"end":{"line":35,"column":51}}]},"15":{"type":"branch","line":35,"loc":{"start":{"line":35,"column":44},"end":{"line":47,"column":34}},"locations":[{"start":{"line":35,"column":44},"end":{"line":47,"column":34}}]},"16":{"type":"branch","line":47,"loc":{"start":{"line":47,"column":34},"end":{"line":50,"column":32}},"locations":[{"start":{"line":47,"column":34},"end":{"line":50,"column":32}}]},"17":{"type":"branch","line":50,"loc":{"start":{"line":50,"column":32},"end":{"line":52,"column":5}},"locations":[{"start":{"line":50,"column":32},"end":{"line":52,"column":5}}]},"18":{"type":"branch","line":37,"loc":{"start":{"line":37,"column":24},"end":{"line":43,"column":6}},"locations":[{"start":{"line":37,"column":24},"end":{"line":43,"column":6}}]},"19":{"type":"branch","line":55,"loc":{"start":{"line":55,"column":12},"end":{"line":62,"column":5}},"locations":[{"start":{"line":55,"column":12},"end":{"line":62,"column":5}}]},"20":{"type":"branch","line":57,"loc":{"start":{"line":57,"column":11},"end":{"line":61,"column":6}},"locations":[{"start":{"line":57,"column":11},"end":{"line":61,"column":6}}]},"21":{"type":"branch","line":71,"loc":{"start":{"line":71,"column":12},"end":{"line":76,"column":3}},"locations":[{"start":{"line":71,"column":12},"end":{"line":76,"column":3}}]},"22":{"type":"branch","line":72,"loc":{"start":{"line":72,"column":8},"end":{"line":72,"column":39}},"locations":[{"start":{"line":72,"column":8},"end":{"line":72,"column":39}}]},"23":{"type":"branch","line":72,"loc":{"start":{"line":72,"column":39},"end":{"line":75,"column":5}},"locations":[{"start":{"line":72,"column":39},"end":{"line":75,"column":5}}]},"24":{"type":"branch","line":74,"loc":{"start":{"line":74,"column":13},"end":{"line":74,"column":76}},"locations":[{"start":{"line":74,"column":13},"end":{"line":74,"column":76}}]},"25":{"type":"branch","line":79,"loc":{"start":{"line":79,"column":22},"end":{"line":81,"column":4}},"locations":[{"start":{"line":79,"column":22},"end":{"line":81,"column":4}}]},"26":{"type":"branch","line":80,"loc":{"start":{"line":80,"column":13},"end":{"line":80,"column":59}},"locations":[{"start":{"line":80,"column":13},"end":{"line":80,"column":59}}]},"27":{"type":"branch","line":80,"loc":{"start":{"line":80,"column":47},"end":{"line":80,"column":59}},"locations":[{"start":{"line":80,"column":47},"end":{"line":80,"column":59}}]},"28":{"type":"branch","line":83,"loc":{"start":{"line":83,"column":21},"end":{"line":85,"column":4}},"locations":[{"start":{"line":83,"column":21},"end":{"line":85,"column":4}}]},"29":{"type":"branch","line":84,"loc":{"start":{"line":84,"column":13},"end":{"line":84,"column":85}},"locations":[{"start":{"line":84,"column":13},"end":{"line":84,"column":85}}]},"30":{"type":"branch","line":84,"loc":{"start":{"line":84,"column":46},"end":{"line":84,"column":63}},"locations":[{"start":{"line":84,"column":46},"end":{"line":84,"column":63}}]},"31":{"type":"branch","line":84,"loc":{"start":{"line":84,"column":73},"end":{"line":84,"column":85}},"locations":[{"start":{"line":84,"column":73},"end":{"line":84,"column":85}}]},"32":{"type":"branch","line":94,"loc":{"start":{"line":94,"column":12},"end":{"line":101,"column":3}},"locations":[{"start":{"line":94,"column":12},"end":{"line":101,"column":3}}]},"33":{"type":"branch","line":96,"loc":{"start":{"line":96,"column":11},"end":{"line":100,"column":6}},"locations":[{"start":{"line":96,"column":11},"end":{"line":100,"column":6}}]},"34":{"type":"branch","line":104,"loc":{"start":{"line":104,"column":24},"end":{"line":106,"column":4}},"locations":[{"start":{"line":104,"column":24},"end":{"line":106,"column":4}}]},"35":{"type":"branch","line":155,"loc":{"start":{"line":155,"column":25},"end":{"line":218,"column":18}},"locations":[{"start":{"line":155,"column":25},"end":{"line":218,"column":18}}]},"36":{"type":"branch","line":165,"loc":{"start":{"line":165,"column":25},"end":{"line":171,"column":18}},"locations":[{"start":{"line":165,"column":25},"end":{"line":171,"column":18}}]},"37":{"type":"branch","line":171,"loc":{"start":{"line":171,"column":16},"end":{"line":178,"column":18}},"locations":[{"start":{"line":171,"column":16},"end":{"line":178,"column":18}}]},"38":{"type":"branch","line":193,"loc":{"start":{"line":193,"column":29},"end":{"line":199,"column":22}},"locations":[{"start":{"line":193,"column":29},"end":{"line":199,"column":22}}]},"39":{"type":"branch","line":199,"loc":{"start":{"line":199,"column":20},"end":{"line":206,"column":22}},"locations":[{"start":{"line":199,"column":20},"end":{"line":206,"column":22}}]},"40":{"type":"branch","line":163,"loc":{"start":{"line":163,"column":23},"end":{"line":163,"column":52}},"locations":[{"start":{"line":163,"column":23},"end":{"line":163,"column":52}}]},"41":{"type":"branch","line":240,"loc":{"start":{"line":240,"column":27},"end":{"line":271,"column":20}},"locations":[{"start":{"line":240,"column":27},"end":{"line":271,"column":20}}]},"42":{"type":"branch","line":252,"loc":{"start":{"line":252,"column":18},"end":{"line":259,"column":20}},"locations":[{"start":{"line":252,"column":18},"end":{"line":259,"column":20}}]}},"b":{"0":[13],"1":[6],"2":[6],"3":[7],"4":[1],"5":[6],"6":[0],"7":[6],"8":[0],"9":[6],"10":[6],"11":[6],"12":[10],"13":[4],"14":[6],"15":[4],"16":[4],"17":[4],"18":[8],"19":[10],"20":[10],"21":[13],"22":[6],"23":[6],"24":[6],"25":[1],"26":[1],"27":[0],"28":[1],"29":[1],"30":[0],"31":[0],"32":[13],"33":[13],"34":[1],"35":[12],"36":[6],"37":[6],"38":[6],"39":[6],"40":[1],"41":[12],"42":[0]},"fnMap":{"0":{"name":"Feature","decl":{"start":{"line":13,"column":16},"end":{"line":278,"column":2}},"loc":{"start":{"line":13,"column":16},"end":{"line":278,"column":2}},"line":13},"1":{"name":"preloadLink","decl":{"start":{"line":37,"column":24},"end":{"line":43,"column":6}},"loc":{"start":{"line":37,"column":24},"end":{"line":43,"column":6}},"line":37},"2":{"name":"handleResize","decl":{"start":{"line":65,"column":23},"end":{"line":69,"column":4}},"loc":{"start":{"line":65,"column":23},"end":{"line":69,"column":4}},"line":65},"3":{"name":"handleRight","decl":{"start":{"line":79,"column":22},"end":{"line":81,"column":4}},"loc":{"start":{"line":79,"column":22},"end":{"line":81,"column":4}},"line":79},"4":{"name":"handleLeft","decl":{"start":{"line":83,"column":21},"end":{"line":85,"column":4}},"loc":{"start":{"line":83,"column":21},"end":{"line":85,"column":4}},"line":83},"5":{"name":"handleClick","decl":{"start":{"line":88,"column":22},"end":{"line":92,"column":4}},"loc":{"start":{"line":88,"column":22},"end":{"line":92,"column":4}},"line":88},"6":{"name":"handleTrailer","decl":{"start":{"line":104,"column":24},"end":{"line":106,"column":4}},"loc":{"start":{"line":104,"column":24},"end":{"line":106,"column":4}},"line":104},"7":{"name":"onClick","decl":{"start":{"line":163,"column":23},"end":{"line":163,"column":52}},"loc":{"start":{"line":163,"column":23},"end":{"line":163,"column":52}},"line":163},"8":{"name":"onClick","decl":{"start":{"line":244,"column":25},"end":{"line":244,"column":54}},"loc":{"start":{"line":244,"column":25},"end":{"line":244,"column":54}},"line":244}},"f":{"0":13,"1":8,"2":0,"3":1,"4":1,"5":0,"6":1,"7":1,"8":0}}
,"D:\\Web_Dev\\IMDB-Clone\\frontend\\src\\components\\List.tsx": {"path":"D:\\Web_Dev\\IMDB-Clone\\frontend\\src\\components\\List.tsx","all":false,"statementMap":{"0":{"start":{"line":1,"column":0},"end":{"line":1,"column":54}},"1":{"start":{"line":2,"column":0},"end":{"line":2,"column":47}},"3":{"start":{"line":4,"column":0},"end":{"line":4,"column":42}},"4":{"start":{"line":5,"column":0},"end":{"line":5,"column":52}},"5":{"start":{"line":6,"column":0},"end":{"line":6,"column":64}},"6":{"start":{"line":7,"column":0},"end":{"line":7,"column":74}},"7":{"start":{"line":8,"column":0},"end":{"line":8,"column":48}},"22":{"start":{"line":23,"column":0},"end":{"line":23,"column":47}},"24":{"start":{"line":25,"column":0},"end":{"line":25,"column":45}},"25":{"start":{"line":26,"column":0},"end":{"line":26,"column":84}},"26":{"start":{"line":27,"column":0},"end":{"line":27,"column":35}},"29":{"start":{"line":30,"column":0},"end":{"line":30,"column":11}},"30":{"start":{"line":31,"column":0},"end":{"line":31,"column":26}},"31":{"start":{"line":32,"column":0},"end":{"line":32,"column":27}},"32":{"start":{"line":33,"column":0},"end":{"line":33,"column":23}},"33":{"start":{"line":34,"column":0},"end":{"line":34,"column":34}},"34":{"start":{"line":35,"column":0},"end":{"line":35,"column":33}},"35":{"start":{"line":36,"column":0},"end":{"line":36,"column":7}},"38":{"start":{"line":39,"column":0},"end":{"line":39,"column":67}},"39":{"start":{"line":40,"column":0},"end":{"line":40,"column":70}},"40":{"start":{"line":41,"column":0},"end":{"line":41,"column":58}},"41":{"start":{"line":42,"column":0},"end":{"line":42,"column":59}},"44":{"start":{"line":45,"column":0},"end":{"line":45,"column":42}},"45":{"start":{"line":46,"column":0},"end":{"line":46,"column":22}},"46":{"start":{"line":47,"column":0},"end":{"line":47,"column":31}},"47":{"start":{"line":48,"column":0},"end":{"line":48,"column":27}},"48":{"start":{"line":49,"column":0},"end":{"line":49,"column":30}},"49":{"start":{"line":50,"column":0},"end":{"line":50,"column":31}},"50":{"start":{"line":51,"column":0},"end":{"line":51,"column":26}},"51":{"start":{"line":52,"column":0},"end":{"line":52,"column":27}},"52":{"start":{"line":53,"column":0},"end":{"line":53,"column":26}},"53":{"start":{"line":54,"column":0},"end":{"line":54,"column":27}},"54":{"start":{"line":55,"column":0},"end":{"line":55,"column":16}},"55":{"start":{"line":56,"column":0},"end":{"line":56,"column":20}},"56":{"start":{"line":57,"column":0},"end":{"line":57,"column":7}},"57":{"start":{"line":58,"column":0},"end":{"line":58,"column":64}},"60":{"start":{"line":61,"column":0},"end":{"line":61,"column":43}},"61":{"start":{"line":62,"column":0},"end":{"line":62,"column":87}},"62":{"start":{"line":63,"column":0},"end":{"line":63,"column":6}},"65":{"start":{"line":66,"column":0},"end":{"line":66,"column":42}},"66":{"start":{"line":67,"column":0},"end":{"line":67,"column":57}},"67":{"start":{"line":68,"column":0},"end":{"line":68,"column":71}},"68":{"start":{"line":69,"column":0},"end":{"line":69,"column":59}},"69":{"start":{"line":70,"column":0},"end":{"line":70,"column":33}},"72":{"start":{"line":73,"column":0},"end":{"line":73,"column":44}},"73":{"start":{"line":74,"column":0},"end":{"line":74,"column":33}},"74":{"start":{"line":75,"column":0},"end":{"line":75,"column":69}},"75":{"start":{"line":76,"column":0},"end":{"line":76,"column":7}},"76":{"start":{"line":77,"column":0},"end":{"line":77,"column":33}},"78":{"start":{"line":79,"column":0},"end":{"line":79,"column":21}},"79":{"start":{"line":80,"column":0},"end":{"line":80,"column":33}},"80":{"start":{"line":81,"column":0},"end":{"line":81,"column":69}},"81":{"start":{"line":82,"column":0},"end":{"line":82,"column":7}},"82":{"start":{"line":83,"column":0},"end":{"line":83,"column":87}},"83":{"start":{"line":84,"column":0},"end":{"line":84,"column":57}},"84":{"start":{"line":85,"column":0},"end":{"line":85,"column":20}},"85":{"start":{"line":86,"column":0},"end":{"line":86,"column":62}},"86":{"start":{"line":87,"column":0},"end":{"line":87,"column":8}},"87":{"start":{"line":88,"column":0},"end":{"line":88,"column":47}},"90":{"start":{"line":91,"column":0},"end":{"line":91,"column":56}},"91":{"start":{"line":92,"column":0},"end":{"line":92,"column":34}},"92":{"start":{"line":93,"column":0},"end":{"line":93,"column":34}},"93":{"start":{"line":94,"column":0},"end":{"line":94,"column":30}},"94":{"start":{"line":95,"column":0},"end":{"line":95,"column":56}},"95":{"start":{"line":96,"column":0},"end":{"line":96,"column":8}},"96":{"start":{"line":97,"column":0},"end":{"line":97,"column":6}},"99":{"start":{"line":100,"column":0},"end":{"line":100,"column":33}},"100":{"start":{"line":101,"column":0},"end":{"line":101,"column":72}},"101":{"start":{"line":102,"column":0},"end":{"line":102,"column":34}},"102":{"start":{"line":103,"column":0},"end":{"line":103,"column":6}},"104":{"start":{"line":105,"column":0},"end":{"line":105,"column":30}},"105":{"start":{"line":106,"column":0},"end":{"line":106,"column":69}},"106":{"start":{"line":107,"column":0},"end":{"line":107,"column":34}},"107":{"start":{"line":108,"column":0},"end":{"line":108,"column":6}},"109":{"start":{"line":110,"column":0},"end":{"line":110,"column":31}},"110":{"start":{"line":111,"column":0},"end":{"line":111,"column":47}},"111":{"start":{"line":112,"column":0},"end":{"line":112,"column":6}},"114":{"start":{"line":115,"column":0},"end":{"line":115,"column":20}},"115":{"start":{"line":116,"column":0},"end":{"line":116,"column":14}},"116":{"start":{"line":117,"column":0},"end":{"line":117,"column":12}},"117":{"start":{"line":118,"column":0},"end":{"line":118,"column":23}},"118":{"start":{"line":119,"column":0},"end":{"line":119,"column":104}},"119":{"start":{"line":120,"column":0},"end":{"line":120,"column":15}},"122":{"start":{"line":123,"column":0},"end":{"line":123,"column":95}},"124":{"start":{"line":125,"column":0},"end":{"line":125,"column":12}},"125":{"start":{"line":126,"column":0},"end":{"line":126,"column":10}},"126":{"start":{"line":127,"column":0},"end":{"line":127,"column":26}},"127":{"start":{"line":128,"column":0},"end":{"line":128,"column":46}},"128":{"start":{"line":129,"column":0},"end":{"line":129,"column":35}},"129":{"start":{"line":130,"column":0},"end":{"line":130,"column":29}},"131":{"start":{"line":132,"column":0},"end":{"line":132,"column":92}},"132":{"start":{"line":133,"column":0},"end":{"line":133,"column":117}},"133":{"start":{"line":134,"column":0},"end":{"line":134,"column":24}},"134":{"start":{"line":135,"column":0},"end":{"line":135,"column":39}},"135":{"start":{"line":136,"column":0},"end":{"line":136,"column":28}},"136":{"start":{"line":137,"column":0},"end":{"line":137,"column":26}},"137":{"start":{"line":138,"column":0},"end":{"line":138,"column":50}},"138":{"start":{"line":139,"column":0},"end":{"line":139,"column":12}},"139":{"start":{"line":140,"column":0},"end":{"line":140,"column":30}},"140":{"start":{"line":141,"column":0},"end":{"line":141,"column":34}},"141":{"start":{"line":142,"column":0},"end":{"line":142,"column":91}},"142":{"start":{"line":143,"column":0},"end":{"line":143,"column":42}},"143":{"start":{"line":144,"column":0},"end":{"line":144,"column":14}},"145":{"start":{"line":146,"column":0},"end":{"line":146,"column":21}},"146":{"start":{"line":147,"column":0},"end":{"line":147,"column":91}},"147":{"start":{"line":148,"column":0},"end":{"line":148,"column":42}},"148":{"start":{"line":149,"column":0},"end":{"line":149,"column":14}},"150":{"start":{"line":151,"column":0},"end":{"line":151,"column":14}},"151":{"start":{"line":152,"column":0},"end":{"line":152,"column":13}},"152":{"start":{"line":153,"column":0},"end":{"line":153,"column":79}},"153":{"start":{"line":154,"column":0},"end":{"line":154,"column":85}},"154":{"start":{"line":155,"column":0},"end":{"line":155,"column":14}},"155":{"start":{"line":156,"column":0},"end":{"line":156,"column":12}},"157":{"start":{"line":158,"column":0},"end":{"line":158,"column":3}},"158":{"start":{"line":159,"column":0},"end":{"line":159,"column":2}},"160":{"start":{"line":161,"column":0},"end":{"line":161,"column":20}}},"s":{"0":1,"1":1,"3":1,"4":1,"5":1,"6":1,"7":1,"22":1,"24":1,"25":1,"26":7,"29":7,"30":7,"31":7,"32":7,"33":7,"34":7,"35":7,"38":7,"39":7,"40":7,"41":7,"44":7,"45":7,"46":7,"47":0,"48":7,"49":7,"50":7,"51":0,"52":7,"53":0,"54":7,"55":0,"56":7,"57":7,"60":7,"61":2,"62":2,"65":7,"66":7,"67":7,"68":7,"69":7,"72":7,"73":0,"74":0,"75":0,"76":7,"78":7,"79":4,"80":1,"81":1,"82":4,"83":4,"84":4,"85":4,"86":4,"87":7,"90":7,"91":4,"92":4,"93":0,"94":0,"95":0,"96":4,"99":7,"100":0,"101":0,"102":0,"104":7,"105":1,"106":1,"107":1,"109":7,"110":1,"111":1,"114":7,"115":7,"116":4,"117":4,"118":4,"119":4,"122":7,"124":2,"125":2,"126":2,"127":2,"128":2,"129":2,"131":2,"132":2,"133":2,"134":2,"135":2,"136":2,"137":2,"138":2,"139":7,"140":2,"141":2,"142":2,"143":2,"145":0,"146":0,"147":0,"148":0,"150":7,"151":7,"152":7,"153":7,"154":7,"155":7,"157":7,"158":1,"160":1},"branchMap":{"0":{"type":"branch","line":26,"loc":{"start":{"line":26,"column":2},"end":{"line":158,"column":3}},"locations":[{"start":{"line":26,"column":2},"end":{"line":158,"column":3}}]},"1":{"type":"branch","line":39,"loc":{"start":{"line":39,"column":31},"end":{"line":39,"column":64}},"locations":[{"start":{"line":39,"column":31},"end":{"line":39,"column":64}}]},"2":{"type":"branch","line":39,"loc":{"start":{"line":39,"column":46},"end":{"line":39,"column":67}},"locations":[{"start":{"line":39,"column":46},"end":{"line":39,"column":67}}]},"3":{"type":"branch","line":40,"loc":{"start":{"line":40,"column":35},"end":{"line":40,"column":67}},"locations":[{"start":{"line":40,"column":35},"end":{"line":40,"column":67}}]},"4":{"type":"branch","line":40,"loc":{"start":{"line":40,"column":50},"end":{"line":40,"column":70}},"locations":[{"start":{"line":40,"column":50},"end":{"line":40,"column":70}}]},"5":{"type":"branch","line":41,"loc":{"start":{"line":41,"column":28},"end":{"line":41,"column":55}},"locations":[{"start":{"line":41,"column":28},"end":{"line":41,"column":55}}]},"6":{"type":"branch","line":41,"loc":{"start":{"line":41,"column":43},"end":{"line":41,"column":58}},"locations":[{"start":{"line":41,"column":43},"end":{"line":41,"column":58}}]},"7":{"type":"branch","line":42,"loc":{"start":{"line":42,"column":28},"end":{"line":42,"column":56}},"locations":[{"start":{"line":42,"column":28},"end":{"line":42,"column":56}}]},"8":{"type":"branch","line":42,"loc":{"start":{"line":42,"column":43},"end":{"line":42,"column":59}},"locations":[{"start":{"line":42,"column":43},"end":{"line":42,"column":59}}]},"9":{"type":"branch","line":116,"loc":{"start":{"line":116,"column":6},"end":{"line":120,"column":15}},"locations":[{"start":{"line":116,"column":6},"end":{"line":120,"column":15}}]},"10":{"type":"branch","line":120,"loc":{"start":{"line":120,"column":9},"end":{"line":123,"column":26}},"locations":[{"start":{"line":120,"column":9},"end":{"line":123,"column":26}}]},"11":{"type":"branch","line":123,"loc":{"start":{"line":123,"column":19},"end":{"line":123,"column":95}},"locations":[{"start":{"line":123,"column":19},"end":{"line":123,"column":95}}]},"12":{"type":"branch","line":123,"loc":{"start":{"line":123,"column":88},"end":{"line":140,"column":19}},"locations":[{"start":{"line":123,"column":88},"end":{"line":140,"column":19}}]},"13":{"type":"branch","line":140,"loc":{"start":{"line":140,"column":11},"end":{"line":140,"column":30}},"locations":[{"start":{"line":140,"column":11},"end":{"line":140,"column":30}}]},"14":{"type":"branch","line":140,"loc":{"start":{"line":140,"column":19},"end":{"line":144,"column":14}},"locations":[{"start":{"line":140,"column":19},"end":{"line":144,"column":14}}]},"15":{"type":"branch","line":144,"loc":{"start":{"line":144,"column":12},"end":{"line":149,"column":14}},"locations":[{"start":{"line":144,"column":12},"end":{"line":149,"column":14}}]},"16":{"type":"branch","line":154,"loc":{"start":{"line":154,"column":11},"end":{"line":154,"column":85}},"locations":[{"start":{"line":154,"column":11},"end":{"line":154,"column":85}}]},"17":{"type":"branch","line":45,"loc":{"start":{"line":45,"column":35},"end":{"line":58,"column":7}},"locations":[{"start":{"line":45,"column":35},"end":{"line":58,"column":7}}]},"18":{"type":"branch","line":47,"loc":{"start":{"line":47,"column":8},"end":{"line":48,"column":27}},"locations":[{"start":{"line":47,"column":8},"end":{"line":48,"column":27}}]},"19":{"type":"branch","line":51,"loc":{"start":{"line":51,"column":8},"end":{"line":52,"column":27}},"locations":[{"start":{"line":51,"column":8},"end":{"line":52,"column":27}}]},"20":{"type":"branch","line":53,"loc":{"start":{"line":53,"column":8},"end":{"line":54,"column":27}},"locations":[{"start":{"line":53,"column":8},"end":{"line":54,"column":27}}]},"21":{"type":"branch","line":55,"loc":{"start":{"line":55,"column":8},"end":{"line":56,"column":20}},"locations":[{"start":{"line":55,"column":8},"end":{"line":56,"column":20}}]},"22":{"type":"branch","line":61,"loc":{"start":{"line":61,"column":24},"end":{"line":63,"column":6}},"locations":[{"start":{"line":61,"column":24},"end":{"line":63,"column":6}}]},"23":{"type":"branch","line":66,"loc":{"start":{"line":66,"column":35},"end":{"line":70,"column":7}},"locations":[{"start":{"line":66,"column":35},"end":{"line":70,"column":7}}]},"24":{"type":"branch","line":67,"loc":{"start":{"line":67,"column":54},"end":{"line":68,"column":51}},"locations":[{"start":{"line":67,"column":54},"end":{"line":68,"column":51}}]},"25":{"type":"branch","line":68,"loc":{"start":{"line":68,"column":34},"end":{"line":68,"column":71}},"locations":[{"start":{"line":68,"column":34},"end":{"line":68,"column":71}}]},"26":{"type":"branch","line":69,"loc":{"start":{"line":69,"column":13},"end":{"line":69,"column":56}},"locations":[{"start":{"line":69,"column":13},"end":{"line":69,"column":56}}]},"27":{"type":"branch","line":69,"loc":{"start":{"line":69,"column":51},"end":{"line":69,"column":59}},"locations":[{"start":{"line":69,"column":51},"end":{"line":69,"column":59}}]},"28":{"type":"branch","line":79,"loc":{"start":{"line":79,"column":14},"end":{"line":88,"column":7}},"locations":[{"start":{"line":79,"column":14},"end":{"line":88,"column":7}}]},"29":{"type":"branch","line":80,"loc":{"start":{"line":80,"column":32},"end":{"line":82,"column":7}},"locations":[{"start":{"line":80,"column":32},"end":{"line":82,"column":7}}]},"30":{"type":"branch","line":85,"loc":{"start":{"line":85,"column":13},"end":{"line":87,"column":8}},"locations":[{"start":{"line":85,"column":13},"end":{"line":87,"column":8}}]},"31":{"type":"branch","line":91,"loc":{"start":{"line":91,"column":21},"end":{"line":97,"column":6}},"locations":[{"start":{"line":91,"column":21},"end":{"line":97,"column":6}}]},"32":{"type":"branch","line":105,"loc":{"start":{"line":105,"column":23},"end":{"line":108,"column":6}},"locations":[{"start":{"line":105,"column":23},"end":{"line":108,"column":6}}]},"33":{"type":"branch","line":110,"loc":{"start":{"line":110,"column":24},"end":{"line":112,"column":6}},"locations":[{"start":{"line":110,"column":24},"end":{"line":112,"column":6}}]},"34":{"type":"branch","line":111,"loc":{"start":{"line":111,"column":27},"end":{"line":111,"column":47}},"locations":[{"start":{"line":111,"column":27},"end":{"line":111,"column":47}}]}},"b":{"0":[7],"1":[2],"2":[5],"3":[2],"4":[5],"5":[2],"6":[5],"7":[2],"8":[5],"9":[4],"10":[3],"11":[1],"12":[2],"13":[0],"14":[2],"15":[0],"16":[2],"17":[7],"18":[0],"19":[0],"20":[0],"21":[0],"22":[2],"23":[7],"24":[0],"25":[0],"26":[0],"27":[0],"28":[4],"29":[1],"30":[4],"31":[4],"32":[1],"33":[1],"34":[0]},"fnMap":{"0":{"name":"getImageUrl","decl":{"start":{"line":61,"column":24},"end":{"line":63,"column":6}},"loc":{"start":{"line":61,"column":24},"end":{"line":63,"column":6}},"line":61},"1":{"name":"debounce","decl":{"start":{"line":91,"column":21},"end":{"line":97,"column":6}},"loc":{"start":{"line":91,"column":21},"end":{"line":97,"column":6}},"line":91},"2":{"name":"handleTrailer","decl":{"start":{"line":100,"column":26},"end":{"line":103,"column":6}},"loc":{"start":{"line":100,"column":26},"end":{"line":103,"column":6}},"line":100},"3":{"name":"handleList","decl":{"start":{"line":105,"column":23},"end":{"line":108,"column":6}},"loc":{"start":{"line":105,"column":23},"end":{"line":108,"column":6}},"line":105},"4":{"name":"handleClick","decl":{"start":{"line":110,"column":24},"end":{"line":112,"column":6}},"loc":{"start":{"line":110,"column":24},"end":{"line":112,"column":6}},"line":110}},"f":{"0":2,"1":4,"2":0,"3":1,"4":1}}
,"D:\\Web_Dev\\IMDB-Clone\\frontend\\src\\components\\Lists.tsx": {"path":"D:\\Web_Dev\\IMDB-Clone\\frontend\\src\\components\\Lists.tsx","all":false,"statementMap":{"0":{"start":{"line":1,"column":0},"end":{"line":1,"column":72}},"2":{"start":{"line":3,"column":0},"end":{"line":3,"column":64}},"3":{"start":{"line":4,"column":0},"end":{"line":4,"column":70}},"6":{"start":{"line":7,"column":0},"end":{"line":7,"column":48}},"18":{"start":{"line":19,"column":0},"end":{"line":19,"column":91}},"21":{"start":{"line":22,"column":0},"end":{"line":22,"column":68}},"22":{"start":{"line":23,"column":0},"end":{"line":23,"column":42}},"23":{"start":{"line":24,"column":0},"end":{"line":24,"column":2}},"26":{"start":{"line":27,"column":0},"end":{"line":27,"column":72}},"27":{"start":{"line":28,"column":0},"end":{"line":28,"column":45}},"28":{"start":{"line":29,"column":0},"end":{"line":29,"column":2}},"30":{"start":{"line":31,"column":0},"end":{"line":31,"column":47}},"31":{"start":{"line":32,"column":0},"end":{"line":32,"column":56}},"32":{"start":{"line":33,"column":0},"end":{"line":33,"column":42}},"33":{"start":{"line":34,"column":0},"end":{"line":34,"column":54}},"36":{"start":{"line":37,"column":0},"end":{"line":37,"column":50}},"38":{"start":{"line":39,"column":0},"end":{"line":39,"column":21}},"39":{"start":{"line":40,"column":0},"end":{"line":40,"column":33}},"40":{"start":{"line":41,"column":0},"end":{"line":41,"column":81}},"41":{"start":{"line":42,"column":0},"end":{"line":42,"column":25}},"42":{"start":{"line":43,"column":0},"end":{"line":43,"column":71}},"43":{"start":{"line":44,"column":0},"end":{"line":44,"column":9}},"44":{"start":{"line":45,"column":0},"end":{"line":45,"column":7}},"45":{"start":{"line":46,"column":0},"end":{"line":46,"column":30}},"48":{"start":{"line":49,"column":0},"end":{"line":49,"column":57}},"49":{"start":{"line":50,"column":0},"end":{"line":50,"column":46}},"50":{"start":{"line":51,"column":0},"end":{"line":51,"column":11}},"52":{"start":{"line":53,"column":0},"end":{"line":53,"column":56}},"53":{"start":{"line":54,"column":0},"end":{"line":54,"column":55}},"54":{"start":{"line":55,"column":0},"end":{"line":55,"column":11}},"57":{"start":{"line":58,"column":0},"end":{"line":58,"column":52}},"59":{"start":{"line":60,"column":0},"end":{"line":60,"column":12}},"60":{"start":{"line":61,"column":0},"end":{"line":61,"column":43}},"61":{"start":{"line":62,"column":0},"end":{"line":62,"column":68}},"62":{"start":{"line":63,"column":0},"end":{"line":63,"column":70}},"64":{"start":{"line":65,"column":0},"end":{"line":65,"column":17}},"65":{"start":{"line":66,"column":0},"end":{"line":66,"column":33}},"66":{"start":{"line":67,"column":0},"end":{"line":67,"column":144}},"67":{"start":{"line":68,"column":0},"end":{"line":68,"column":53}},"68":{"start":{"line":69,"column":0},"end":{"line":69,"column":54}},"70":{"start":{"line":71,"column":0},"end":{"line":71,"column":63}},"71":{"start":{"line":72,"column":0},"end":{"line":72,"column":19}},"74":{"start":{"line":75,"column":0},"end":{"line":75,"column":17}},"75":{"start":{"line":76,"column":0},"end":{"line":76,"column":33}},"76":{"start":{"line":77,"column":0},"end":{"line":77,"column":145}},"77":{"start":{"line":78,"column":0},"end":{"line":78,"column":53}},"78":{"start":{"line":79,"column":0},"end":{"line":79,"column":55}},"80":{"start":{"line":81,"column":0},"end":{"line":81,"column":66}},"81":{"start":{"line":82,"column":0},"end":{"line":82,"column":19}},"84":{"start":{"line":85,"column":0},"end":{"line":85,"column":14}},"85":{"start":{"line":86,"column":0},"end":{"line":86,"column":30}},"86":{"start":{"line":87,"column":0},"end":{"line":87,"column":88}},"87":{"start":{"line":88,"column":0},"end":{"line":88,"column":20}},"88":{"start":{"line":89,"column":0},"end":{"line":89,"column":63}},"89":{"start":{"line":90,"column":0},"end":{"line":90,"column":14}},"91":{"start":{"line":92,"column":0},"end":{"line":92,"column":41}},"92":{"start":{"line":93,"column":0},"end":{"line":93,"column":36}},"93":{"start":{"line":94,"column":0},"end":{"line":94,"column":24}},"94":{"start":{"line":95,"column":0},"end":{"line":95,"column":23}},"95":{"start":{"line":96,"column":0},"end":{"line":96,"column":29}},"96":{"start":{"line":97,"column":0},"end":{"line":97,"column":35}},"97":{"start":{"line":98,"column":0},"end":{"line":98,"column":47}},"98":{"start":{"line":99,"column":0},"end":{"line":99,"column":43}},"99":{"start":{"line":100,"column":0},"end":{"line":100,"column":37}},"100":{"start":{"line":101,"column":0},"end":{"line":101,"column":38}},"101":{"start":{"line":102,"column":0},"end":{"line":102,"column":35}},"102":{"start":{"line":103,"column":0},"end":{"line":103,"column":20}},"104":{"start":{"line":105,"column":0},"end":{"line":105,"column":15}},"106":{"start":{"line":107,"column":0},"end":{"line":107,"column":34}},"107":{"start":{"line":108,"column":0},"end":{"line":108,"column":24}},"108":{"start":{"line":109,"column":0},"end":{"line":109,"column":23}},"109":{"start":{"line":110,"column":0},"end":{"line":110,"column":33}},"110":{"start":{"line":111,"column":0},"end":{"line":111,"column":35}},"111":{"start":{"line":112,"column":0},"end":{"line":112,"column":47}},"112":{"start":{"line":113,"column":0},"end":{"line":113,"column":43}},"113":{"start":{"line":114,"column":0},"end":{"line":114,"column":51}},"114":{"start":{"line":115,"column":0},"end":{"line":115,"column":31}},"115":{"start":{"line":116,"column":0},"end":{"line":116,"column":20}},"117":{"start":{"line":118,"column":0},"end":{"line":118,"column":15}},"120":{"start":{"line":121,"column":0},"end":{"line":121,"column":28}},"121":{"start":{"line":122,"column":0},"end":{"line":122,"column":24}},"122":{"start":{"line":123,"column":0},"end":{"line":123,"column":23}},"123":{"start":{"line":124,"column":0},"end":{"line":124,"column":29}},"124":{"start":{"line":125,"column":0},"end":{"line":125,"column":47}},"125":{"start":{"line":126,"column":0},"end":{"line":126,"column":43}},"126":{"start":{"line":127,"column":0},"end":{"line":127,"column":42}},"127":{"start":{"line":128,"column":0},"end":{"line":128,"column":37}},"128":{"start":{"line":129,"column":0},"end":{"line":129,"column":20}},"130":{"start":{"line":131,"column":0},"end":{"line":131,"column":15}},"131":{"start":{"line":132,"column":0},"end":{"line":132,"column":15}},"132":{"start":{"line":133,"column":0},"end":{"line":133,"column":16}},"133":{"start":{"line":134,"column":0},"end":{"line":134,"column":14}},"134":{"start":{"line":135,"column":0},"end":{"line":135,"column":12}},"136":{"start":{"line":137,"column":0},"end":{"line":137,"column":3}},"137":{"start":{"line":138,"column":0},"end":{"line":138,"column":2}},"139":{"start":{"line":140,"column":0},"end":{"line":140,"column":21}}},"s":{"0":1,"2":1,"3":1,"6":1,"18":1,"21":1,"22":28,"23":28,"26":1,"27":32,"28":32,"30":1,"31":1,"32":13,"33":13,"36":13,"38":13,"39":6,"40":6,"41":6,"42":5,"43":5,"44":6,"45":13,"48":13,"49":1,"50":13,"52":13,"53":1,"54":13,"57":13,"59":13,"60":13,"61":13,"62":13,"64":13,"65":13,"66":13,"67":13,"68":13,"70":13,"71":13,"74":13,"75":13,"76":13,"77":13,"78":13,"80":13,"81":13,"84":13,"85":13,"86":13,"87":13,"88":13,"89":13,"91":13,"92":32,"93":4,"94":4,"95":4,"96":4,"97":4,"98":4,"99":4,"100":4,"101":4,"102":4,"104":4,"106":32,"107":16,"108":16,"109":16,"110":16,"111":16,"112":16,"113":16,"114":16,"115":16,"117":16,"120":32,"121":8,"122":8,"123":8,"124":8,"125":8,"126":8,"127":8,"128":8,"130":8,"131":13,"132":13,"133":13,"134":13,"136":13,"137":1,"139":1},"branchMap":{"0":{"type":"branch","line":7,"loc":{"start":{"line":7,"column":24},"end":{"line":7,"column":48}},"locations":[{"start":{"line":7,"column":24},"end":{"line":7,"column":48}}]},"1":{"type":"branch","line":22,"loc":{"start":{"line":22,"column":16},"end":{"line":24,"column":2}},"locations":[{"start":{"line":22,"column":16},"end":{"line":24,"column":2}}]},"2":{"type":"branch","line":27,"loc":{"start":{"line":27,"column":18},"end":{"line":29,"column":2}},"locations":[{"start":{"line":27,"column":18},"end":{"line":29,"column":2}}]},"3":{"type":"branch","line":32,"loc":{"start":{"line":32,"column":2},"end":{"line":137,"column":3}},"locations":[{"start":{"line":32,"column":2},"end":{"line":137,"column":3}}]},"4":{"type":"branch","line":58,"loc":{"start":{"line":58,"column":20},"end":{"line":58,"column":45}},"locations":[{"start":{"line":58,"column":20},"end":{"line":58,"column":45}}]},"5":{"type":"branch","line":58,"loc":{"start":{"line":58,"column":37},"end":{"line":58,"column":52}},"locations":[{"start":{"line":58,"column":37},"end":{"line":58,"column":52}}]},"6":{"type":"branch","line":39,"loc":{"start":{"line":39,"column":14},"end":{"line":46,"column":7}},"locations":[{"start":{"line":39,"column":14},"end":{"line":46,"column":7}}]},"7":{"type":"branch","line":42,"loc":{"start":{"line":42,"column":24},"end":{"line":44,"column":9}},"locations":[{"start":{"line":42,"column":24},"end":{"line":44,"column":9}}]},"8":{"type":"branch","line":49,"loc":{"start":{"line":49,"column":36},"end":{"line":51,"column":7}},"locations":[{"start":{"line":49,"column":36},"end":{"line":51,"column":7}}]},"9":{"type":"branch","line":50,"loc":{"start":{"line":50,"column":15},"end":{"line":50,"column":44}},"locations":[{"start":{"line":50,"column":15},"end":{"line":50,"column":44}}]},"10":{"type":"branch","line":53,"loc":{"start":{"line":53,"column":35},"end":{"line":55,"column":7}},"locations":[{"start":{"line":53,"column":35},"end":{"line":55,"column":7}}]},"11":{"type":"branch","line":54,"loc":{"start":{"line":54,"column":15},"end":{"line":54,"column":53}},"locations":[{"start":{"line":54,"column":15},"end":{"line":54,"column":53}}]},"12":{"type":"branch","line":69,"loc":{"start":{"line":69,"column":21},"end":{"line":69,"column":54}},"locations":[{"start":{"line":69,"column":21},"end":{"line":69,"column":54}}]},"13":{"type":"branch","line":79,"loc":{"start":{"line":79,"column":21},"end":{"line":79,"column":55}},"locations":[{"start":{"line":79,"column":21},"end":{"line":79,"column":55}}]},"14":{"type":"branch","line":92,"loc":{"start":{"line":92,"column":25},"end":{"line":132,"column":13}},"locations":[{"start":{"line":92,"column":25},"end":{"line":132,"column":13}}]},"15":{"type":"branch","line":93,"loc":{"start":{"line":93,"column":35},"end":{"line":105,"column":15}},"locations":[{"start":{"line":93,"column":35},"end":{"line":105,"column":15}}]},"16":{"type":"branch","line":105,"loc":{"start":{"line":105,"column":14},"end":{"line":107,"column":33}},"locations":[{"start":{"line":105,"column":14},"end":{"line":107,"column":33}}]},"17":{"type":"branch","line":107,"loc":{"start":{"line":107,"column":33},"end":{"line":118,"column":15}},"locations":[{"start":{"line":107,"column":33},"end":{"line":118,"column":15}}]},"18":{"type":"branch","line":114,"loc":{"start":{"line":114,"column":32},"end":{"line":114,"column":51}},"locations":[{"start":{"line":114,"column":32},"end":{"line":114,"column":51}}]},"19":{"type":"branch","line":118,"loc":{"start":{"line":118,"column":14},"end":{"line":121,"column":27}},"locations":[{"start":{"line":118,"column":14},"end":{"line":121,"column":27}}]},"20":{"type":"branch","line":121,"loc":{"start":{"line":121,"column":27},"end":{"line":131,"column":15}},"locations":[{"start":{"line":121,"column":27},"end":{"line":131,"column":15}}]}},"b":{"0":[1],"1":[28],"2":[32],"3":[13],"4":[11],"5":[3],"6":[6],"7":[5],"8":[1],"9":[1],"10":[1],"11":[1],"12":[1],"13":[1],"14":[32],"15":[4],"16":[28],"17":[16],"18":[0],"19":[12],"20":[8]},"fnMap":{"0":{"name":"isMedia","decl":{"start":{"line":22,"column":16},"end":{"line":24,"column":2}},"loc":{"start":{"line":22,"column":16},"end":{"line":24,"column":2}},"line":22},"1":{"name":"isTrailer","decl":{"start":{"line":27,"column":18},"end":{"line":29,"column":2}},"loc":{"start":{"line":27,"column":18},"end":{"line":29,"column":2}},"line":27},"2":{"name":"onClick","decl":{"start":{"line":69,"column":21},"end":{"line":69,"column":54}},"loc":{"start":{"line":69,"column":21},"end":{"line":69,"column":54}},"line":69},"3":{"name":"onClick","decl":{"start":{"line":79,"column":21},"end":{"line":79,"column":55}},"loc":{"start":{"line":79,"column":21},"end":{"line":79,"column":55}},"line":79}},"f":{"0":28,"1":32,"2":1,"3":1}}
,"D:\\Web_Dev\\IMDB-Clone\\frontend\\src\\components\\MediaDetail.tsx": {"path":"D:\\Web_Dev\\IMDB-Clone\\frontend\\src\\components\\MediaDetail.tsx","all":false,"statementMap":{"0":{"start":{"line":1,"column":0},"end":{"line":1,"column":64}},"1":{"start":{"line":2,"column":0},"end":{"line":2,"column":60}},"2":{"start":{"line":3,"column":0},"end":{"line":3,"column":49}},"3":{"start":{"line":4,"column":0},"end":{"line":4,"column":56}},"4":{"start":{"line":5,"column":0},"end":{"line":5,"column":26}},"5":{"start":{"line":6,"column":0},"end":{"line":6,"column":39}},"6":{"start":{"line":7,"column":0},"end":{"line":7,"column":58}},"7":{"start":{"line":8,"column":0},"end":{"line":8,"column":48}},"8":{"start":{"line":9,"column":0},"end":{"line":9,"column":60}},"9":{"start":{"line":10,"column":0},"end":{"line":10,"column":74}},"10":{"start":{"line":11,"column":0},"end":{"line":11,"column":70}},"11":{"start":{"line":12,"column":0},"end":{"line":12,"column":74}},"12":{"start":{"line":13,"column":0},"end":{"line":13,"column":76}},"13":{"start":{"line":14,"column":0},"end":{"line":14,"column":46}},"14":{"start":{"line":15,"column":0},"end":{"line":15,"column":64}},"15":{"start":{"line":16,"column":0},"end":{"line":16,"column":50}},"16":{"start":{"line":17,"column":0},"end":{"line":17,"column":62}},"17":{"start":{"line":18,"column":0},"end":{"line":18,"column":50}},"18":{"start":{"line":19,"column":0},"end":{"line":19,"column":72}},"44":{"start":{"line":45,"column":0},"end":{"line":45,"column":28}},"45":{"start":{"line":46,"column":0},"end":{"line":46,"column":64}},"46":{"start":{"line":47,"column":0},"end":{"line":47,"column":45}},"49":{"start":{"line":50,"column":0},"end":{"line":50,"column":52}},"50":{"start":{"line":51,"column":0},"end":{"line":51,"column":58}},"66":{"start":{"line":67,"column":0},"end":{"line":67,"column":22}},"67":{"start":{"line":68,"column":0},"end":{"line":68,"column":28}},"68":{"start":{"line":69,"column":0},"end":{"line":69,"column":36}},"69":{"start":{"line":70,"column":0},"end":{"line":70,"column":36}},"70":{"start":{"line":71,"column":0},"end":{"line":71,"column":2}},"73":{"start":{"line":74,"column":0},"end":{"line":74,"column":63}},"75":{"start":{"line":76,"column":0},"end":{"line":76,"column":27}},"76":{"start":{"line":77,"column":0},"end":{"line":77,"column":29}},"77":{"start":{"line":78,"column":0},"end":{"line":78,"column":33}},"78":{"start":{"line":79,"column":0},"end":{"line":79,"column":33}},"81":{"start":{"line":82,"column":0},"end":{"line":82,"column":47}},"82":{"start":{"line":83,"column":0},"end":{"line":83,"column":63}},"83":{"start":{"line":84,"column":0},"end":{"line":84,"column":53}},"84":{"start":{"line":85,"column":0},"end":{"line":85,"column":61}},"85":{"start":{"line":86,"column":0},"end":{"line":86,"column":58}},"86":{"start":{"line":87,"column":0},"end":{"line":87,"column":74}},"87":{"start":{"line":88,"column":0},"end":{"line":88,"column":52}},"88":{"start":{"line":89,"column":0},"end":{"line":89,"column":48}},"89":{"start":{"line":90,"column":0},"end":{"line":90,"column":51}},"90":{"start":{"line":91,"column":0},"end":{"line":91,"column":72}},"93":{"start":{"line":94,"column":0},"end":{"line":94,"column":51}},"94":{"start":{"line":95,"column":0},"end":{"line":95,"column":47}},"95":{"start":{"line":96,"column":0},"end":{"line":96,"column":54}},"96":{"start":{"line":97,"column":0},"end":{"line":97,"column":50}},"97":{"start":{"line":98,"column":0},"end":{"line":98,"column":5}},"99":{"start":{"line":100,"column":0},"end":{"line":100,"column":19}},"100":{"start":{"line":101,"column":0},"end":{"line":101,"column":15}},"101":{"start":{"line":102,"column":0},"end":{"line":102,"column":60}},"102":{"start":{"line":103,"column":0},"end":{"line":103,"column":5}},"103":{"start":{"line":104,"column":0},"end":{"line":104,"column":13}},"106":{"start":{"line":107,"column":0},"end":{"line":107,"column":9}},"107":{"start":{"line":108,"column":0},"end":{"line":108,"column":20}},"108":{"start":{"line":109,"column":0},"end":{"line":109,"column":26}},"109":{"start":{"line":110,"column":0},"end":{"line":110,"column":22}},"110":{"start":{"line":111,"column":0},"end":{"line":111,"column":87}},"112":{"start":{"line":113,"column":0},"end":{"line":113,"column":9}},"113":{"start":{"line":114,"column":0},"end":{"line":114,"column":21}},"114":{"start":{"line":115,"column":0},"end":{"line":115,"column":27}},"115":{"start":{"line":116,"column":0},"end":{"line":116,"column":23}},"116":{"start":{"line":117,"column":0},"end":{"line":117,"column":28}},"117":{"start":{"line":118,"column":0},"end":{"line":118,"column":31}},"118":{"start":{"line":119,"column":0},"end":{"line":119,"column":5}},"121":{"start":{"line":122,"column":0},"end":{"line":122,"column":55}},"122":{"start":{"line":123,"column":0},"end":{"line":123,"column":49}},"123":{"start":{"line":124,"column":0},"end":{"line":124,"column":56}},"124":{"start":{"line":125,"column":0},"end":{"line":125,"column":50}},"125":{"start":{"line":126,"column":0},"end":{"line":126,"column":50}},"126":{"start":{"line":127,"column":0},"end":{"line":127,"column":55}},"127":{"start":{"line":128,"column":0},"end":{"line":128,"column":54}},"128":{"start":{"line":129,"column":0},"end":{"line":129,"column":50}},"129":{"start":{"line":130,"column":0},"end":{"line":130,"column":43}},"130":{"start":{"line":131,"column":0},"end":{"line":131,"column":43}},"131":{"start":{"line":132,"column":0},"end":{"line":132,"column":48}},"132":{"start":{"line":133,"column":0},"end":{"line":133,"column":49}},"135":{"start":{"line":136,"column":0},"end":{"line":136,"column":52}},"136":{"start":{"line":137,"column":0},"end":{"line":137,"column":89}},"137":{"start":{"line":138,"column":0},"end":{"line":138,"column":68}},"138":{"start":{"line":139,"column":0},"end":{"line":139,"column":18}},"139":{"start":{"line":140,"column":0},"end":{"line":140,"column":59}},"140":{"start":{"line":141,"column":0},"end":{"line":141,"column":52}},"141":{"start":{"line":142,"column":0},"end":{"line":142,"column":24}},"142":{"start":{"line":143,"column":0},"end":{"line":143,"column":10}},"143":{"start":{"line":144,"column":0},"end":{"line":144,"column":16}},"144":{"start":{"line":145,"column":0},"end":{"line":145,"column":14}},"145":{"start":{"line":146,"column":0},"end":{"line":146,"column":13}},"146":{"start":{"line":147,"column":0},"end":{"line":147,"column":8}},"147":{"start":{"line":148,"column":0},"end":{"line":148,"column":17}},"148":{"start":{"line":149,"column":0},"end":{"line":149,"column":22}},"150":{"start":{"line":151,"column":0},"end":{"line":151,"column":19}},"151":{"start":{"line":152,"column":0},"end":{"line":152,"column":21}},"153":{"start":{"line":154,"column":0},"end":{"line":154,"column":81}},"155":{"start":{"line":156,"column":0},"end":{"line":156,"column":28}},"156":{"start":{"line":157,"column":0},"end":{"line":157,"column":29}},"159":{"start":{"line":160,"column":0},"end":{"line":160,"column":86}},"160":{"start":{"line":161,"column":0},"end":{"line":161,"column":9}},"161":{"start":{"line":162,"column":0},"end":{"line":162,"column":31}},"162":{"start":{"line":163,"column":0},"end":{"line":163,"column":55}},"163":{"start":{"line":164,"column":0},"end":{"line":164,"column":57}},"166":{"start":{"line":167,"column":0},"end":{"line":167,"column":21}},"167":{"start":{"line":168,"column":0},"end":{"line":168,"column":63}},"168":{"start":{"line":169,"column":0},"end":{"line":169,"column":80}},"169":{"start":{"line":170,"column":0},"end":{"line":170,"column":12}},"172":{"start":{"line":173,"column":0},"end":{"line":173,"column":68}},"173":{"start":{"line":174,"column":0},"end":{"line":174,"column":51}},"174":{"start":{"line":175,"column":0},"end":{"line":175,"column":59}},"175":{"start":{"line":176,"column":0},"end":{"line":176,"column":96}},"177":{"start":{"line":178,"column":0},"end":{"line":178,"column":31}},"178":{"start":{"line":179,"column":0},"end":{"line":179,"column":20}},"179":{"start":{"line":180,"column":0},"end":{"line":180,"column":97}},"180":{"start":{"line":181,"column":0},"end":{"line":181,"column":13}},"181":{"start":{"line":182,"column":0},"end":{"line":182,"column":9}},"182":{"start":{"line":183,"column":0},"end":{"line":183,"column":7}},"183":{"start":{"line":184,"column":0},"end":{"line":184,"column":21}},"184":{"start":{"line":185,"column":0},"end":{"line":185,"column":60}},"185":{"start":{"line":186,"column":0},"end":{"line":186,"column":5}},"186":{"start":{"line":187,"column":0},"end":{"line":187,"column":4}},"188":{"start":{"line":189,"column":0},"end":{"line":189,"column":85}},"189":{"start":{"line":190,"column":0},"end":{"line":190,"column":38}},"190":{"start":{"line":191,"column":0},"end":{"line":191,"column":9}},"192":{"start":{"line":193,"column":0},"end":{"line":193,"column":19}},"193":{"start":{"line":194,"column":0},"end":{"line":194,"column":47}},"194":{"start":{"line":195,"column":0},"end":{"line":195,"column":59}},"195":{"start":{"line":196,"column":0},"end":{"line":196,"column":5}},"196":{"start":{"line":197,"column":0},"end":{"line":197,"column":63}},"199":{"start":{"line":200,"column":0},"end":{"line":200,"column":54}},"200":{"start":{"line":201,"column":0},"end":{"line":201,"column":37}},"201":{"start":{"line":202,"column":0},"end":{"line":202,"column":83}},"202":{"start":{"line":203,"column":0},"end":{"line":203,"column":80}},"203":{"start":{"line":204,"column":0},"end":{"line":204,"column":60}},"204":{"start":{"line":205,"column":0},"end":{"line":205,"column":71}},"205":{"start":{"line":206,"column":0},"end":{"line":206,"column":58}},"206":{"start":{"line":207,"column":0},"end":{"line":207,"column":68}},"207":{"start":{"line":208,"column":0},"end":{"line":208,"column":5}},"209":{"start":{"line":210,"column":0},"end":{"line":210,"column":18}},"210":{"start":{"line":211,"column":0},"end":{"line":211,"column":26}},"211":{"start":{"line":212,"column":0},"end":{"line":212,"column":5}},"212":{"start":{"line":213,"column":0},"end":{"line":213,"column":4}},"214":{"start":{"line":215,"column":0},"end":{"line":215,"column":19}},"215":{"start":{"line":216,"column":0},"end":{"line":216,"column":65}},"216":{"start":{"line":217,"column":0},"end":{"line":217,"column":37}},"217":{"start":{"line":218,"column":0},"end":{"line":218,"column":5}},"218":{"start":{"line":219,"column":0},"end":{"line":219,"column":62}},"221":{"start":{"line":222,"column":0},"end":{"line":222,"column":53}},"222":{"start":{"line":223,"column":0},"end":{"line":223,"column":51}},"223":{"start":{"line":224,"column":0},"end":{"line":224,"column":56}},"225":{"start":{"line":226,"column":0},"end":{"line":226,"column":25}},"226":{"start":{"line":227,"column":0},"end":{"line":227,"column":14}},"227":{"start":{"line":228,"column":0},"end":{"line":228,"column":13}},"228":{"start":{"line":229,"column":0},"end":{"line":229,"column":25}},"229":{"start":{"line":230,"column":0},"end":{"line":230,"column":19}},"230":{"start":{"line":231,"column":0},"end":{"line":231,"column":31}},"231":{"start":{"line":232,"column":0},"end":{"line":232,"column":8}},"232":{"start":{"line":233,"column":0},"end":{"line":233,"column":7}},"235":{"start":{"line":236,"column":0},"end":{"line":236,"column":52}},"236":{"start":{"line":237,"column":0},"end":{"line":237,"column":4}},"239":{"start":{"line":240,"column":0},"end":{"line":240,"column":50}},"240":{"start":{"line":241,"column":0},"end":{"line":241,"column":22}},"242":{"start":{"line":243,"column":0},"end":{"line":243,"column":46}},"244":{"start":{"line":245,"column":0},"end":{"line":245,"column":24}},"245":{"start":{"line":246,"column":0},"end":{"line":246,"column":14}},"246":{"start":{"line":247,"column":0},"end":{"line":247,"column":15}},"247":{"start":{"line":248,"column":0},"end":{"line":248,"column":28}},"248":{"start":{"line":249,"column":0},"end":{"line":249,"column":28}},"249":{"start":{"line":250,"column":0},"end":{"line":250,"column":8}},"250":{"start":{"line":251,"column":0},"end":{"line":251,"column":7}},"253":{"start":{"line":254,"column":0},"end":{"line":254,"column":52}},"254":{"start":{"line":255,"column":0},"end":{"line":255,"column":4}},"256":{"start":{"line":257,"column":0},"end":{"line":257,"column":40}},"257":{"start":{"line":258,"column":0},"end":{"line":258,"column":96}},"258":{"start":{"line":259,"column":0},"end":{"line":259,"column":13}},"260":{"start":{"line":261,"column":0},"end":{"line":261,"column":46}},"262":{"start":{"line":263,"column":0},"end":{"line":263,"column":24}},"263":{"start":{"line":264,"column":0},"end":{"line":264,"column":14}},"264":{"start":{"line":265,"column":0},"end":{"line":265,"column":40}},"265":{"start":{"line":266,"column":0},"end":{"line":266,"column":33}},"266":{"start":{"line":267,"column":0},"end":{"line":267,"column":32}},"267":{"start":{"line":268,"column":0},"end":{"line":268,"column":8}},"268":{"start":{"line":269,"column":0},"end":{"line":269,"column":7}},"271":{"start":{"line":272,"column":0},"end":{"line":272,"column":52}},"272":{"start":{"line":273,"column":0},"end":{"line":273,"column":4}},"275":{"start":{"line":276,"column":0},"end":{"line":276,"column":37}},"276":{"start":{"line":277,"column":0},"end":{"line":277,"column":52}},"277":{"start":{"line":278,"column":0},"end":{"line":278,"column":36}},"278":{"start":{"line":279,"column":0},"end":{"line":279,"column":31}},"279":{"start":{"line":280,"column":0},"end":{"line":280,"column":43}},"281":{"start":{"line":282,"column":0},"end":{"line":282,"column":26}},"282":{"start":{"line":283,"column":0},"end":{"line":283,"column":14}},"283":{"start":{"line":284,"column":0},"end":{"line":284,"column":18}},"284":{"start":{"line":285,"column":0},"end":{"line":285,"column":15}},"285":{"start":{"line":286,"column":0},"end":{"line":286,"column":15}},"286":{"start":{"line":287,"column":0},"end":{"line":287,"column":8}},"287":{"start":{"line":288,"column":0},"end":{"line":288,"column":7}},"290":{"start":{"line":291,"column":0},"end":{"line":291,"column":52}},"291":{"start":{"line":292,"column":0},"end":{"line":292,"column":4}},"294":{"start":{"line":295,"column":0},"end":{"line":295,"column":19}},"295":{"start":{"line":296,"column":0},"end":{"line":296,"column":25}},"296":{"start":{"line":297,"column":0},"end":{"line":297,"column":36}},"297":{"start":{"line":298,"column":0},"end":{"line":298,"column":45}},"298":{"start":{"line":299,"column":0},"end":{"line":299,"column":59}},"301":{"start":{"line":302,"column":0},"end":{"line":302,"column":99}},"302":{"start":{"line":303,"column":0},"end":{"line":303,"column":7}},"303":{"start":{"line":304,"column":0},"end":{"line":304,"column":15}},"306":{"start":{"line":307,"column":0},"end":{"line":307,"column":19}},"307":{"start":{"line":308,"column":0},"end":{"line":308,"column":58}},"308":{"start":{"line":309,"column":0},"end":{"line":309,"column":27}},"309":{"start":{"line":310,"column":0},"end":{"line":310,"column":30}},"310":{"start":{"line":311,"column":0},"end":{"line":311,"column":16}},"311":{"start":{"line":312,"column":0},"end":{"line":312,"column":73}},"312":{"start":{"line":313,"column":0},"end":{"line":313,"column":8}},"314":{"start":{"line":315,"column":0},"end":{"line":315,"column":46}},"315":{"start":{"line":316,"column":0},"end":{"line":316,"column":45}},"316":{"start":{"line":317,"column":0},"end":{"line":317,"column":59}},"319":{"start":{"line":320,"column":0},"end":{"line":320,"column":99}},"320":{"start":{"line":321,"column":0},"end":{"line":321,"column":7}},"321":{"start":{"line":322,"column":0},"end":{"line":322,"column":15}},"324":{"start":{"line":325,"column":0},"end":{"line":325,"column":19}},"325":{"start":{"line":326,"column":0},"end":{"line":326,"column":29}},"326":{"start":{"lin
[...]
d":{"line":104,"column":41}},"104":{"start":{"line":105,"column":0},"end":{"line":105,"column":28}},"106":{"start":{"line":107,"column":0},"end":{"line":107,"column":95}},"108":{"start":{"line":109,"column":0},"end":{"line":109,"column":69}},"109":{"start":{"line":110,"column":0},"end":{"line":110,"column":32}},"110":{"start":{"line":111,"column":0},"end":{"line":111,"column":65}},"111":{"start":{"line":112,"column":0},"end":{"line":112,"column":34}},"113":{"start":{"line":114,"column":0},"end":{"line":114,"column":64}},"114":{"start":{"line":115,"column":0},"end":{"line":115,"column":28}},"115":{"start":{"line":116,"column":0},"end":{"line":116,"column":5}},"117":{"start":{"line":118,"column":0},"end":{"line":118,"column":84}},"119":{"start":{"line":120,"column":0},"end":{"line":120,"column":40}},"120":{"start":{"line":121,"column":0},"end":{"line":121,"column":30}},"121":{"start":{"line":122,"column":0},"end":{"line":122,"column":33}},"122":{"start":{"line":123,"column":0},"end":{"line":123,"column":29}},"123":{"start":{"line":124,"column":0},"end":{"line":124,"column":38}},"124":{"start":{"line":125,"column":0},"end":{"line":125,"column":51}},"125":{"start":{"line":126,"column":0},"end":{"line":126,"column":29}},"126":{"start":{"line":127,"column":0},"end":{"line":127,"column":18}},"127":{"start":{"line":128,"column":0},"end":{"line":128,"column":45}},"128":{"start":{"line":129,"column":0},"end":{"line":129,"column":32}},"129":{"start":{"line":130,"column":0},"end":{"line":130,"column":11}},"130":{"start":{"line":131,"column":0},"end":{"line":131,"column":10}},"131":{"start":{"line":132,"column":0},"end":{"line":132,"column":27}},"132":{"start":{"line":133,"column":0},"end":{"line":133,"column":58}},"133":{"start":{"line":134,"column":0},"end":{"line":134,"column":10}},"134":{"start":{"line":135,"column":0},"end":{"line":135,"column":24}},"135":{"start":{"line":136,"column":0},"end":{"line":136,"column":35}},"136":{"start":{"line":137,"column":0},"end":{"line":137,"column":11}},"137":{"start":{"line":138,"column":0},"end":{"line":138,"column":5}},"138":{"start":{"line":139,"column":0},"end":{"line":139,"column":90}},"141":{"start":{"line":142,"column":0},"end":{"line":142,"column":19}},"142":{"start":{"line":143,"column":0},"end":{"line":143,"column":75}},"143":{"start":{"line":144,"column":0},"end":{"line":144,"column":83}},"145":{"start":{"line":146,"column":0},"end":{"line":146,"column":23}},"146":{"start":{"line":147,"column":0},"end":{"line":147,"column":31}},"147":{"start":{"line":148,"column":0},"end":{"line":148,"column":5}},"148":{"start":{"line":149,"column":0},"end":{"line":149,"column":32}},"151":{"start":{"line":152,"column":0},"end":{"line":152,"column":20}},"152":{"start":{"line":153,"column":0},"end":{"line":153,"column":12}},"153":{"start":{"line":154,"column":0},"end":{"line":154,"column":112}},"155":{"start":{"line":156,"column":0},"end":{"line":156,"column":98}},"157":{"start":{"line":158,"column":0},"end":{"line":158,"column":10}},"158":{"start":{"line":159,"column":0},"end":{"line":159,"column":30}},"159":{"start":{"line":160,"column":0},"end":{"line":160,"column":16}},"160":{"start":{"line":161,"column":0},"end":{"line":161,"column":93}},"161":{"start":{"line":162,"column":0},"end":{"line":162,"column":80}},"162":{"start":{"line":163,"column":0},"end":{"line":163,"column":15}},"163":{"start":{"line":164,"column":0},"end":{"line":164,"column":20}},"164":{"start":{"line":165,"column":0},"end":{"line":165,"column":134}},"166":{"start":{"line":167,"column":0},"end":{"line":167,"column":54}},"167":{"start":{"line":168,"column":0},"end":{"line":168,"column":17}},"168":{"start":{"line":169,"column":0},"end":{"line":169,"column":22}},"169":{"start":{"line":170,"column":0},"end":{"line":170,"column":69}},"170":{"start":{"line":171,"column":0},"end":{"line":171,"column":26}},"171":{"start":{"line":172,"column":0},"end":{"line":172,"column":27}},"172":{"start":{"line":173,"column":0},"end":{"line":173,"column":27}},"173":{"start":{"line":174,"column":0},"end":{"line":174,"column":27}},"174":{"start":{"line":175,"column":0},"end":{"line":175,"column":12}},"175":{"start":{"line":176,"column":0},"end":{"line":176,"column":14}},"176":{"start":{"line":177,"column":0},"end":{"line":177,"column":86}},"177":{"start":{"line":178,"column":0},"end":{"line":178,"column":79}},"178":{"start":{"line":179,"column":0},"end":{"line":179,"column":96}},"179":{"start":{"line":180,"column":0},"end":{"line":180,"column":116}},"180":{"start":{"line":181,"column":0},"end":{"line":181,"column":22}},"181":{"start":{"line":182,"column":0},"end":{"line":182,"column":71}},"182":{"start":{"line":183,"column":0},"end":{"line":183,"column":46}},"183":{"start":{"line":184,"column":0},"end":{"line":184,"column":16}},"184":{"start":{"line":185,"column":0},"end":{"line":185,"column":28}},"185":{"start":{"line":186,"column":0},"end":{"line":186,"column":86}},"186":{"start":{"line":187,"column":0},"end":{"line":187,"column":30}},"187":{"start":{"line":188,"column":0},"end":{"line":188,"column":21}},"188":{"start":{"line":189,"column":0},"end":{"line":189,"column":98}},"189":{"start":{"line":190,"column":0},"end":{"line":190,"column":36}},"190":{"start":{"line":191,"column":0},"end":{"line":191,"column":38}},"192":{"start":{"line":193,"column":0},"end":{"line":193,"column":54}},"193":{"start":{"line":194,"column":0},"end":{"line":194,"column":16}},"194":{"start":{"line":195,"column":0},"end":{"line":195,"column":18}},"195":{"start":{"line":196,"column":0},"end":{"line":196,"column":63}},"196":{"start":{"line":197,"column":0},"end":{"line":197,"column":18}},"197":{"start":{"line":198,"column":0},"end":{"line":198,"column":97}},"198":{"start":{"line":199,"column":0},"end":{"line":199,"column":51}},"199":{"start":{"line":200,"column":0},"end":{"line":200,"column":50}},"200":{"start":{"line":201,"column":0},"end":{"line":201,"column":19}},"201":{"start":{"line":202,"column":0},"end":{"line":202,"column":87}},"202":{"start":{"line":203,"column":0},"end":{"line":203,"column":59}},"203":{"start":{"line":204,"column":0},"end":{"line":204,"column":40}},"204":{"start":{"line":205,"column":0},"end":{"line":205,"column":19}},"205":{"start":{"line":206,"column":0},"end":{"line":206,"column":20}},"206":{"start":{"line":207,"column":0},"end":{"line":207,"column":18}},"207":{"start":{"line":208,"column":0},"end":{"line":208,"column":73}},"208":{"start":{"line":209,"column":0},"end":{"line":209,"column":16}},"209":{"start":{"line":210,"column":0},"end":{"line":210,"column":15}},"210":{"start":{"line":211,"column":0},"end":{"line":211,"column":85}},"211":{"start":{"line":212,"column":0},"end":{"line":212,"column":86}},"212":{"start":{"line":213,"column":0},"end":{"line":213,"column":16}},"213":{"start":{"line":214,"column":0},"end":{"line":214,"column":14}},"214":{"start":{"line":215,"column":0},"end":{"line":215,"column":12}},"215":{"start":{"line":216,"column":0},"end":{"line":216,"column":21}},"216":{"start":{"line":217,"column":0},"end":{"line":217,"column":10}},"217":{"start":{"line":218,"column":0},"end":{"line":218,"column":75}},"218":{"start":{"line":219,"column":0},"end":{"line":219,"column":88}},"219":{"start":{"line":220,"column":0},"end":{"line":220,"column":18}},"220":{"start":{"line":221,"column":0},"end":{"line":221,"column":36}},"221":{"start":{"line":222,"column":0},"end":{"line":222,"column":29}},"222":{"start":{"line":223,"column":0},"end":{"line":223,"column":82}},"223":{"start":{"line":224,"column":0},"end":{"line":224,"column":70}},"224":{"start":{"line":225,"column":0},"end":{"line":225,"column":14}},"226":{"start":{"line":227,"column":0},"end":{"line":227,"column":11}},"228":{"start":{"line":229,"column":0},"end":{"line":229,"column":93}},"230":{"start":{"line":231,"column":0},"end":{"line":231,"column":10}},"232":{"start":{"line":233,"column":0},"end":{"line":233,"column":2}},"234":{"start":{"line":235,"column":0},"end":{"line":235,"column":22}}},"s":{"0":1,"1":1,"2":1,"4":1,"5":1,"6":1,"7":1,"8":1,"9":1,"10":1,"11":1,"14":1,"15":1,"18":1,"20":1,"21":22,"24":22,"25":22,"26":22,"27":22,"28":22,"29":22,"32":22,"33":4,"34":4,"35":4,"36":4,"37":0,"38":0,"39":22,"41":22,"42":22,"43":22,"46":22,"47":4,"48":4,"49":4,"50":4,"51":22,"54":22,"55":22,"56":22,"57":22,"58":22,"59":22,"60":22,"62":22,"63":22,"65":22,"66":22,"67":22,"68":22,"71":22,"72":22,"73":15,"74":15,"75":2,"76":2,"77":2,"78":2,"79":0,"80":0,"81":15,"82":15,"83":22,"84":22,"86":22,"87":22,"88":0,"89":0,"90":0,"91":0,"92":0,"93":0,"94":0,"95":0,"96":0,"97":0,"98":22,"99":22,"102":22,"103":15,"104":15,"106":15,"108":15,"109":15,"110":15,"111":15,"113":15,"114":3,"115":3,"117":15,"119":15,"120":15,"121":15,"122":15,"123":2,"124":2,"125":2,"126":2,"127":0,"128":0,"129":0,"130":15,"131":15,"132":0,"133":15,"134":15,"135":2,"136":15,"137":15,"138":22,"141":22,"142":4,"143":4,"145":4,"146":0,"147":0,"148":22,"151":22,"152":22,"153":12,"155":22,"157":8,"158":8,"159":8,"160":8,"161":8,"162":8,"163":8,"164":8,"166":8,"167":8,"168":8,"169":22,"170":22,"171":22,"172":22,"173":22,"174":22,"175":22,"176":22,"177":22,"178":22,"179":22,"180":22,"181":22,"182":22,"183":22,"184":22,"185":22,"186":22,"187":22,"188":22,"189":8,"190":0,"192":22,"193":22,"194":22,"195":22,"196":22,"197":22,"198":8,"199":0,"200":22,"201":22,"202":22,"203":8,"204":22,"205":22,"206":22,"207":22,"208":22,"209":22,"210":22,"211":22,"212":22,"213":22,"214":22,"215":22,"216":0,"217":0,"218":0,"219":0,"220":0,"221":0,"222":0,"223":0,"224":0,"226":0,"228":8,"230":22,"232":22,"234":1},"branchMap":{"0":{"type":"branch","line":15,"loc":{"start":{"line":15,"column":26},"end":{"line":15,"column":64}},"locations":[{"start":{"line":15,"column":26},"end":{"line":15,"column":64}}]},"1":{"type":"branch","line":16,"loc":{"start":{"line":16,"column":25},"end":{"line":16,"column":62}},"locations":[{"start":{"line":16,"column":25},"end":{"line":16,"column":62}}]},"2":{"type":"branch","line":21,"loc":{"start":{"line":21,"column":15},"end":{"line":233,"column":2}},"locations":[{"start":{"line":21,"column":15},"end":{"line":233,"column":2}}]},"3":{"type":"branch","line":66,"loc":{"start":{"line":66,"column":31},"end":{"line":66,"column":58}},"locations":[{"start":{"line":66,"column":31},"end":{"line":66,"column":58}}]},"4":{"type":"branch","line":66,"loc":{"start":{"line":66,"column":43},"end":{"line":66,"column":61}},"locations":[{"start":{"line":66,"column":43},"end":{"line":66,"column":61}}]},"5":{"type":"branch","line":67,"loc":{"start":{"line":67,"column":28},"end":{"line":67,"column":52}},"locations":[{"start":{"line":67,"column":28},"end":{"line":67,"column":52}}]},"6":{"type":"branch","line":67,"loc":{"start":{"line":67,"column":40},"end":{"line":67,"column":55}},"locations":[{"start":{"line":67,"column":40},"end":{"line":67,"column":55}}]},"7":{"type":"branch","line":153,"loc":{"start":{"line":153,"column":4},"end":{"line":154,"column":112}},"locations":[{"start":{"line":153,"column":4},"end":{"line":154,"column":112}}]},"8":{"type":"branch","line":154,"loc":{"start":{"line":154,"column":106},"end":{"line":156,"column":26}},"locations":[{"start":{"line":154,"column":106},"end":{"line":156,"column":26}}]},"9":{"type":"branch","line":156,"loc":{"start":{"line":156,"column":19},"end":{"line":156,"column":98}},"locations":[{"start":{"line":156,"column":19},"end":{"line":156,"column":98}}]},"10":{"type":"branch","line":156,"loc":{"start":{"line":156,"column":91},"end":{"line":170,"column":54}},"locations":[{"start":{"line":156,"column":91},"end":{"line":170,"column":54}}]},"11":{"type":"branch","line":170,"loc":{"start":{"line":170,"column":44},"end":{"line":170,"column":66}},"locations":[{"start":{"line":170,"column":44},"end":{"line":170,"column":66}}]},"12":{"type":"branch","line":186,"loc":{"start":{"line":186,"column":33},"end":{"line":186,"column":54}},"locations":[{"start":{"line":186,"column":33},"end":{"line":186,"column":54}}]},"13":{"type":"branch","line":186,"loc":{"start":{"line":186,"column":39},"end":{"line":186,"column":78}},"locations":[{"start":{"line":186,"column":39},"end":{"line":186,"column":78}}]},"14":{"type":"branch","line":189,"loc":{"start":{"line":189,"column":18},"end":{"line":189,"column":39}},"locations":[{"start":{"line":189,"column":18},"end":{"line":189,"column":39}}]},"15":{"type":"branch","line":189,"loc":{"start":{"line":189,"column":39},"end":{"line":189,"column":98}},"locations":[{"start":{"line":189,"column":39},"end":{"line":189,"column":98}}]},"16":{"type":"branch","line":189,"loc":{"start":{"line":189,"column":90},"end":{"line":190,"column":36}},"locations":[{"start":{"line":189,"column":90},"end":{"line":190,"column":36}}]},"17":{"type":"branch","line":190,"loc":{"start":{"line":190,"column":22},"end":{"line":191,"column":38}},"locations":[{"start":{"line":190,"column":22},"end":{"line":191,"column":38}}]},"18":{"type":"branch","line":198,"loc":{"start":{"line":198,"column":17},"end":{"line":198,"column":38}},"locations":[{"start":{"line":198,"column":17},"end":{"line":198,"column":38}}]},"19":{"type":"branch","line":198,"loc":{"start":{"line":198,"column":38},"end":{"line":198,"column":97}},"locations":[{"start":{"line":198,"column":38},"end":{"line":198,"column":97}}]},"20":{"type":"branch","line":198,"loc":{"start":{"line":198,"column":89},"end":{"line":199,"column":51}},"locations":[{"start":{"line":198,"column":89},"end":{"line":199,"column":51}}]},"21":{"type":"branch","line":199,"loc":{"start":{"line":199,"column":26},"end":{"line":199,"column":51}},"locations":[{"start":{"line":199,"column":26},"end":{"line":199,"column":51}}]},"22":{"type":"branch","line":199,"loc":{"start":{"line":199,"column":46},"end":{"line":200,"column":50}},"locations":[{"start":{"line":199,"column":46},"end":{"line":200,"column":50}}]},"23":{"type":"branch","line":211,"loc":{"start":{"line":211,"column":53},"end":{"line":211,"column":70}},"locations":[{"start":{"line":211,"column":53},"end":{"line":211,"column":70}}]},"24":{"type":"branch","line":211,"loc":{"start":{"line":211,"column":62},"end":{"line":211,"column":80}},"locations":[{"start":{"line":211,"column":62},"end":{"line":211,"column":80}}]},"25":{"type":"branch","line":212,"loc":{"start":{"line":212,"column":43},"end":{"line":212,"column":61}},"locations":[{"start":{"line":212,"column":43},"end":{"line":212,"column":61}}]},"26":{"type":"branch","line":212,"loc":{"start":{"line":212,"column":49},"end":{"line":212,"column":81}},"locations":[{"start":{"line":212,"column":49},"end":{"line":212,"column":81}}]},"27":{"type":"branch","line":216,"loc":{"start":{"line":216,"column":8},"end":{"line":227,"column":11}},"locations":[{"start":{"line":216,"column":8},"end":{"line":227,"column":11}}]},"28":{"type":"branch","line":227,"loc":{"start":{"line":227,"column":8},"end":{"line":229,"column":93}},"locations":[{"start":{"line":227,"column":8},"end":{"line":229,"column":93}}]},"29":{"type":"branch","line":33,"loc":{"start":{"line":33,"column":59},"end":{"line":40,"column":3}},"locations":[{"start":{"line":33,"column":59},"end":{"line":40,"column":3}}]},"30":{"type":"branch","line":36,"loc":{"start":{"line":36,"column":13},"end":{"line":36,"column":49}},"locations":[{"start":{"line":36,"column":13},"end":{"line":36,"column":49}}]},"31":{"type":"branch","line":37,"loc":{"start":{"line":37,"column":4},"end":{"line":39,"column":5}},"locations":[{"start":{"line":37,"column":4},"end":{"line":39,"column":5}}]},"32":{"type":"branch","line":47,"loc":{"start":{"line":47,"column":12},"end":{"line":52,"column":5}},"locations":[{"start":{"line":47,"column":12},"end":{"line":52,"column":5}}]},"33":{"type":"branch","line":73,"loc":{"start":{"line":73,"column":4},"end":{"line":83,"column":9}},"locations":[{"start":{"line":73,"column":4},"end":{"line":83,"column":9}}]},"34":{"type":"branch","line":74,"loc":{"start":{"line":74,"column":23},"end":{"line":83,"column":7}},"locations":[{"start":{"line":74,"column":23},"end":{"line":83,"column":7}}]},"35":{"type":"branch","line":75,"loc":{"start":{"line":75,"column":17},"end":{"line":82,"column":11}},"locations":[{"start":{"line":75,"column":17},"end":{"line":82,"column":11}}]},"36":{"type":"branch","line":79,"loc":{"start":{"line":79,"column":10},"end":{"line":81,"column":11}},"locations":[{"start":{"line":79,"column":10},"end":{"line":81,"column":11}}]},"37":{"type":"branch","line":103,"loc":{"start":{"line":103,"column":12},"end":{"line":139,"column":5}},"locations":[{"start":{"line":103,"column":12},"end":{"line":139,"column":5}}]},"38":{"type":"branch","line":104,"loc":{"start":{"line":104,"column":23},"end":{"line":104,"column":41}},"locations":[{"start":{"line":104,"column":23},"end":{"line":104,"column":41}}]},"39":{"type":"branch","line":105,"loc":{"start":{"line":105,"column":21},"end":{"line":105,"column":28}},"locations":[{"start":{"line":105,"column":21},"end":{"line":105,"column":28}}]},"40":{"type":"branch","line":107,"loc":{"start":{"line":107,"column":33},"end":{"line":107,"column":95}},"locations":[{"start":{"line":107,"column":33},"end":{"line":107,"column":95}}]},"41":{"type":"branch","line":109,"loc":{"start":{"line":109,"column":46},"end":{"line":109,"column":69}},"locations":[{"start":{"line":109,"column":46},"end":{"line":109,"column":69}}]},"42":{"type":"branch","line":114,"loc":{"start":{"line":114,"column":63},"end":{"line":116,"column":5}},"locations":[{"start":{"line":114,"column":63},"end":{"line":116,"column":5}}]},"43":{"type":"branch","line":118,"loc":{"start":{"line":118,"column":49},"end":{"line":118,"column":84}},"locations":[{"start":{"line":118,"column":49},"end":{"line":118,"column":84}}]},"44":{"type":"branch","line":111,"loc":{"start":{"line":111,"column":14},"end":{"line":111,"column":64}},"locations":[{"start":{"line":111,"column":14},"end":{"line":111,"column":64}}]},"45":{"type":"branch","line":112,"loc":{"start":{"line":112,"column":11},"end":{"line":112,"column":32}},"locations":[{"start":{"line":112,"column":11},"end":{"line":112,"column":32}}]},"46":{"type":"branch","line":123,"loc":{"start":{"line":123,"column":14},"end":{"line":131,"column":9}},"locations":[{"start":{"line":123,"column":14},"end":{"line":131,"column":9}}]},"47":{"type":"branch","line":127,"loc":{"start":{"line":127,"column":10},"end":{"line":130,"column":11}},"locations":[{"start":{"line":127,"column":10},"end":{"line":130,"column":11}}]},"48":{"type":"branch","line":135,"loc":{"start":{"line":135,"column":17},"end":{"line":137,"column":9}},"locations":[{"start":{"line":135,"column":17},"end":{"line":137,"column":9}}]},"49":{"type":"branch","line":142,"loc":{"start":{"line":142,"column":12},"end":{"line":149,"column":5}},"locations":[{"start":{"line":142,"column":12},"end":{"line":149,"column":5}}]},"50":{"type":"branch","line":143,"loc":{"start":{"line":143,"column":46},"end":{"line":143,"column":65}},"locations":[{"start":{"line":143,"column":46},"end":{"line":143,"column":65}}]},"51":{"type":"branch","line":146,"loc":{"start":{"line":146,"column":22},"end":{"line":148,"column":5}},"locations":[{"start":{"line":146,"column":22},"end":{"line":148,"column":5}}]},"52":{"type":"branch","line":203,"loc":{"start":{"line":203,"column":28},"end":{"line":204,"column":40}},"locations":[{"start":{"line":203,"column":28},"end":{"line":204,"column":40}}]}},"b":{"0":[1],"1":[1],"2":[22],"3":[8],"4":[14],"5":[8],"6":[14],"7":[12],"8":[10],"9":[2],"10":[8],"11":[0],"12":[8],"13":[0],"14":[8],"15":[0],"16":[8],"17":[0],"18":[8],"19":[0],"20":[8],"21":[0],"22":[0],"23":[0],"24":[8],"25":[8],"26":[0],"27":[0],"28":[8],"29":[4],"30":[0],"31":[0],"32":[4],"33":[15],"34":[15],"35":[2],"36":[0],"37":[15],"38":[0],"39":[0],"40":[0],"41":[0],"42":[3],"43":[0],"44":[12],"45":[12],"46":[2],"47":[0],"48":[2],"49":[4],"50":[0],"51":[0],"52":[8]},"fnMap":{"0":{"name":"Videos","decl":{"start":{"line":21,"column":15},"end":{"line":233,"column":2}},"loc":{"start":{"line":21,"column":15},"end":{"line":233,"column":2}},"line":21}},"f":{"0":22}}
}
