{"D:\\Web_Dev\\IMDB-Clone\\frontend\\src\\App.tsx": {"path":"D:\\Web_Dev\\IMDB-Clone\\frontend\\src\\App.tsx","all":false,"statementMap":{"0":{"start":{"line":1,"column":0},"end":{"line":1,"column":51}},"1":{"start":{"line":2,"column":0},"end":{"line":2,"column":49}},"2":{"start":{"line":3,"column":0},"end":{"line":3,"column":48}},"5":{"start":{"line":6,"column":0},"end":{"line":6,"column":54}},"6":{"start":{"line":7,"column":0},"end":{"line":7,"column":54}},"7":{"start":{"line":8,"column":0},"end":{"line":8,"column":64}},"8":{"start":{"line":9,"column":0},"end":{"line":9,"column":66}},"9":{"start":{"line":10,"column":0},"end":{"line":10,"column":58}},"10":{"start":{"line":11,"column":0},"end":{"line":11,"column":58}},"11":{"start":{"line":12,"column":0},"end":{"line":12,"column":68}},"12":{"start":{"line":13,"column":0},"end":{"line":13,"column":78}},"13":{"start":{"line":14,"column":0},"end":{"line":14,"column":56}},"14":{"start":{"line":15,"column":0},"end":{"line":15,"column":68}},"15":{"start":{"line":16,"column":0},"end":{"line":16,"column":60}},"16":{"start":{"line":17,"column":0},"end":{"line":17,"column":70}},"17":{"start":{"line":18,"column":0},"end":{"line":18,"column":54}},"19":{"start":{"line":20,"column":0},"end":{"line":20,"column":19}},"20":{"start":{"line":21,"column":0},"end":{"line":21,"column":30}},"23":{"start":{"line":24,"column":0},"end":{"line":24,"column":19}},"24":{"start":{"line":25,"column":0},"end":{"line":25,"column":62}},"25":{"start":{"line":26,"column":0},"end":{"line":26,"column":55}},"26":{"start":{"line":27,"column":0},"end":{"line":27,"column":56}},"28":{"start":{"line":29,"column":0},"end":{"line":29,"column":42}},"29":{"start":{"line":30,"column":0},"end":{"line":30,"column":35}},"30":{"start":{"line":31,"column":0},"end":{"line":31,"column":36}},"32":{"start":{"line":33,"column":0},"end":{"line":33,"column":54}},"33":{"start":{"line":34,"column":0},"end":{"line":34,"column":49}},"34":{"start":{"line":35,"column":0},"end":{"line":35,"column":55}},"36":{"start":{"line":37,"column":0},"end":{"line":37,"column":50}},"37":{"start":{"line":38,"column":0},"end":{"line":38,"column":44}},"38":{"start":{"line":39,"column":0},"end":{"line":39,"column":43}},"39":{"start":{"line":40,"column":0},"end":{"line":40,"column":9}},"42":{"start":{"line":43,"column":0},"end":{"line":43,"column":19}},"43":{"start":{"line":44,"column":0},"end":{"line":44,"column":52}},"44":{"start":{"line":45,"column":0},"end":{"line":45,"column":21}},"45":{"start":{"line":46,"column":0},"end":{"line":46,"column":48}},"47":{"start":{"line":48,"column":0},"end":{"line":48,"column":33}},"48":{"start":{"line":49,"column":0},"end":{"line":49,"column":5}},"49":{"start":{"line":50,"column":0},"end":{"line":50,"column":9}},"51":{"start":{"line":52,"column":0},"end":{"line":52,"column":10}},"52":{"start":{"line":53,"column":0},"end":{"line":53,"column":33}},"53":{"start":{"line":54,"column":0},"end":{"line":54,"column":15}},"54":{"start":{"line":55,"column":0},"end":{"line":55,"column":18}},"55":{"start":{"line":56,"column":0},"end":{"line":56,"column":80}},"56":{"start":{"line":57,"column":0},"end":{"line":57,"column":118}},"57":{"start":{"line":58,"column":0},"end":{"line":58,"column":16}},"60":{"start":{"line":61,"column":0},"end":{"line":61,"column":16}},"61":{"start":{"line":62,"column":0},"end":{"line":62,"column":47}},"62":{"start":{"line":63,"column":0},"end":{"line":63,"column":51}},"63":{"start":{"line":64,"column":0},"end":{"line":64,"column":61}},"64":{"start":{"line":65,"column":0},"end":{"line":65,"column":63}},"65":{"start":{"line":66,"column":0},"end":{"line":66,"column":55}},"66":{"start":{"line":67,"column":0},"end":{"line":67,"column":55}},"67":{"start":{"line":68,"column":0},"end":{"line":68,"column":65}},"68":{"start":{"line":69,"column":0},"end":{"line":69,"column":75}},"69":{"start":{"line":70,"column":0},"end":{"line":70,"column":53}},"70":{"start":{"line":71,"column":0},"end":{"line":71,"column":65}},"71":{"start":{"line":72,"column":0},"end":{"line":72,"column":57}},"72":{"start":{"line":73,"column":0},"end":{"line":73,"column":67}},"73":{"start":{"line":74,"column":0},"end":{"line":74,"column":51}},"74":{"start":{"line":75,"column":0},"end":{"line":75,"column":17}},"75":{"start":{"line":76,"column":0},"end":{"line":76,"column":17}},"76":{"start":{"line":77,"column":0},"end":{"line":77,"column":10}},"78":{"start":{"line":79,"column":0},"end":{"line":79,"column":2}},"80":{"start":{"line":81,"column":0},"end":{"line":81,"column":19}}},"s":{"0":1,"1":1,"2":1,"5":1,"6":1,"7":1,"8":1,"9":1,"10":1,"11":1,"12":1,"13":1,"14":1,"15":1,"16":1,"17":1,"19":1,"20":4,"23":4,"24":4,"25":4,"26":4,"28":4,"29":4,"30":4,"32":4,"33":4,"34":4,"36":4,"37":4,"38":4,"39":4,"42":4,"43":4,"44":4,"45":1,"47":1,"48":1,"49":4,"51":4,"52":4,"53":4,"54":4,"55":4,"56":4,"57":4,"60":4,"61":4,"62":4,"63":4,"64":4,"65":4,"66":4,"67":4,"68":4,"69":4,"70":4,"71":4,"72":4,"73":4,"74":4,"75":4,"76":4,"78":4,"80":1},"branchMap":{"0":{"type":"branch","line":6,"loc":{"start":{"line":6,"column":24},"end":{"line":6,"column":54}},"locations":[{"start":{"line":6,"column":24},"end":{"line":6,"column":54}}]},"1":{"type":"branch","line":7,"loc":{"start":{"line":7,"column":24},"end":{"line":7,"column":54}},"locations":[{"start":{"line":7,"column":24},"end":{"line":7,"column":54}}]},"2":{"type":"branch","line":20,"loc":{"start":{"line":20,"column":12},"end":{"line":79,"column":2}},"locations":[{"start":{"line":20,"column":12},"end":{"line":79,"column":2}}]},"3":{"type":"branch","line":24,"loc":{"start":{"line":24,"column":12},"end":{"line":40,"column":5}},"locations":[{"start":{"line":24,"column":12},"end":{"line":40,"column":5}}]},"4":{"type":"branch","line":43,"loc":{"start":{"line":43,"column":12},"end":{"line":50,"column":5}},"locations":[{"start":{"line":43,"column":12},"end":{"line":50,"column":5}}]},"5":{"type":"branch","line":45,"loc":{"start":{"line":45,"column":20},"end":{"line":49,"column":5}},"locations":[{"start":{"line":45,"column":20},"end":{"line":49,"column":5}}]}},"b":{"0":[1],"1":[1],"2":[4],"3":[4],"4":[4],"5":[1]},"fnMap":{"0":{"name":"App","decl":{"start":{"line":20,"column":12},"end":{"line":79,"column":2}},"loc":{"start":{"line":20,"column":12},"end":{"line":79,"column":2}},"line":20}},"f":{"0":4}}
,"D:\\Web_Dev\\IMDB-Clone\\frontend\\src\\components\\Feature.tsx": {"path":"D:\\Web_Dev\\IMDB-Clone\\frontend\\src\\components\\Feature.tsx","all":false,"statementMap":{"0":{"start":{"line":1,"column":0},"end":{"line":1,"column":65}},"1":{"start":{"line":2,"column":0},"end":{"line":2,"column":47}},"2":{"start":{"line":3,"column":0},"end":{"line":3,"column":42}},"3":{"start":{"line":4,"column":0},"end":{"line":4,"column":53}},"5":{"start":{"line":6,"column":0},"end":{"line":6,"column":64}},"6":{"start":{"line":7,"column":0},"end":{"line":7,"column":46}},"7":{"start":{"line":8,"column":0},"end":{"line":8,"column":74}},"8":{"start":{"line":9,"column":0},"end":{"line":9,"column":64}},"9":{"start":{"line":10,"column":0},"end":{"line":10,"column":70}},"10":{"start":{"line":11,"column":0},"end":{"line":11,"column":48}},"12":{"start":{"line":13,"column":0},"end":{"line":13,"column":23}},"13":{"start":{"line":14,"column":0},"end":{"line":14,"column":33}},"16":{"start":{"line":17,"column":0},"end":{"line":17,"column":48}},"17":{"start":{"line":18,"column":0},"end":{"line":18,"column":50}},"18":{"start":{"line":19,"column":0},"end":{"line":19,"column":82}},"21":{"start":{"line":22,"column":0},"end":{"line":22,"column":49}},"22":{"start":{"line":23,"column":0},"end":{"line":23,"column":58}},"23":{"start":{"line":24,"column":0},"end":{"line":24,"column":57}},"26":{"start":{"line":27,"column":0},"end":{"line":27,"column":9}},"27":{"start":{"line":28,"column":0},"end":{"line":28,"column":29}},"28":{"start":{"line":29,"column":0},"end":{"line":29,"column":25}},"29":{"start":{"line":30,"column":0},"end":{"line":30,"column":23}},"30":{"start":{"line":31,"column":0},"end":{"line":31,"column":29}},"31":{"start":{"line":32,"column":0},"end":{"line":32,"column":54}},"34":{"start":{"line":35,"column":0},"end":{"line":35,"column":19}},"35":{"start":{"line":36,"column":0},"end":{"line":36,"column":32}},"36":{"start":{"line":37,"column":0},"end":{"line":37,"column":43}},"37":{"start":{"line":38,"column":0},"end":{"line":38,"column":6}},"39":{"start":{"line":40,"column":0},"end":{"line":40,"column":52}},"42":{"start":{"line":43,"column":0},"end":{"line":43,"column":68}},"43":{"start":{"line":44,"column":0},"end":{"line":44,"column":9}},"46":{"start":{"line":47,"column":0},"end":{"line":47,"column":43}},"47":{"start":{"line":48,"column":0},"end":{"line":48,"column":51}},"49":{"start":{"line":50,"column":0},"end":{"line":50,"column":43}},"50":{"start":{"line":51,"column":0},"end":{"line":51,"column":50}},"51":{"start":{"line":52,"column":0},"end":{"line":52,"column":27}},"52":{"start":{"line":53,"column":0},"end":{"line":53,"column":24}},"53":{"start":{"line":54,"column":0},"end":{"line":54,"column":53}},"54":{"start":{"line":55,"column":0},"end":{"line":55,"column":38}},"55":{"start":{"line":56,"column":0},"end":{"line":56,"column":6}},"58":{"start":{"line":59,"column":0},"end":{"line":59,"column":34}},"59":{"start":{"line":60,"column":0},"end":{"line":60,"column":35}},"60":{"start":{"line":61,"column":0},"end":{"line":61,"column":65}},"61":{"start":{"line":62,"column":0},"end":{"line":62,"column":5}},"62":{"start":{"line":63,"column":0},"end":{"line":63,"column":33}},"63":{"start":{"line":64,"column":0},"end":{"line":64,"column":62}},"64":{"start":{"line":65,"column":0},"end":{"line":65,"column":5}},"65":{"start":{"line":66,"column":0},"end":{"line":66,"column":17}},"67":{"start":{"line":68,"column":0},"end":{"line":68,"column":19}},"68":{"start":{"line":69,"column":0},"end":{"line":69,"column":20}},"69":{"start":{"line":70,"column":0},"end":{"line":70,"column":18}},"70":{"start":{"line":71,"column":0},"end":{"line":71,"column":91}},"71":{"start":{"line":72,"column":0},"end":{"line":72,"column":40}},"72":{"start":{"line":73,"column":0},"end":{"line":73,"column":9}},"73":{"start":{"line":74,"column":0},"end":{"line":74,"column":6}},"74":{"start":{"line":75,"column":0},"end":{"line":75,"column":22}},"77":{"start":{"line":78,"column":0},"end":{"line":78,"column":36}},"78":{"start":{"line":79,"column":0},"end":{"line":79,"column":28}},"79":{"start":{"line":80,"column":0},"end":{"line":80,"column":66}},"80":{"start":{"line":81,"column":0},"end":{"line":81,"column":5}},"81":{"start":{"line":82,"column":0},"end":{"line":82,"column":4}},"83":{"start":{"line":84,"column":0},"end":{"line":84,"column":19}},"84":{"start":{"line":85,"column":0},"end":{"line":85,"column":40}},"85":{"start":{"line":86,"column":0},"end":{"line":86,"column":54}},"86":{"start":{"line":87,"column":0},"end":{"line":87,"column":76}},"87":{"start":{"line":88,"column":0},"end":{"line":88,"column":5}},"88":{"start":{"line":89,"column":0},"end":{"line":89,"column":5}},"91":{"start":{"line":92,"column":0},"end":{"line":92,"column":35}},"92":{"start":{"line":93,"column":0},"end":{"line":93,"column":61}},"93":{"start":{"line":94,"column":0},"end":{"line":94,"column":4}},"95":{"start":{"line":96,"column":0},"end":{"line":96,"column":34}},"96":{"start":{"line":97,"column":0},"end":{"line":97,"column":87}},"97":{"start":{"line":98,"column":0},"end":{"line":98,"column":4}},"100":{"start":{"line":101,"column":0},"end":{"line":101,"column":35}},"101":{"start":{"line":102,"column":0},"end":{"line":102,"column":26}},"102":{"start":{"line":103,"column":0},"end":{"line":103,"column":30}},"103":{"start":{"line":104,"column":0},"end":{"line":104,"column":5}},"104":{"start":{"line":105,"column":0},"end":{"line":105,"column":4}},"106":{"start":{"line":107,"column":0},"end":{"line":107,"column":19}},"107":{"start":{"line":108,"column":0},"end":{"line":108,"column":58}},"108":{"start":{"line":109,"column":0},"end":{"line":109,"column":18}},"109":{"start":{"line":110,"column":0},"end":{"line":110,"column":32}},"110":{"start":{"line":111,"column":0},"end":{"line":111,"column":43}},"111":{"start":{"line":112,"column":0},"end":{"line":112,"column":7}},"112":{"start":{"line":113,"column":0},"end":{"line":113,"column":6}},"113":{"start":{"line":114,"column":0},"end":{"line":114,"column":5}},"116":{"start":{"line":117,"column":0},"end":{"line":117,"column":48}},"117":{"start":{"line":118,"column":0},"end":{"line":118,"column":71}},"118":{"start":{"line":119,"column":0},"end":{"line":119,"column":4}},"120":{"start":{"line":121,"column":0},"end":{"line":121,"column":22}},"121":{"start":{"line":122,"column":0},"end":{"line":122,"column":12}},"122":{"start":{"line":123,"column":0},"end":{"line":123,"column":10}},"123":{"start":{"line":124,"column":0},"end":{"line":124,"column":28}},"124":{"start":{"line":125,"column":0},"end":{"line":125,"column":62}},"125":{"start":{"line":126,"column":0},"end":{"line":126,"column":16}},"126":{"start":{"line":127,"column":0},"end":{"line":127,"column":72}},"127":{"start":{"line":128,"column":0},"end":{"line":128,"column":10}},"129":{"start":{"line":130,"column":0},"end":{"line":130,"column":116}},"130":{"start":{"line":131,"column":0},"end":{"line":131,"column":12}},"132":{"start":{"line":133,"column":0},"end":{"line":133,"column":97}},"134":{"start":{"line":135,"column":0},"end":{"line":135,"column":10}},"135":{"start":{"line":136,"column":0},"end":{"line":136,"column":8}},"136":{"start":{"line":137,"column":0},"end":{"line":137,"column":55}},"137":{"start":{"line":138,"column":0},"end":{"line":138,"column":14}},"138":{"start":{"line":139,"column":0},"end":{"line":139,"column":70}},"139":{"start":{"line":140,"column":0},"end":{"line":140,"column":8}},"141":{"start":{"line":142,"column":0},"end":{"line":142,"column":10}},"142":{"start":{"line":143,"column":0},"end":{"line":143,"column":23}},"143":{"start":{"line":144,"column":0},"end":{"line":144,"column":106}},"144":{"start":{"line":145,"column":0},"end":{"line":145,"column":33}},"146":{"start":{"line":147,"column":0},"end":{"line":147,"column":15}},"147":{"start":{"line":148,"column":0},"end":{"line":148,"column":31}},"148":{"start":{"line":149,"column":0},"end":{"line":149,"column":130}},"149":{"start":{"line":150,"column":0},"end":{"line":150,"column":99}},"150":{"start":{"line":151,"column":0},"end":{"line":151,"column":30}},"152":{"start":{"line":153,"column":0},"end":{"line":153,"column":61}},"153":{"start":{"line":154,"column":0},"end":{"line":154,"column":17}},"154":{"start":{"line":155,"column":0},"end":{"line":155,"column":15}},"155":{"start":{"line":156,"column":0},"end":{"line":156,"column":31}},"156":{"start":{"line":157,"column":0},"end":{"line":157,"column":23}},"157":{"start":{"line":158,"column":0},"end":{"line":158,"column":131}},"158":{"start":{"line":159,"column":0},"end":{"line":159,"column":99}},"159":{"start":{"line":160,"column":0},"end":{"line":160,"column":31}},"161":{"start":{"line":162,"column":0},"end":{"line":162,"column":64}},"162":{"start":{"line":163,"column":0},"end":{"line":163,"column":17}},"163":{"start":{"line":164,"column":0},"end":{"line":164,"column":12}},"164":{"start":{"line":165,"column":0},"end":{"line":165,"column":88}},"165":{"start":{"line":166,"column":0},"end":{"line":166,"column":88}},"167":{"start":{"line":168,"column":0},"end":{"line":168,"column":55}},"168":{"start":{"line":169,"column":0},"end":{"line":169,"column":16}},"169":{"start":{"line":170,"column":0},"end":{"line":170,"column":25}},"170":{"start":{"line":171,"column":0},"end":{"line":171,"column":145}},"171":{"start":{"line":172,"column":0},"end":{"line":172,"column":22}},"172":{"start":{"line":173,"column":0},"end":{"line":173,"column":87}},"173":{"start":{"line":174,"column":0},"end":{"line":174,"column":33}},"174":{"start":{"line":175,"column":0},"end":{"line":175,"column":16}},"175":{"start":{"line":176,"column":0},"end":{"line":176,"column":52}},"177":{"start":{"line":178,"column":0},"end":{"line":178,"column":30}},"178":{"start":{"line":179,"column":0},"end":{"line":179,"column":20}},"179":{"start":{"line":180,"column":0},"end":{"line":180,"column":62}},"180":{"start":{"line":181,"column":0},"end":{"line":181,"column":41}},"181":{"start":{"line":182,"column":0},"end":{"line":182,"column":33}},"182":{"start":{"line":183,"column":0},"end":{"line":183,"column":79}},"183":{"start":{"line":184,"column":0},"end":{"line":184,"column":18}},"185":{"start":{"line":186,"column":0},"end":{"line":186,"column":30}},"186":{"start":{"line":187,"column":0},"end":{"line":187,"column":62}},"187":{"start":{"line":188,"column":0},"end":{"line":188,"column":41}},"188":{"start":{"line":189,"column":0},"end":{"line":189,"column":32}},"189":{"start":{"line":190,"column":0},"end":{"line":190,"column":79}},"190":{"start":{"line":191,"column":0},"end":{"line":191,"column":18}},"192":{"start":{"line":193,"column":0},"end":{"line":193,"column":19}},"193":{"start":{"line":194,"column":0},"end":{"line":194,"column":63}},"194":{"start":{"line":195,"column":0},"end":{"line":195,"column":24}},"195":{"start":{"line":196,"column":0},"end":{"line":196,"column":88}},"196":{"start":{"line":197,"column":0},"end":{"line":197,"column":18}},"197":{"start":{"line":198,"column":0},"end":{"line":198,"column":22}},"198":{"start":{"line":199,"column":0},"end":{"line":199,"column":116}},"199":{"start":{"line":200,"column":0},"end":{"line":200,"column":111}},"200":{"start":{"line":201,"column":0},"end":{"line":201,"column":127}},"201":{"start":{"line":202,"column":0},"end":{"line":202,"column":26}},"202":{"start":{"line":203,"column":0},"end":{"line":203,"column":101}},"203":{"start":{"line":204,"column":0},"end":{"line":204,"column":85}},"204":{"start":{"line":205,"column":0},"end":{"line":205,"column":20}},"205":{"start":{"line":206,"column":0},"end":{"line":206,"column":34}},"206":{"start":{"line":207,"column":0},"end":{"line":207,"column":24}},"207":{"start":{"line":208,"column":0},"end":{"line":208,"column":63}},"208":{"start":{"line":209,"column":0},"end":{"line":209,"column":45}},"209":{"start":{"line":210,"column":0},"end":{"line":210,"column":37}},"210":{"start":{"line":211,"column":0},"end":{"line":211,"column":61}},"211":{"start":{"line":212,"column":0},"end":{"line":212,"column":22}},"213":{"start":{"line":214,"column":0},"end":{"line":214,"column":34}},"214":{"start":{"line":215,"column":0},"end":{"line":215,"column":63}},"215":{"start":{"line":216,"column":0},"end":{"line":216,"column":45}},"216":{"start":{"line":217,"column":0},"end":{"line":217,"column":36}},"217":{"start":{"line":218,"column":0},"end":{"line":218,"column":61}},"218":{"start":{"line":219,"column":0},"end":{"line":219,"column":22}},"220":{"start":{"line":221,"column":0},"end":{"line":221,"column":22}},"221":{"start":{"line":222,"column":0},"end":{"line":222,"column":89}},"222":{"start":{"line":223,"column":0},"end":{"line":223,"column":72}},"223":{"start":{"line":224,"column":0},"end":{"line":224,"column":23}},"224":{"start":{"line":225,"column":0},"end":{"line":225,"column":106}},"225":{"start":{"line":226,"column":0},"end":{"line":226,"column":86}},"226":{"start":{"line":227,"column":0},"end":{"line":227,"column":71}},"227":{"start":{"line":228,"column":0},"end":{"line":228,"column":53}},"228":{"start":{"line":229,"column":0},"end":{"line":229,"column":22}},"229":{"start":{"line":230,"column":0},"end":{"line":230,"column":22}},"230":{"start":{"line":231,"column":0},"end":{"line":231,"column":20}},"231":{"start":{"line":232,"column":0},"end":{"line":232,"column":18}},"232":{"start":{"line":233,"column":0},"end":{"line":233,"column":13}},"233":{"start":{"line":234,"column":0},"end":{"line":234,"column":14}},"234":{"start":{"line":235,"column":0},"end":{"line":235,"column":12}},"236":{"start":{"line":237,"column":0},"end":{"line":237,"column":10}},"237":{"start":{"line":238,"column":0},"end":{"line":238,"column":110}},"238":{"start":{"line":239,"column":0},"end":{"line":239,"column":33}},"240":{"start":{"line":241,"column":0},"end":{"line":241,"column":68}},"241":{"start":{"line":242,"column":0},"end":{"line":242,"column":12}},"242":{"start":{"line":243,"column":0},"end":{"line":243,"column":99}},"243":{"start":{"line":244,"column":0},"end":{"line":244,"column":18}},"244":{"start":{"line":245,"column":0},"end":{"line":245,"column":80}},"245":{"start":{"line":246,"column":0},"end":{"line":246,"column":12}},"247":{"start":{"line":248,"column":0},"end":{"line":248,"column":14}},"248":{"start":{"line":249,"column":0},"end":{"line":249,"column":89}},"249":{"start":{"line":250,"column":0},"end":{"line":250,"column":20}},"250":{"start":{"line":251,"column":0},"end":{"line":251,"column":63}},"251":{"start":{"line":252,"column":0},"end":{"line":252,"column":14}},"253":{"start":{"line":254,"column":0},"end":{"line":254,"column":57}},"254":{"start":{"line":255,"column":0},"end":{"line":255,"column":18}},"255":{"start":{"line":256,"column":0},"end":{"line":256,"column":27}},"256":{"start":{"line":257,"column":0},"end":{"line":257,"column":84}},"257":{"start":{"line":258,"column":0},"end":{"line":258,"column":54}},"259":{"start":{"line":260,"column":0},"end":{"line":260,"column":31}},"260":{"start":{"line":261,"column":0},"end":{"line":261,"column":22}},"261":{"start":{"line":262,"column":0},"end":{"line":262,"column":61}},"262":{"start":{"line":263,"column":0},"end":{"line":263,"column":43}},"263":{"start":{"line":264,"column":0},"end":{"line":264,"column":35}},"264":{"start":{"line":265,"column":0},"end":{"line":265,"column":65}},"265":{"start":{"line":266,"column":0},"end":{"line":266,"column":20}},"267":{"start":{"line":268,"column":0},"end":{"line":268,"column":32}},"268":{"start":{"line":269,"column":0},"end":{"line":269,"column":61}},"269":{"start":{"line":270,"column":0},"end":{"line":270,"column":43}},"270":{"start":{"line":271,"column":0},"end":{"line":271,"column":34}},"271":{"start":{"line":272,"column":0},"end":{"line":272,"column":65}},"272":{"start":{"line":273,"column":0},"end":{"line":273,"column":20}},"274":{"start":{"line":275,"column":0},"end":{"line":275,"column":72}},"275":{"start":{"line":276,"column":0},"end":{"line":276,"column":40}},"276":{"start":{"line":277,"column":0},"end":{"line":277,"column":67}},"277":{"start":{"line":278,"column":0},"end":{"line":278,"column":48}},"278":{"start":{"line":279,"column":0},"end":{"line":279,"column":20}},"279":{"start":{"line":280,"column":0},"end":{"line":280,"column":91}},"280":{"start":{"line":281,"column":0},"end":{"line":281,"column":74}},"281":{"start":{"line":282,"column":0},"end":{"line":282,"column":95}},"282":{"start":{"line":283,"column":0},"end":{"line":283,"column":24}},"283":{"start":{"line":284,"column":0},"end":{"line":284,"column":22}},"284":{"start":{"line":285,"column":0},"end":{"line":285,"column":20}},"285":{"start":{"line":286,"column":0},"end":{"line":286,"column":15}},"286":{"start":{"line":287,"column":0},"end":{"line":287,"column":16}},"287":{"start":{"line":288,"column":0},"end":{"line":288,"column":14}},"288":{"start":{"line":289,"column":0},"end":{"line":289,"column":12}},"289":{"start":{"line":290,"column":0},"end":{"line":290,"column":10}},"291":{"start":{"line":292,"column":0},"end":{"line":292,"column":2}},"293":{"start":{"line":294,"column":0},"end":{"line":294,"column":23}}},"s":{"0":1,"1":1,"2":1,"3":1,"5":1,"6":1,"7":1,"8":1,"9":1,"10":1,"12":1,"13":13,"16":13,"17":13,"18":13,"21":13,"22":13,"23":13,"26":13,"27":13,"28":13,"29":13,"30":13,"31":13,"34":13,"35":6,"36":0,"37":0,"39":6,"42":6,"43":13,"46":13,"47":10,"49":4,"50":8,"51":8,"52":8,"53":8,"54":8,"55":8,"58":4,"59":10,"60":4,"61":4,"62":10,"63":4,"64":4,"65":13,"67":13,"68":10,"69":10,"70":10,"71":0,"72":10,"73":10,"74":13,"77":13,"78":0,"79":0,"80":0,"81":0,"83":13,"84":13,"85":6,"86":6,"87":6,"88":13,"91":13,"92":1,"93":1,"95":13,"96":1,"97":1,"100":13,"101":0,"102":0,"103":0,"104":0,"106":13,"107":13,"108":13,"109":13,"110":13,"111":13,"112":13,"113":13,"116":13,"117":1,"118":1,"120":13,"121":13,"122":6,"123":6,"124":6,"125":6,"126":6,"127":6,"129":6,"130":6,"132":13,"134":6,"135":6,"136":6,"137":6,"138":13,"139":13,"141":13,"142":13,"143":13,"144":13,"146":13,"147":13,"148":13,"149":13,"150":13,"152":13,"153":13,"154":13,"155":13,"156":13,"157":13,"158":13,"159":13,"161":13,"162":13,"163":13,"164":13,"165":13,"167":13,"168":12,"169":12,"170":12,"171":12,"172":12,"173":12,"174":12,"175":12,"177":12,"178":6,"179":6,"180":6,"181":6,"182":6,"183":6,"185":6,"186":6,"187":6,"188":6,"189":6,"190":6,"192":12,"193":12,"194":12,"195":12,"196":12,"197":12,"198":12,"199":12,"200":12,"201":12,"202":12,"203":12,"204":12,"205":12,"206":6,"207":6,"208":6,"209":6,"210":6,"211":6,"213":6,"214":6,"215":6,"216":6,"217":6,"218":6,"220":12,"221":12,"222":12,"223":12,"224":12,"225":12,"226":12,"227":12,"228":12,"229":12,"230":12,"231":12,"232":13,"233":13,"234":13,"236":13,"237":13,"238":13,"240":13,"241":13,"242":13,"243":13,"244":13,"245":13,"247":13,"248":13,"249":13,"250":13,"251":13,"253":13,"254":12,"255":12,"256":12,"257":12,"259":12,"260":12,"261":12,"262":12,"263":12,"264":12,"265":12,"267":0,"268":0,"269":0,"270":0,"271":0,"272":0,"274":12,"275":12,"276":12,"277":12,"278":12,"279":12,"280":12,"281":12,"282":12,"283":12,"284":12,"285":13,"286":13,"287":13,"288":13,"289":13,"291":13,"293":1},"branchMap":{"0":{"type":"branch","line":13,"loc":{"start":{"line":13,"column":16},"end":{"line":292,"column":2}},"locations":[{"start":{"line":13,"column":16},"end":{"line":292,"column":2}}]},"1":{"type":"branch","line":32,"loc":{"start":{"line":32,"column":28},"end":{"line":32,"column":54}},"locations":[{"start":{"line":32,"column":28},"end":{"line":32,"column":54}}]},"2":{"type":"branch","line":122,"loc":{"start":{"line":122,"column":4},"end":{"line":131,"column":12}},"locations":[{"start":{"line":122,"column":4},"end":{"line":131,"column":12}}]},"3":{"type":"branch","line":127,"loc":{"start":{"line":127,"column":43},"end":{"line":127,"column":72}},"locations":[{"start":{"line":127,"column":43},"end":{"line":127,"column":72}}]},"4":{"type":"branch","line":131,"loc":{"start":{"line":131,"column":6},"end":{"line":133,"column":28}},"locations":[{"start":{"line":131,"column":6},"end":{"line":133,"column":28}}]},"5":{"type":"branch","line":133,"loc":{"start":{"line":133,"column":21},"end":{"line":133,"column":97}},"locations":[{"start":{"line":133,"column":21},"end":{"line":133,"column":97}}]},"6":{"type":"branch","line":133,"loc":{"start":{"line":133,"column":92},"end":{"line":139,"column":63}},"locations":[{"start":{"line":133,"column":92},"end":{"line":139,"column":63}}]},"7":{"type":"branch","line":139,"loc":{"start":{"line":139,"column":41},"end":{"line":139,"column":70}},"locations":[{"start":{"line":139,"column":41},"end":{"line":139,"column":70}}]},"8":{"type":"branch","line":150,"loc":{"start":{"line":150,"column":35},"end":{"line":150,"column":59}},"locations":[{"start":{"line":150,"column":35},"end":{"line":150,"column":59}}]},"9":{"type":"branch","line":150,"loc":{"start":{"line":150,"column":52},"end":{"line":150,"column":66}},"locations":[{"start":{"line":150,"column":52},"end":{"line":150,"column":66}}]},"10":{"type":"branch","line":159,"loc":{"start":{"line":159,"column":35},"end":{"line":159,"column":59}},"locations":[{"start":{"line":159,"column":35},"end":{"line":159,"column":59}}]},"11":{"type":"branch","line":159,"loc":{"start":{"line":159,"column":52},"end":{"line":159,"column":66}},"locations":[{"start":{"line":159,"column":52},"end":{"line":159,"column":66}}]},"12":{"type":"branch","line":168,"loc":{"start":{"line":168,"column":11},"end":{"line":168,"column":25}},"locations":[{"start":{"line":168,"column":11},"end":{"line":168,"column":25}}]},"13":{"type":"branch","line":254,"loc":{"start":{"line":254,"column":13},"end":{"line":254,"column":27}},"locations":[{"start":{"line":254,"column":13},"end":{"line":254,"column":27}}]},"14":{"type":"branch","line":35,"loc":{"start":{"line":35,"column":12},"end":{"line":44,"column":5}},"locations":[{"start":{"line":35,"column":12},"end":{"line":44,"column":5}}]},"15":{"type":"branch","line":43,"loc":{"start":{"line":43,"column":11},"end":{"line":43,"column":68}},"locations":[{"start":{"line":43,"column":11},"end":{"line":43,"column":68}}]},"16":{"type":"branch","line":47,"loc":{"start":{"line":47,"column":36},"end":{"line":66,"column":5}},"locations":[{"start":{"line":47,"column":36},"end":{"line":66,"column":5}}]},"17":{"type":"branch","line":48,"loc":{"start":{"line":48,"column":9},"end":{"line":48,"column":44}},"locations":[{"start":{"line":48,"column":9},"end":{"line":48,"column":44}}]},"18":{"type":"branch","line":48,"loc":{"start":{"line":48,"column":44},"end":{"line":48,"column":51}},"locations":[{"start":{"line":48,"column":44},"end":{"line":48,"column":51}}]},"19":{"type":"branch","line":48,"loc":{"start":{"line":48,"column":44},"end":{"line":60,"column":34}},"locations":[{"start":{"line":48,"column":44},"end":{"line":60,"column":34}}]},"20":{"type":"branch","line":60,"loc":{"start":{"line":60,"column":34},"end":{"line":63,"column":32}},"locations":[{"start":{"line":60,"column":34},"end":{"line":63,"column":32}}]},"21":{"type":"branch","line":63,"loc":{"start":{"line":63,"column":32},"end":{"line":65,"column":5}},"locations":[{"start":{"line":63,"column":32},"end":{"line":65,"column":5}}]},"22":{"type":"branch","line":50,"loc":{"start":{"line":50,"column":24},"end":{"line":56,"column":6}},"locations":[{"start":{"line":50,"column":24},"end":{"line":56,"column":6}}]},"23":{"type":"branch","line":68,"loc":{"start":{"line":68,"column":12},"end":{"line":75,"column":5}},"locations":[{"start":{"line":68,"column":12},"end":{"line":75,"column":5}}]},"24":{"type":"branch","line":70,"loc":{"start":{"line":70,"column":11},"end":{"line":74,"column":6}},"locations":[{"start":{"line":70,"column":11},"end":{"line":74,"column":6}}]},"25":{"type":"branch","line":84,"loc":{"start":{"line":84,"column":12},"end":{"line":89,"column":3}},"locations":[{"start":{"line":84,"column":12},"end":{"line":89,"column":3}}]},"26":{"type":"branch","line":85,"loc":{"start":{"line":85,"column":8},"end":{"line":85,"column":39}},"locations":[{"start":{"line":85,"column":8},"end":{"line":85,"column":39}}]},"27":{"type":"branch","line":85,"loc":{"start":{"line":85,"column":39},"end":{"line":88,"column":5}},"locations":[{"start":{"line":85,"column":39},"end":{"line":88,"column":5}}]},"28":{"type":"branch","line":87,"loc":{"start":{"line":87,"column":13},"end":{"line":87,"column":76}},"locations":[{"start":{"line":87,"column":13},"end":{"line":87,"column":76}}]},"29":{"type":"branch","line":92,"loc":{"start":{"line":92,"column":22},"end":{"line":94,"column":4}},"locations":[{"start":{"line":92,"column":22},"end":{"line":94,"column":4}}]},"30":{"type":"branch","line":93,"loc":{"start":{"line":93,"column":13},"end":{"line":93,"column":59}},"locations":[{"start":{"line":93,"column":13},"end":{"line":93,"column":59}}]},"31":{"type":"branch","line":93,"loc":{"start":{"line":93,"column":47},"end":{"line":93,"column":59}},"locations":[{"start":{"line":93,"column":47},"end":{"line":93,"column":59}}]},"32":{"type":"branch","line":96,"loc":{"start":{"line":96,"column":21},"end":{"line":98,"column":4}},"locations":[{"start":{"line":96,"column":21},"end":{"line":98,"column":4}}]},"33":{"type":"branch","line":97,"loc":{"start":{"line":97,"column":13},"end":{"line":97,"column":85}},"locations":[{"start":{"line":97,"column":13},"end":{"line":97,"column":85}}]},"34":{"type":"branch","line":97,"loc":{"start":{"line":97,"column":46},"end":{"line":97,"column":63}},"locations":[{"start":{"line":97,"column":46},"end":{"line":97,"column":63}}]},"35":{"type":"branch","line":97,"loc":{"start":{"line":97,"column":73},"end":{"line":97,"column":85}},"locations":[{"start":{"line":97,"column":73},"end":{"line":97,"column":85}}]},"36":{"type":"branch","line":107,"loc":{"start":{"line":107,"column":12},"end":{"line":114,"column":3}},"locations":[{"start":{"line":107,"column":12},"end":{"line":114,"column":3}}]},"37":{"type":"branch","line":109,"loc":{"start":{"line":109,"column":11},"end":{"line":113,"column":6}},"locations":[{"start":{"line":109,"column":11},"end":{"line":113,"column":6}}]},"38":{"type":"branch","line":117,"loc":{"start":{"line":117,"column":24},"end":{"line":119,"column":4}},"locations":[{"start":{"line":117,"column":24},"end":{"line":119,"column":4}}]},"39":{"type":"branch","line":168,"loc":{"start":{"line":168,"column":25},"end":{"line":232,"column":18}},"locations":[{"start":{"line":168,"column":25},"end":{"line":232,"column":18}}]},"40":{"type":"branch","line":178,"loc":{"start":{"line":178,"column":25},"end":{"line":184,"column":18}},"locations":[{"start":{"line":178,"column":25},"end":{"line":184,"column":18}}]},"41":{"type":"branch","line":184,"loc":{"start":{"line":184,"column":16},"end":{"line":191,"column":18}},"locations":[{"start":{"line":184,"column":16},"end":{"line":191,"column":18}}]},"42":{"type":"branch","line":204,"loc":{"start":{"line":204,"column":56},"end":{"line":204,"column":74}},"locations":[{"start":{"line":204,"column":56},"end":{"line":204,"column":74}}]},"43":{"type":"branch","line":206,"loc":{"start":{"line":206,"column":29},"end":{"line":212,"column":22}},"locations":[{"start":{"line":206,"column":29},"end":{"line":212,"column":22}}]},"44":{"type":"branch","line":212,"loc":{"start":{"line":212,"column":20},"end":{"line":219,"column":22}},"locations":[{"start":{"line":212,"column":20},"end":{"line":219,"column":22}}]},"45":{"type":"branch","line":176,"loc":{"start":{"line":176,"column":23},"end":{"line":176,"column":52}},"locations":[{"start":{"line":176,"column":23},"end":{"line":176,"column":52}}]},"46":{"type":"branch","line":254,"loc":{"start":{"line":254,"column":27},"end":{"line":285,"column":20}},"locations":[{"start":{"line":254,"column":27},"end":{"line":285,"column":20}}]},"47":{"type":"branch","line":266,"loc":{"start":{"line":266,"column":18},"end":{"line":273,"column":20}},"locations":[{"start":{"line":266,"column":18},"end":{"line":273,"column":20}}]}},"b":{"0":[13],"1":[6],"2":[6],"3":[0],"4":[7],"5":[1],"6":[6],"7":[0],"8":[0],"9":[6],"10":[0],"11":[6],"12":[6],"13":[6],"14":[6],"15":[6],"16":[10],"17":[4],"18":[6],"19":[4],"20":[4],"21":[4],"22":[8],"23":[10],"24":[10],"25":[13],"26":[6],"27":[6],"28":[6],"29":[1],"30":[1],"31":[0],"32":[1],"33":[1],"34":[0],"35":[0],"36":[13],"37":[13],"38":[1],"39":[12],"40":[6],"41":[6],"42":[0],"43":[6],"44":[6],"45":[1],"46":[12],"47":[0]},"fnMap":{"0":{"name":"Feature","decl":{"start":{"line":13,"column":16},"end":{"line":292,"column":2}},"loc":{"start":{"line":13,"column":16},"end":{"line":292,"column":2}},"line":13},"1":{"name":"handleResize2","decl":{"start":{"line":36,"column":25},"end":{"line":38,"column":6}},"loc":{"start":{"line":36,"column":25},"end":{"line":38,"column":6}},"line":36},"2":{"name":"preloadLink","decl":{"start":{"line":50,"column":24},"end":{"line":56,"column":6}},"loc":{"start":{"line":50,"column":24},"end":{"line":56,"column":6}},"line":50},"3":{"name":"handleResize","decl":{"start":{"line":78,"column":23},"end":{"line":82,"column":4}},"loc":{"start":{"line":78,"column":23},"end":{"line":82,"column":4}},"line":78},"4":{"name":"handleRight","decl":{"start":{"line":92,"column":22},"end":{"line":94,"column":4}},"loc":{"start":{"line":92,"column":22},"end":{"line":94,"column":4}},"line":92},"5":{"name":"handleLeft","decl":{"start":{"line":96,"column":21},"end":{"line":98,"column":4}},"loc":{"start":{"line":96,"column":21},"end":{"line":98,"column":4}},"line":96},"6":{"name":"handleClick","decl":{"start":{"line":101,"column":22},"end":{"line":105,"column":4}},"loc":{"start":{"line":101,"column":22},"end":{"line":105,"column":4}},"line":101},"7":{"name":"handleTrailer","decl":{"start":{"line":117,"column":24},"end":{"line":119,"column":4}},"loc":{"start":{"line":117,"column":24},"end":{"line":119,"column":4}},"line":117},"8":{"name":"onClick","decl":{"start":{"line":176,"column":23},"end":{"line":176,"column":52}},"loc":{"start":{"line":176,"column":23},"end":{"line":176,"column":52}},"line":176},"9":{"name":"onClick","decl":{"start":{"line":258,"column":25},"end":{"line":258,"column":54}},"loc":{"start":{"line":258,"column":25},"end":{"line":258,"column":54}},"line":258}},"f":{"0":13,"1":0,"2":8,"3":0,"4":1,"5":1,"6":0,"7":1,"8":1,"9":0}}
,"D:\\Web_Dev\\IMDB-Clone\\frontend\\src\\components\\List.tsx": {"path":"D:\\Web_Dev\\IMDB-Clone\\frontend\\src\\components\\List.tsx","all":false,"statementMap":{"0":{"start":{"line":1,"column":0},"end":{"line":1,"column":72}},"1":{"start":{"line":2,"column":0},"end":{"line":2,"column":47}},"3":{"start":{"line":4,"column":0},"end":{"line":4,"column":42}},"4":{"start":{"line":5,"column":0},"end":{"line":5,"column":52}},"5":{"start":{"line":6,"column":0},"end":{"line":6,"column":64}},"6":{"start":{"line":7,"column":0},"end":{"line":7,"column":74}},"7":{"start":{"line":8,"column":0},"end":{"line":8,"column":48}},"21":{"start":{"line":22,"column":0},"end":{"line":22,"column":47}},"24":{"start":{"line":25,"column":0},"end":{"line":25,"column":52}},"25":{"start":{"line":26,"column":0},"end":{"line":26,"column":30}},"26":{"start":{"line":27,"column":0},"end":{"line":27,"column":30}},"27":{"start":{"line":28,"column":0},"end":{"line":28,"column":26}},"28":{"start":{"line":29,"column":0},"end":{"line":29,"column":52}},"29":{"start":{"line":30,"column":0},"end":{"line":30,"column":4}},"30":{"start":{"line":31,"column":0},"end":{"line":31,"column":2}},"32":{"start":{"line":33,"column":0},"end":{"line":33,"column":45}},"33":{"start":{"line":34,"column":0},"end":{"line":34,"column":70}},"34":{"start":{"line":35,"column":0},"end":{"line":35,"column":35}},"35":{"start":{"line":36,"column":0},"end":{"line":36,"column":59}},"36":{"start":{"line":37,"column":0},"end":{"line":37,"column":84}},"39":{"start":{"line":40,"column":0},"end":{"line":40,"column":21}},"40":{"start":{"line":41,"column":0},"end":{"line":41,"column":34}},"41":{"start":{"line":42,"column":0},"end":{"line":42,"column":45}},"42":{"start":{"line":43,"column":0},"end":{"line":43,"column":8}},"44":{"start":{"line":45,"column":0},"end":{"line":45,"column":54}},"47":{"start":{"line":48,"column":0},"end":{"line":48,"column":70}},"48":{"start":{"line":49,"column":0},"end":{"line":49,"column":11}},"51":{"start":{"line":52,"column":0},"end":{"line":52,"column":11}},"52":{"start":{"line":53,"column":0},"end":{"line":53,"column":26}},"53":{"start":{"line":54,"column":0},"end":{"line":54,"column":27}},"54":{"start":{"line":55,"column":0},"end":{"line":55,"column":23}},"55":{"start":{"line":56,"column":0},"end":{"line":56,"column":34}},"56":{"start":{"line":57,"column":0},"end":{"line":57,"column":33}},"57":{"start":{"line":58,"column":0},"end":{"line":58,"column":7}},"60":{"start":{"line":61,"column":0},"end":{"line":61,"column":67}},"61":{"start":{"line":62,"column":0},"end":{"line":62,"column":70}},"62":{"start":{"line":63,"column":0},"end":{"line":63,"column":58}},"63":{"start":{"line":64,"column":0},"end":{"line":64,"column":59}},"66":{"start":{"line":67,"column":0},"end":{"line":67,"column":42}},"67":{"start":{"line":68,"column":0},"end":{"line":68,"column":22}},"68":{"start":{"line":69,"column":0},"end":{"line":69,"column":31}},"69":{"start":{"line":70,"column":0},"end":{"line":70,"column":27}},"70":{"start":{"line":71,"column":0},"end":{"line":71,"column":30}},"71":{"start":{"line":72,"column":0},"end":{"line":72,"column":31}},"72":{"start":{"line":73,"column":0},"end":{"line":73,"column":26}},"73":{"start":{"line":74,"column":0},"end":{"line":74,"column":27}},"74":{"start":{"line":75,"column":0},"end":{"line":75,"column":26}},"75":{"start":{"line":76,"column":0},"end":{"line":76,"column":27}},"76":{"start":{"line":77,"column":0},"end":{"line":77,"column":16}},"77":{"start":{"line":78,"column":0},"end":{"line":78,"column":20}},"78":{"start":{"line":79,"column":0},"end":{"line":79,"column":7}},"79":{"start":{"line":80,"column":0},"end":{"line":80,"column":64}},"82":{"start":{"line":83,"column":0},"end":{"line":83,"column":43}},"83":{"start":{"line":84,"column":0},"end":{"line":84,"column":87}},"84":{"start":{"line":85,"column":0},"end":{"line":85,"column":6}},"87":{"start":{"line":88,"column":0},"end":{"line":88,"column":42}},"88":{"start":{"line":89,"column":0},"end":{"line":89,"column":57}},"89":{"start":{"line":90,"column":0},"end":{"line":90,"column":71}},"90":{"start":{"line":91,"column":0},"end":{"line":91,"column":59}},"91":{"start":{"line":92,"column":0},"end":{"line":92,"column":33}},"94":{"start":{"line":95,"column":0},"end":{"line":95,"column":44}},"95":{"start":{"line":96,"column":0},"end":{"line":96,"column":38}},"96":{"start":{"line":97,"column":0},"end":{"line":97,"column":25}},"97":{"start":{"line":98,"column":0},"end":{"line":98,"column":74}},"98":{"start":{"line":99,"column":0},"end":{"line":99,"column":7}},"99":{"start":{"line":100,"column":0},"end":{"line":100,"column":11}},"101":{"start":{"line":102,"column":0},"end":{"line":102,"column":21}},"103":{"start":{"line":104,"column":0},"end":{"line":104,"column":21}},"106":{"start":{"line":107,"column":0},"end":{"line":107,"column":58}},"107":{"start":{"line":108,"column":0},"end":{"line":108,"column":57}},"109":{"start":{"line":110,"column":0},"end":{"line":110,"column":20}},"110":{"start":{"line":111,"column":0},"end":{"line":111,"column":62}},"111":{"start":{"line":112,"column":0},"end":{"line":112,"column":8}},"112":{"start":{"line":113,"column":0},"end":{"line":113,"column":55}},"115":{"start":{"line":116,"column":0},"end":{"line":116,"column":33}},"116":{"start":{"line":117,"column":0},"end":{"line":117,"column":72}},"117":{"start":{"line":118,"column":0},"end":{"line":118,"column":34}},"118":{"start":{"line":119,"column":0},"end":{"line":119,"column":6}},"120":{"start":{"line":121,"column":0},"end":{"line":121,"column":30}},"121":{"start":{"line":122,"column":0},"end":{"line":122,"column":69}},"122":{"start":{"line":123,"column":0},"end":{"line":123,"column":34}},"123":{"start":{"line":124,"column":0},"end":{"line":124,"column":6}},"125":{"start":{"line":126,"column":0},"end":{"line":126,"column":31}},"126":{"start":{"line":127,"column":0},"end":{"line":127,"column":47}},"127":{"start":{"line":128,"column":0},"end":{"line":128,"column":6}},"130":{"start":{"line":131,"column":0},"end":{"line":131,"column":20}},"131":{"start":{"line":132,"column":0},"end":{"line":132,"column":14}},"132":{"start":{"line":133,"column":0},"end":{"line":133,"column":12}},"133":{"start":{"line":134,"column":0},"end":{"line":134,"column":23}},"134":{"start":{"line":135,"column":0},"end":{"line":135,"column":104}},"135":{"start":{"line":136,"column":0},"end":{"line":136,"column":15}},"138":{"start":{"line":139,"column":0},"end":{"line":139,"column":95}},"140":{"start":{"line":141,"column":0},"end":{"line":141,"column":12}},"141":{"start":{"line":142,"column":0},"end":{"line":142,"column":10}},"142":{"start":{"line":143,"column":0},"end":{"line":143,"column":31}},"143":{"start":{"line":144,"column":0},"end":{"line":144,"column":58}},"144":{"start":{"line":145,"column":0},"end":{"line":145,"column":71}},"145":{"start":{"line":146,"column":0},"end":{"line":146,"column":29}},"147":{"start":{"line":148,"column":0},"end":{"line":148,"column":110}},"148":{"start":{"line":149,"column":0},"end":{"line":149,"column":117}},"149":{"start":{"line":150,"column":0},"end":{"line":150,"column":24}},"150":{"start":{"line":151,"column":0},"end":{"line":151,"column":39}},"151":{"start":{"line":152,"column":0},"end":{"line":152,"column":28}},"152":{"start":{"line":153,"column":0},"end":{"line":153,"column":26}},"153":{"start":{"line":154,"column":0},"end":{"line":154,"column":50}},"154":{"start":{"line":155,"column":0},"end":{"line":155,"column":12}},"155":{"start":{"line":156,"column":0},"end":{"line":156,"column":30}},"156":{"start":{"line":157,"column":0},"end":{"line":157,"column":34}},"157":{"start":{"line":158,"column":0},"end":{"line":158,"column":91}},"158":{"start":{"line":159,"column":0},"end":{"line":159,"column":42}},"159":{"start":{"line":160,"column":0},"end":{"line":160,"column":14}},"161":{"start":{"line":162,"column":0},"end":{"line":162,"column":21}},"162":{"start":{"line":163,"column":0},"end":{"line":163,"column":91}},"163":{"start":{"line":164,"column":0},"end":{"line":164,"column":42}},"164":{"start":{"line":165,"column":0},"end":{"line":165,"column":14}},"166":{"start":{"line":167,"column":0},"end":{"line":167,"column":14}},"167":{"start":{"line":168,"column":0},"end":{"line":168,"column":13}},"168":{"start":{"line":169,"column":0},"end":{"line":169,"column":99}},"169":{"start":{"line":170,"column":0},"end":{"line":170,"column":19}},"170":{"start":{"line":171,"column":0},"end":{"line":171,"column":15}},"171":{"start":{"line":172,"column":0},"end":{"line":172,"column":100}},"172":{"start":{"line":173,"column":0},"end":{"line":173,"column":14}},"173":{"start":{"line":174,"column":0},"end":{"line":174,"column":12}},"175":{"start":{"line":176,"column":0},"end":{"line":176,"column":3}},"176":{"start":{"line":177,"column":0},"end":{"line":177,"column":2}},"178":{"start":{"line":179,"column":0},"end":{"line":179,"column":20}}},"s":{"0":1,"1":1,"3":1,"4":1,"5":1,"6":1,"7":1,"21":1,"24":1,"25":4,"26":4,"27":0,"28":0,"29":0,"30":4,"32":1,"33":1,"34":7,"35":7,"36":7,"39":7,"40":4,"41":0,"42":0,"44":4,"47":4,"48":7,"51":7,"52":7,"53":7,"54":7,"55":7,"56":7,"57":7,"60":7,"61":7,"62":7,"63":7,"66":7,"67":7,"68":7,"69":0,"70":7,"71":7,"72":7,"73":0,"74":7,"75":0,"76":7,"77":0,"78":7,"79":7,"82":7,"83":2,"84":2,"87":7,"88":7,"89":7,"90":7,"91":7,"94":7,"95":4,"96":0,"97":0,"98":0,"99":7,"101":7,"103":4,"106":4,"107":4,"109":4,"110":4,"111":4,"112":7,"115":7,"116":0,"117":0,"118":0,"120":7,"121":1,"122":1,"123":1,"125":7,"126":1,"127":1,"130":7,"131":7,"132":4,"133":4,"134":4,"135":4,"138":7,"140":2,"141":2,"142":2,"143":2,"144":7,"145":7,"147":7,"148":7,"149":7,"150":7,"151":7,"152":7,"153":7,"154":7,"155":7,"156":2,"157":2,"158":2,"159":2,"161":0,"162":0,"163":0,"164":0,"166":7,"167":7,"168":7,"169":7,"170":7,"171":7,"172":7,"173":7,"175":7,"176":1,"178":1},"branchMap":{"0":{"type":"branch","line":25,"loc":{"start":{"line":25,"column":17},"end":{"line":31,"column":2}},"locations":[{"start":{"line":25,"column":17},"end":{"line":31,"column":2}}]},"1":{"type":"branch","line":34,"loc":{"start":{"line":34,"column":2},"end":{"line":176,"column":3}},"locations":[{"start":{"line":34,"column":2},"end":{"line":176,"column":3}}]},"2":{"type":"branch","line":61,"loc":{"start":{"line":61,"column":31},"end":{"line":61,"column":64}},"locations":[{"start":{"line":61,"column":31},"end":{"line":61,"column":64}}]},"3":{"type":"branch","line":61,"loc":{"start":{"line":61,"column":46},"end":{"line":61,"column":67}},"locations":[{"start":{"line":61,"column":46},"end":{"line":61,"column":67}}]},"4":{"type":"branch","line":62,"loc":{"start":{"line":62,"column":35},"end":{"line":62,"column":67}},"locations":[{"start":{"line":62,"column":35},"end":{"line":62,"column":67}}]},"5":{"type":"branch","line":62,"loc":{"start":{"line":62,"column":50},"end":{"line":62,"column":70}},"locations":[{"start":{"line":62,"column":50},"end":{"line":62,"column":70}}]},"6":{"type":"branch","line":63,"loc":{"start":{"line":63,"column":28},"end":{"line":63,"column":55}},"locations":[{"start":{"line":63,"column":28},"end":{"line":63,"column":55}}]},"7":{"type":"branch","line":63,"loc":{"start":{"line":63,"column":43},"end":{"line":63,"column":58}},"locations":[{"start":{"line":63,"column":43},"end":{"line":63,"column":58}}]},"8":{"type":"branch","line":64,"loc":{"start":{"line":64,"column":28},"end":{"line":64,"column":56}},"locations":[{"start":{"line":64,"column":28},"end":{"line":64,"column":56}}]},"9":{"type":"branch","line":64,"loc":{"start":{"line":64,"column":43},"end":{"line":64,"column":59}},"locations":[{"start":{"line":64,"column":43},"end":{"line":64,"column":59}}]},"10":{"type":"branch","line":132,"loc":{"start":{"line":132,"column":6},"end":{"line":136,"column":15}},"locations":[{"start":{"line":132,"column":6},"end":{"line":136,"column":15}}]},"11":{"type":"branch","line":136,"loc":{"start":{"line":136,"column":9},"end":{"line":139,"column":26}},"locations":[{"start":{"line":136,"column":9},"end":{"line":139,"column":26}}]},"12":{"type":"branch","line":139,"loc":{"start":{"line":139,"column":19},"end":{"line":139,"column":95}},"locations":[{"start":{"line":139,"column":19},"end":{"line":139,"column":95}}]},"13":{"type":"branch","line":139,"loc":{"start":{"line":139,"column":88},"end":{"line":145,"column":47}},"locations":[{"start":{"line":139,"column":88},"end":{"line":145,"column":47}}]},"14":{"type":"branch","line":145,"loc":{"start":{"line":145,"column":41},"end":{"line":145,"column":59}},"locations":[{"start":{"line":145,"column":41},"end":{"line":145,"column":59}}]},"15":{"type":"branch","line":145,"loc":{"start":{"line":145,"column":47},"end":{"line":145,"column":69}},"locations":[{"start":{"line":145,"column":47},"end":{"line":145,"column":69}}]},"16":{"type":"branch","line":156,"loc":{"start":{"line":156,"column":11},"end":{"line":156,"column":30}},"locations":[{"start":{"line":156,"column":11},"end":{"line":156,"column":30}}]},"17":{"type":"branch","line":156,"loc":{"start":{"line":156,"column":19},"end":{"line":160,"column":14}},"locations":[{"start":{"line":156,"column":19},"end":{"line":160,"column":14}}]},"18":{"type":"branch","line":160,"loc":{"start":{"line":160,"column":12},"end":{"line":165,"column":14}},"locations":[{"start":{"line":160,"column":12},"end":{"line":165,"column":14}}]},"19":{"type":"branch","line":172,"loc":{"start":{"line":172,"column":11},"end":{"line":172,"column":100}},"locations":[{"start":{"line":172,"column":11},"end":{"line":172,"column":100}}]},"20":{"type":"branch","line":40,"loc":{"start":{"line":40,"column":14},"end":{"line":49,"column":7}},"locations":[{"start":{"line":40,"column":14},"end":{"line":49,"column":7}}]},"21":{"type":"branch","line":48,"loc":{"start":{"line":48,"column":13},"end":{"line":48,"column":70}},"locations":[{"start":{"line":48,"column":13},"end":{"line":48,"column":70}}]},"22":{"type":"branch","line":67,"loc":{"start":{"line":67,"column":35},"end":{"line":80,"column":7}},"locations":[{"start":{"line":67,"column":35},"end":{"line":80,"column":7}}]},"23":{"type":"branch","line":69,"loc":{"start":{"line":69,"column":8},"end":{"line":70,"column":27}},"locations":[{"start":{"line":69,"column":8},"end":{"line":70,"column":27}}]},"24":{"type":"branch","line":73,"loc":{"start":{"line":73,"column":8},"end":{"line":74,"column":27}},"locations":[{"start":{"line":73,"column":8},"end":{"line":74,"column":27}}]},"25":{"type":"branch","line":75,"loc":{"start":{"line":75,"column":8},"end":{"line":76,"column":27}},"locations":[{"start":{"line":75,"column":8},"end":{"line":76,"column":27}}]},"26":{"type":"branch","line":77,"loc":{"start":{"line":77,"column":8},"end":{"line":78,"column":20}},"locations":[{"start":{"line":77,"column":8},"end":{"line":78,"column":20}}]},"27":{"type":"branch","line":83,"loc":{"start":{"line":83,"column":24},"end":{"line":85,"column":6}},"locations":[{"start":{"line":83,"column":24},"end":{"line":85,"column":6}}]},"28":{"type":"branch","line":88,"loc":{"start":{"line":88,"column":35},"end":{"line":92,"column":7}},"locations":[{"start":{"line":88,"column":35},"end":{"line":92,"column":7}}]},"29":{"type":"branch","line":89,"loc":{"start":{"line":89,"column":54},"end":{"line":90,"column":51}},"locations":[{"start":{"line":89,"column":54},"end":{"line":90,"column":51}}]},"30":{"type":"branch","line":90,"loc":{"start":{"line":90,"column":34},"end":{"line":90,"column":71}},"locations":[{"start":{"line":90,"column":34},"end":{"line":90,"column":71}}]},"31":{"type":"branch","line":91,"loc":{"start":{"line":91,"column":13},"end":{"line":91,"column":56}},"locations":[{"start":{"line":91,"column":13},"end":{"line":91,"column":56}}]},"32":{"type":"branch","line":91,"loc":{"start":{"line":91,"column":51},"end":{"line":91,"column":59}},"locations":[{"start":{"line":91,"column":51},"end":{"line":91,"column":59}}]},"33":{"type":"branch","line":95,"loc":{"start":{"line":95,"column":37},"end":{"line":100,"column":7}},"locations":[{"start":{"line":95,"column":37},"end":{"line":100,"column":7}}]},"34":{"type":"branch","line":96,"loc":{"start":{"line":96,"column":37},"end":{"line":99,"column":7}},"locations":[{"start":{"line":96,"column":37},"end":{"line":99,"column":7}}]},"35":{"type":"branch","line":102,"loc":{"start":{"line":102,"column":14},"end":{"line":113,"column":7}},"locations":[{"start":{"line":102,"column":14},"end":{"line":113,"column":7}}]},"36":{"type":"branch","line":110,"loc":{"start":{"line":110,"column":13},"end":{"line":112,"column":8}},"locations":[{"start":{"line":110,"column":13},"end":{"line":112,"column":8}}]},"37":{"type":"branch","line":121,"loc":{"start":{"line":121,"column":23},"end":{"line":124,"column":6}},"locations":[{"start":{"line":121,"column":23},"end":{"line":124,"column":6}}]},"38":{"type":"branch","line":126,"loc":{"start":{"line":126,"column":24},"end":{"line":128,"column":6}},"locations":[{"start":{"line":126,"column":24},"end":{"line":128,"column":6}}]},"39":{"type":"branch","line":127,"loc":{"start":{"line":127,"column":27},"end":{"line":127,"column":47}},"locations":[{"start":{"line":127,"column":27},"end":{"line":127,"column":47}}]}},"b":{"0":[4],"1":[7],"2":[2],"3":[5],"4":[2],"5":[5],"6":[2],"7":[5],"8":[2],"9":[5],"10":[4],"11":[3],"12":[1],"13":[2],"14":[0],"15":[2],"16":[0],"17":[2],"18":[0],"19":[2],"20":[4],"21":[4],"22":[7],"23":[0],"24":[0],"25":[0],"26":[0],"27":[2],"28":[7],"29":[0],"30":[0],"31":[0],"32":[0],"33":[4],"34":[0],"35":[4],"36":[4],"37":[1],"38":[1],"39":[0]},"fnMap":{"0":{"name":"debounce","decl":{"start":{"line":25,"column":17},"end":{"line":31,"column":2}},"loc":{"start":{"line":25,"column":17},"end":{"line":31,"column":2}},"line":25},"1":{"name":"handleResize2","decl":{"start":{"line":41,"column":27},"end":{"line":43,"column":8}},"loc":{"start":{"line":41,"column":27},"end":{"line":43,"column":8}},"line":41},"2":{"name":"getImageUrl","decl":{"start":{"line":83,"column":24},"end":{"line":85,"column":6}},"loc":{"start":{"line":83,"column":24},"end":{"line":85,"column":6}},"line":83},"3":{"name":"handleTrailer","decl":{"start":{"line":116,"column":26},"end":{"line":119,"column":6}},"loc":{"start":{"line":116,"column":26},"end":{"line":119,"column":6}},"line":116},"4":{"name":"handleList","decl":{"start":{"line":121,"column":23},"end":{"line":124,"column":6}},"loc":{"start":{"line":121,"column":23},"end":{"line":124,"column":6}},"line":121},"5":{"name":"handleClick","decl":{"start":{"line":126,"column":24},"end":{"line":128,"column":6}},"loc":{"start":{"line":126,"column":24},"end":{"line":128,"column":6}},"line":126}},"f":{"0":4,"1":0,"2":2,"3":0,"4":1,"5":1}}
,"D:\\Web_Dev\\IMDB-Clone\\frontend\\src\\components\\Lists.tsx": {"path":"D:\\Web_Dev\\IMDB-Clone\\frontend\\src\\components\\Lists.tsx","all":false,"statementMap":{"0":{"start":{"line":1,"column":0},"end":{"line":1,"column":72}},"2":{"start":{"line":3,"column":0},"end":{"line":3,"column":64}},"3":{"start":{"line":4,"column":0},"end":{"line":4,"column":70}},"6":{"start":{"line":7,"column":0},"end":{"line":7,"column":48}},"18":{"start":{"line":19,"column":0},"end":{"line":19,"column":91}},"21":{"start":{"line":22,"column":0},"end":{"line":22,"column":68}},"22":{"start":{"line":23,"column":0},"end":{"line":23,"column":42}},"23":{"start":{"line":24,"column":0},"end":{"line":24,"column":2}},"26":{"start":{"line":27,"column":0},"end":{"line":27,"column":72}},"27":{"start":{"line":28,"column":0},"end":{"line":28,"column":45}},"28":{"start":{"line":29,"column":0},"end":{"line":29,"column":2}},"30":{"start":{"line":31,"column":0},"end":{"line":31,"column":47}},"31":{"start":{"line":32,"column":0},"end":{"line":32,"column":56}},"32":{"start":{"line":33,"column":0},"end":{"line":33,"column":42}},"33":{"start":{"line":34,"column":0},"end":{"line":34,"column":54}},"36":{"start":{"line":37,"column":0},"end":{"line":37,"column":50}},"38":{"start":{"line":39,"column":0},"end":{"line":39,"column":21}},"39":{"start":{"line":40,"column":0},"end":{"line":40,"column":33}},"40":{"start":{"line":41,"column":0},"end":{"line":41,"column":81}},"41":{"start":{"line":42,"column":0},"end":{"line":42,"column":25}},"42":{"start":{"line":43,"column":0},"end":{"line":43,"column":47}},"43":{"start":{"line":44,"column":0},"end":{"line":44,"column":9}},"44":{"start":{"line":45,"column":0},"end":{"line":45,"column":7}},"45":{"start":{"line":46,"column":0},"end":{"line":46,"column":30}},"48":{"start":{"line":49,"column":0},"end":{"line":49,"column":57}},"49":{"start":{"line":50,"column":0},"end":{"line":50,"column":33}},"50":{"start":{"line":51,"column":0},"end":{"line":51,"column":81}},"51":{"start":{"line":52,"column":0},"end":{"line":52,"column":44}},"52":{"start":{"line":53,"column":0},"end":{"line":53,"column":50}},"53":{"start":{"line":54,"column":0},"end":{"line":54,"column":9}},"54":{"start":{"line":55,"column":0},"end":{"line":55,"column":14}},"55":{"start":{"line":56,"column":0},"end":{"line":56,"column":48}},"56":{"start":{"line":57,"column":0},"end":{"line":57,"column":7}},"57":{"start":{"line":58,"column":0},"end":{"line":58,"column":11}},"59":{"start":{"line":60,"column":0},"end":{"line":60,"column":56}},"60":{"start":{"line":61,"column":0},"end":{"line":61,"column":33}},"61":{"start":{"line":62,"column":0},"end":{"line":62,"column":81}},"62":{"start":{"line":63,"column":0},"end":{"line":63,"column":44}},"63":{"start":{"line":64,"column":0},"end":{"line":64,"column":59}},"64":{"start":{"line":65,"column":0},"end":{"line":65,"column":9}},"65":{"start":{"line":66,"column":0},"end":{"line":66,"column":14}},"66":{"start":{"line":67,"column":0},"end":{"line":67,"column":57}},"67":{"start":{"line":68,"column":0},"end":{"line":68,"column":7}},"68":{"start":{"line":69,"column":0},"end":{"line":69,"column":11}},"71":{"start":{"line":72,"column":0},"end":{"line":72,"column":52}},"73":{"start":{"line":74,"column":0},"end":{"line":74,"column":12}},"74":{"start":{"line":75,"column":0},"end":{"line":75,"column":90}},"75":{"start":{"line":76,"column":0},"end":{"line":76,"column":99}},"76":{"start":{"line":77,"column":0},"end":{"line":77,"column":70}},"78":{"start":{"line":79,"column":0},"end":{"line":79,"column":17}},"79":{"start":{"line":80,"column":0},"end":{"line":80,"column":33}},"80":{"start":{"line":81,"column":0},"end":{"line":81,"column":170}},"81":{"start":{"line":82,"column":0},"end":{"line":82,"column":53}},"82":{"start":{"line":83,"column":0},"end":{"line":83,"column":54}},"84":{"start":{"line":85,"column":0},"end":{"line":85,"column":63}},"85":{"start":{"line":86,"column":0},"end":{"line":86,"column":19}},"88":{"start":{"line":89,"column":0},"end":{"line":89,"column":17}},"89":{"start":{"line":90,"column":0},"end":{"line":90,"column":33}},"90":{"start":{"line":91,"column":0},"end":{"line":91,"column":171}},"91":{"start":{"line":92,"column":0},"end":{"line":92,"column":53}},"92":{"start":{"line":93,"column":0},"end":{"line":93,"column":55}},"94":{"start":{"line":95,"column":0},"end":{"line":95,"column":66}},"95":{"start":{"line":96,"column":0},"end":{"line":96,"column":19}},"98":{"start":{"line":99,"column":0},"end":{"line":99,"column":14}},"99":{"start":{"line":100,"column":0},"end":{"line":100,"column":30}},"100":{"start":{"line":101,"column":0},"end":{"line":101,"column":82}},"101":{"start":{"line":102,"column":0},"end":{"line":102,"column":20}},"102":{"start":{"line":103,"column":0},"end":{"line":103,"column":63}},"103":{"start":{"line":104,"column":0},"end":{"line":104,"column":14}},"105":{"start":{"line":106,"column":0},"end":{"line":106,"column":41}},"106":{"start":{"line":107,"column":0},"end":{"line":107,"column":36}},"107":{"start":{"line":108,"column":0},"end":{"line":108,"column":24}},"108":{"start":{"line":109,"column":0},"end":{"line":109,"column":23}},"109":{"start":{"line":110,"column":0},"end":{"line":110,"column":29}},"110":{"start":{"line":111,"column":0},"end":{"line":111,"column":35}},"111":{"start":{"line":112,"column":0},"end":{"line":112,"column":43}},"112":{"start":{"line":113,"column":0},"end":{"line":113,"column":37}},"113":{"start":{"line":114,"column":0},"end":{"line":114,"column":38}},"114":{"start":{"line":115,"column":0},"end":{"line":115,"column":35}},"115":{"start":{"line":116,"column":0},"end":{"line":116,"column":20}},"117":{"start":{"line":118,"column":0},"end":{"line":118,"column":15}},"119":{"start":{"line":120,"column":0},"end":{"line":120,"column":34}},"120":{"start":{"line":121,"column":0},"end":{"line":121,"column":24}},"121":{"start":{"line":122,"column":0},"end":{"line":122,"column":23}},"122":{"start":{"line":123,"column":0},"end":{"line":123,"column":33}},"123":{"start":{"line":124,"column":0},"end":{"line":124,"column":35}},"124":{"start":{"line":125,"column":0},"end":{"line":125,"column":43}},"125":{"start":{"line":126,"column":0},"end":{"line":126,"column":51}},"126":{"start":{"line":127,"column":0},"end":{"line":127,"column":31}},"127":{"start":{"line":128,"column":0},"end":{"line":128,"column":20}},"129":{"start":{"line":130,"column":0},"end":{"line":130,"column":15}},"132":{"start":{"line":133,"column":0},"end":{"line":133,"column":28}},"133":{"start":{"line":134,"column":0},"end":{"line":134,"column":24}},"134":{"start":{"line":135,"column":0},"end":{"line":135,"column":23}},"135":{"start":{"line":136,"column":0},"end":{"line":136,"column":29}},"136":{"start":{"line":137,"column":0},"end":{"line":137,"column":43}},"137":{"start":{"line":138,"column":0},"end":{"line":138,"column":42}},"138":{"start":{"line":139,"column":0},"end":{"line":139,"column":37}},"139":{"start":{"line":140,"column":0},"end":{"line":140,"column":20}},"141":{"start":{"line":142,"column":0},"end":{"line":142,"column":15}},"142":{"start":{"line":143,"column":0},"end":{"line":143,"column":15}},"143":{"start":{"line":144,"column":0},"end":{"line":144,"column":16}},"144":{"start":{"line":145,"column":0},"end":{"line":145,"column":14}},"145":{"start":{"line":146,"column":0},"end":{"line":146,"column":12}},"147":{"start":{"line":148,"column":0},"end":{"line":148,"column":3}},"148":{"start":{"line":149,"column":0},"end":{"line":149,"column":2}},"150":{"start":{"line":151,"column":0},"end":{"line":151,"column":21}}},"s":{"0":1,"2":1,"3":1,"6":1,"18":1,"21":1,"22":16,"23":16,"26":1,"27":18,"28":18,"30":1,"31":1,"32":7,"33":7,"36":7,"38":7,"39":6,"40":6,"41":6,"42":5,"43":5,"44":6,"45":7,"48":7,"49":1,"50":1,"51":1,"52":1,"53":1,"54":1,"55":0,"56":0,"57":7,"59":7,"60":1,"61":1,"62":1,"63":1,"64":1,"65":1,"66":0,"67":0,"68":7,"71":7,"73":7,"74":7,"75":7,"76":7,"78":7,"79":7,"80":7,"81":7,"82":7,"84":7,"85":7,"88":7,"89":7,"90":7,"91":7,"92":7,"94":7,"95":7,"98":7,"99":7,"100":7,"101":7,"102":7,"103":7,"105":7,"106":18,"107":2,"108":2,"109":2,"110":2,"111":2,"112":2,"113":2,"114":2,"115":2,"117":2,"119":18,"120":8,"121":8,"122":8,"123":8,"124":8,"125":8,"126":8,"127":8,"129":8,"132":18,"133":4,"134":4,"135":4,"136":4,"137":4,"138":4,"139":4,"141":4,"142":7,"143":7,"144":7,"145":7,"147":7,"148":1,"150":1},"branchMap":{"0":{"type":"branch","line":7,"loc":{"start":{"line":7,"column":24},"end":{"line":7,"column":48}},"locations":[{"start":{"line":7,"column":24},"end":{"line":7,"column":48}}]},"1":{"type":"branch","line":22,"loc":{"start":{"line":22,"column":16},"end":{"line":24,"column":2}},"locations":[{"start":{"line":22,"column":16},"end":{"line":24,"column":2}}]},"2":{"type":"branch","line":27,"loc":{"start":{"line":27,"column":18},"end":{"line":29,"column":2}},"locations":[{"start":{"line":27,"column":18},"end":{"line":29,"column":2}}]},"3":{"type":"branch","line":32,"loc":{"start":{"line":32,"column":2},"end":{"line":148,"column":3}},"locations":[{"start":{"line":32,"column":2},"end":{"line":148,"column":3}}]},"4":{"type":"branch","line":72,"loc":{"start":{"line":72,"column":20},"end":{"line":72,"column":45}},"locations":[{"start":{"line":72,"column":20},"end":{"line":72,"column":45}}]},"5":{"type":"branch","line":72,"loc":{"start":{"line":72,"column":37},"end":{"line":72,"column":52}},"locations":[{"start":{"line":72,"column":37},"end":{"line":72,"column":52}}]},"6":{"type":"branch","line":75,"loc":{"start":{"line":75,"column":45},"end":{"line":75,"column":74}},"locations":[{"start":{"line":75,"column":45},"end":{"line":75,"column":74}}]},"7":{"type":"branch","line":39,"loc":{"start":{"line":39,"column":14},"end":{"line":46,"column":7}},"locations":[{"start":{"line":39,"column":14},"end":{"line":46,"column":7}}]},"8":{"type":"branch","line":42,"loc":{"start":{"line":42,"column":24},"end":{"line":44,"column":9}},"locations":[{"start":{"line":42,"column":24},"end":{"line":44,"column":9}}]},"9":{"type":"branch","line":49,"loc":{"start":{"line":49,"column":36},"end":{"line":58,"column":7}},"locations":[{"start":{"line":49,"column":36},"end":{"line":58,"column":7}}]},"10":{"type":"branch","line":55,"loc":{"start":{"line":55,"column":6},"end":{"line":57,"column":7}},"locations":[{"start":{"line":55,"column":6},"end":{"line":57,"column":7}}]},"11":{"type":"branch","line":53,"loc":{"start":{"line":53,"column":19},"end":{"line":53,"column":48}},"locations":[{"start":{"line":53,"column":19},"end":{"line":53,"column":48}}]},"12":{"type":"branch","line":60,"loc":{"start":{"line":60,"column":35},"end":{"line":69,"column":7}},"locations":[{"start":{"line":60,"column":35},"end":{"line":69,"column":7}}]},"13":{"type":"branch","line":66,"loc":{"start":{"line":66,"column":6},"end":{"line":68,"column":7}},"locations":[{"start":{"line":66,"column":6},"end":{"line":68,"column":7}}]},"14":{"type":"branch","line":64,"loc":{"start":{"line":64,"column":19},"end":{"line":64,"column":57}},"locations":[{"start":{"line":64,"column":19},"end":{"line":64,"column":57}}]},"15":{"type":"branch","line":83,"loc":{"start":{"line":83,"column":21},"end":{"line":83,"column":54}},"locations":[{"start":{"line":83,"column":21},"end":{"line":83,"column":54}}]},"16":{"type":"branch","line":93,"loc":{"start":{"line":93,"column":21},"end":{"line":93,"column":55}},"locations":[{"start":{"line":93,"column":21},"end":{"line":93,"column":55}}]},"17":{"type":"branch","line":106,"loc":{"start":{"line":106,"column":25},"end":{"line":143,"column":13}},"locations":[{"start":{"line":106,"column":25},"end":{"line":143,"column":13}}]},"18":{"type":"branch","line":107,"loc":{"start":{"line":107,"column":35},"end":{"line":118,"column":15}},"locations":[{"start":{"line":107,"column":35},"end":{"line":118,"column":15}}]},"19":{"type":"branch","line":118,"loc":{"start":{"line":118,"column":14},"end":{"line":120,"column":33}},"locations":[{"start":{"line":118,"column":14},"end":{"line":120,"column":33}}]},"20":{"type":"branch","line":120,"loc":{"start":{"line":120,"column":33},"end":{"line":133,"column":27}},"locations":[{"start":{"line":120,"column":33},"end":{"line":133,"column":27}}]},"21":{"type":"branch","line":126,"loc":{"start":{"line":126,"column":32},"end":{"line":126,"column":51}},"locations":[{"start":{"line":126,"column":32},"end":{"line":126,"column":51}}]},"22":{"type":"branch","line":133,"loc":{"start":{"line":133,"column":27},"end":{"line":142,"column":15}},"locations":[{"start":{"line":133,"column":27},"end":{"line":142,"column":15}}]}},"b":{"0":[1],"1":[16],"2":[18],"3":[7],"4":[6],"5":[2],"6":[0],"7":[6],"8":[5],"9":[1],"10":[0],"11":[1],"12":[1],"13":[0],"14":[1],"15":[1],"16":[1],"17":[18],"18":[2],"19":[16],"20":[8],"21":[0],"22":[4]},"fnMap":{"0":{"name":"isMedia","decl":{"start":{"line":22,"column":16},"end":{"line":24,"column":2}},"loc":{"start":{"line":22,"column":16},"end":{"line":24,"column":2}},"line":22},"1":{"name":"isTrailer","decl":{"start":{"line":27,"column":18},"end":{"line":29,"column":2}},"loc":{"start":{"line":27,"column":18},"end":{"line":29,"column":2}},"line":27},"2":{"name":"onClick","decl":{"start":{"line":83,"column":21},"end":{"line":83,"column":54}},"loc":{"start":{"line":83,"column":21},"end":{"line":83,"column":54}},"line":83},"3":{"name":"onClick","decl":{"start":{"line":93,"column":21},"end":{"line":93,"column":55}},"loc":{"start":{"line":93,"column":21},"end":{"line":93,"column":55}},"line":93}},"f":{"0":16,"1":18,"2":1,"3":1}}
,"D:\\Web_Dev\\IMDB-Clone\\frontend\\src\\components\\MediaList.tsx": {"path":"D:\\Web_Dev\\IMDB-Clone\\frontend\\src\\components\\MediaList.tsx","all":false,"statementMap":{"0":{"start":{"line":1,"column":0},"end":{"line":1,"column":72}},"1":{"start":{"line":2,"column":0},"end":{"line":2,"column":47}},"2":{"start":{"line":3,"column":0},"end":{"line":3,"column":49}},"3":{"start":{"line":4,"column":0},"end":{"line":4,"column":56}},"11":{"start":{"line":12,"column":0},"end":{"line":12,"column":28}},"12":{"start":{"line":13,"column":0},"end":{"line":13,"column":26}},"13":{"start":{"line":14,"column":0},"end":{"line":14,"column":46}},"14":{"start":{"line":15,"column":0},"end":{"line":15,"column":48}},"15":{"start":{"line":16,"column":0},"end":{"line":16,"column":62}},"16":{"start":{"line":17,"column":0},"end":{"line":17,"column":58}},"17":{"start":{"line":18,"column":0},"end":{"line":18,"column":64}},"18":{"start":{"line":19,"column":0},"end":{"line":19,"column":64}},"19":{"start":{"line":20,"column":0},"end":{"line":20,"column":70}},"20":{"start":{"line":21,"column":0},"end":{"line":21,"column":64}},"21":{"start":{"line":22,"column":0},"end":{"line":22,"column":45}},"44":{"start":{"line":45,"column":0},"end":{"line":45,"column":22}},"45":{"start":{"line":46,"column":0},"end":{"line":46,"column":40}},"46":{"start":{"line":47,"column":0},"end":{"line":47,"column":36}},"47":{"start":{"line":48,"column":0},"end":{"line":48,"column":32}},"48":{"start":{"line":49,"column":0},"end":{"line":49,"column":28}},"49":{"start":{"line":50,"column":0},"end":{"line":50,"column":2}},"51":{"start":{"line":52,"column":0},"end":{"line":52,"column":81}},"52":{"start":{"line":53,"column":0},"end":{"line":53,"column":29}},"53":{"start":{"line":54,"column":0},"end":{"line":54,"column":33}},"56":{"start":{"line":57,"column":0},"end":{"line":57,"column":48}},"57":{"start":{"line":58,"column":0},"end":{"line":58,"column":48}},"58":{"start":{"line":59,"column":0},"end":{"line":59,"column":48}},"59":{"start":{"line":60,"column":0},"end":{"line":60,"column":50}},"60":{"start":{"line":61,"column":0},"end":{"line":61,"column":82}},"63":{"start":{"line":64,"column":0},"end":{"line":64,"column":52}},"64":{"start":{"line":65,"column":0},"end":{"line":65,"column":49}},"67":{"start":{"line":68,"column":0},"end":{"line":68,"column":9}},"68":{"start":{"line":69,"column":0},"end":{"line":69,"column":24}},"69":{"start":{"line":70,"column":0},"end":{"line":70,"column":25}},"70":{"start":{"line":71,"column":0},"end":{"line":71,"column":21}},"71":{"start":{"line":72,"column":0},"end":{"line":72,"column":32}},"72":{"start":{"line":73,"column":0},"end":{"line":73,"column":31}},"73":{"start":{"line":74,"column":0},"end":{"line":74,"column":5}},"76":{"start":{"line":77,"column":0},"end":{"line":77,"column":59}},"77":{"start":{"line":78,"column":0},"end":{"line":78,"column":89}},"78":{"start":{"line":79,"column":0},"end":{"line":79,"column":68}},"79":{"start":{"line":80,"column":0},"end":{"line":80,"column":18}},"80":{"start":{"line":81,"column":0},"end":{"line":81,"column":59}},"81":{"start":{"line":82,"column":0},"end":{"line":82,"column":52}},"82":{"start":{"line":83,"column":0},"end":{"line":83,"column":24}},"83":{"start":{"line":84,"column":0},"end":{"line":84,"column":10}},"84":{"start":{"line":85,"column":0},"end":{"line":85,"column":16}},"85":{"start":{"line":86,"column":0},"end":{"line":86,"column":14}},"86":{"start":{"line":87,"column":0},"end":{"line":87,"column":13}},"87":{"start":{"line":88,"column":0},"end":{"line":88,"column":8}},"88":{"start":{"line":89,"column":0},"end":{"line":89,"column":17}},"89":{"start":{"line":90,"column":0},"end":{"line":90,"column":22}},"91":{"start":{"line":92,"column":0},"end":{"line":92,"column":19}},"92":{"start":{"line":93,"column":0},"end":{"line":93,"column":21}},"94":{"start":{"line":95,"column":0},"end":{"line":95,"column":68}},"95":{"start":{"line":96,"column":0},"end":{"line":96,"column":36}},"98":{"start":{"line":99,"column":0},"end":{"line":99,"column":19}},"99":{"start":{"line":100,"column":0},"end":{"line":100,"column":32}},"100":{"start":{"line":101,"column":0},"end":{"line":101,"column":43}},"101":{"start":{"line":102,"column":0},"end":{"line":102,"column":6}},"103":{"start":{"line":104,"column":0},"end":{"line":104,"column":52}},"106":{"start":{"line":107,"column":0},"end":{"line":107,"column":68}},"107":{"start":{"line":108,"column":0},"end":{"line":108,"column":9}},"110":{"start":{"line":111,"column":0},"end":{"line":111,"column":50}},"111":{"start":{"line":112,"column":0},"end":{"line":112,"column":9}},"112":{"start":{"line":113,"column":0},"end":{"line":113,"column":86}},"113":{"start":{"line":114,"column":0},"end":{"line":114,"column":30}},"114":{"start":{"line":115,"column":0},"end":{"line":115,"column":9}},"115":{"start":{"line":116,"column":0},"end":{"line":116,"column":34}},"116":{"start":{"line":117,"column":0},"end":{"line":117,"column":26}},"117":{"start":{"line":118,"column":0},"end":{"line":118,"column":90}},"118":{"start":{"line":119,"column":0},"end":{"line":119,"column":5}},"119":{"start":{"line":120,"column":0},"end":{"line":120,"column":9}},"121":{"start":{"line":122,"column":0},"end":{"line":122,"column":19}},"122":{"start":{"line":123,"column":0},"end":{"line":123,"column":50}},"123":{"start":{"line":124,"column":0},"end":{"line":124,"column":23}},"124":{"start":{"line":125,"column":0},"end":{"line":125,"column":5}},"125":{"start":{"line":126,"column":0},"end":{"line":126,"column":29}},"128":{"start":{"line":129,"column":0},"end":{"line":129,"column":62}},"129":{"start":{"line":130,"column":0},"end":{"line":130,"column":51}},"130":{"start":{"line":131,"column":0},"end":{"line":131,"column":44}},"131":{"start":{"line":132,"column":0},"end":{"line":132,"column":56}},"132":{"start":{"line":133,"column":0},"end":{"line":133,"column":53}},"133":{"start":{"line":134,"column":0},"end":{"line":134,"column":44}},"134":{"start":{"line":135,"column":0},"end":{"line":135,"column":51}},"135":{"start":{"line":136,"column":0},"end":{"line":136,"column":6}},"138":{"start":{"line":139,"column":0},"end":{"line":139,"column":31}},"139":{"start":{"line":140,"column":0},"end":{"line":140,"column":36}},"140":{"start":{"line":141,"column":0},"end":{"line":141,"column":13}},"141":{"start":{"line":142,"column":0},"end":{"line":142,"column":5}},"144":{"start":{"line":145,"column":0},"end":{"line":145,"column":30}},"145":{"start":{"line":146,"column":0},"end":{"line":146,"column":23}},"146":{"start":{"line":147,"column":0},"end":{"line":147,"column":86}},"148":{"start":{"line":149,"column":0},"end":{"line":149,"column":39}},"149":{"start":{"line":150,"column":0},"end":{"line":150,"column":96}},"150":{"start":{"line":151,"column":0},"end":{"line":151,"column":13}},"151":{"start":{"line":152,"column":0},"end":{"line":152,"column":5}},"153":{"start":{"line":154,"column":0},"end":{"line":154,"column":32}},"154":{"start":{"line":155,"column":0},"end":{"line":155,"column":23}},"155":{"start":{"line":156,"column":0},"end":{"line":156,"column":90}},"157":{"start":{"line":158,"column":0},"end":{"line":158,"column":39}},"158":{"start":{"line":159,"column":0},"end":{"line":159,"column":14}},"159":{"start":{"line":160,"column":0},"end":{"line":160,"column":93}},"160":{"start":{"line":161,"column":0},"end":{"line":161,"column":8}},"161":{"start":{"line":162,"column":0},"end":{"line":162,"column":5}},"162":{"start":{"line":163,"column":0},"end":{"line":163,"column":4}},"164":{"start":{"line":165,"column":0},"end":{"line":165,"column":39}},"165":{"start":{"line":166,"column":0},"end":{"line":166,"column":19}},"166":{"start":{"line":167,"column":0},"end":{"line":167,"column":51}},"167":{"start":{"line":168,"column":0},"end":{"line":168,"column":24}},"168":{"start":{"line":169,"column":0},"end":{"line":169,"column":36}},"169":{"start":{"line":170,"column":0},"end":{"line":170,"column":5}},"170":{"start":{"line":171,"column":0},"end":{"line":171,"column":29}},"173":{"start":{"line":174,"column":0},"end":{"line":174,"column":48}},"174":{"start":{"line":175,"column":0},"end":{"line":175,"column":52}},"175":{"start":{"line":176,"column":0},"end":{"line":176,"column":80}},"176":{"start":{"line":177,"column":0},"end":{"line":177,"column":79}},"177":{"start":{"line":178,"column":0},"end":{"line":178,"column":31}},"178":{"start":{"line":179,"column":0},"end":{"line":179,"column":33}},"179":{"start":{"line":180,"column":0},"end":{"line":180,"column":5}},"180":{"start":{"line":181,"column":0},"end":{"line":181,"column":9}},"183":{"start":{"line":184,"column":0},"end":{"line":184,"column":84}},"184":{"start":{"line":185,"column":0},"end":{"line":185,"column":34}},"185":{"start":{"line":186,"column":0},"end":{"line":186,"column":41}},"186":{"start":{"line":187,"column":0},"end":{"line":187,"column":30}},"187":{"start":{"line":188,"column":0},"end":{"line":188,"column":57}},"188":{"start":{"line":189,"column":0},"end":{"line":189,"column":12}},"189":{"start":{"line":190,"column":0},"end":{"line":190,"column":3}},"191":{"start":{"line":192,"column":0},"end":{"line":192,"column":19}},"192":{"start":{"line":193,"column":0},"end":{"line":193,"column":29}},"193":{"start":{"line":194,"column":0},"end":{"line":194,"column":21}},"194":{"start":{"line":195,"column":0},"end":{"line":195,"column":58}},"195":{"start":{"line":196,"column":0},"end":{"line":196,"column":57}},"196":{"start":{"line":197,"column":0},"end":{"line":197,"column":73}},"197":{"start":{"line":198,"column":0},"end":{"line":198,"column":5}},"198":{"start":{"line":199,"column":0},"end":{"line":199,"column":27}},"201":{"start":{"line":202,"column":0},"end":{"line":202,"column":82}},"202":{"start":{"line":203,"column":0},"end":{"line":203,"column":29}},"203":{"start":{"line":204,"column":0},"end":{"line":204,"column":44}},"204":{"start":{"line":205,"column":0},"end":{"line":205,"column":34}},"205":{"start":{"line":206,"column":0},"end":{"line":206,"column":56}},"206":{"start":{"line":207,"column":0},"end":{"line":207,"column":7}},"207":{"start":{"line":208,"column":0},"end":{"line":208,"column":33}},"208":{"start":{"line":209,"column":0},"end":{"line":209,"column":56}},"209":{"start":{"line":210,"column":0},"end":{"line":210,"column":7}},"210":{"start":{"line":211,"column":0},"end":{"line":211,"column":57}},"211":{"start":{"line":212,"column":0},"end":{"line":212,"column":7}},"212":{"start":{"line":213,"column":0},"end":{"line":213,"column":4}},"214":{"start":{"line":215,"column":0},"end":{"line":215,"column":53}},"215":{"start":{"line":216,"column":0},"end":{"line":216,"column":36}},"216":{"start":{"line":217,"column":0},"end":{"line":217,"column":4}},"218":{"start":{"line":219,"column":0},"end":{"line":219,"column":52}},"219":{"start":{"line":220,"column":0},"end":{"line":220,"column":35}},"220":{"start":{"line":221,"column":0},"end":{"line":221,"column":4}},"223":{"start":{"line":224,"column":0},"end":{"line":224,"column":19}},"224":{"start":{"line":225,"column":0},"end":{"line":225,"column":22}},"225":{"start":{"line":226,"column":0},"end":{"line":226,"column":39}},"226":{"start":{"line":227,"column":0},"end":{"line":227,"column":11}},"227":{"start":{"line":228,"column":0},"end":{"line":228,"column":62}},"228":{"start":{"line":229,"column":0},"end":{"line":229,"column":55}},"229":{"start":{"line":230,"column":0},"end":{"line":230,"column":35}},"230":{"start":{"line":231,"column":0},"end":{"line":231,"column":10}},"232":{"start":{"line":233,"column":0},"end":{"line":233,"column":31}
[...]
46":{"start":{"line":147,"column":0},"end":{"line":147,"column":58}},"147":{"start":{"line":148,"column":0},"end":{"line":148,"column":10}},"148":{"start":{"line":149,"column":0},"end":{"line":149,"column":24}},"149":{"start":{"line":150,"column":0},"end":{"line":150,"column":35}},"150":{"start":{"line":151,"column":0},"end":{"line":151,"column":11}},"151":{"start":{"line":152,"column":0},"end":{"line":152,"column":5}},"152":{"start":{"line":153,"column":0},"end":{"line":153,"column":90}},"155":{"start":{"line":156,"column":0},"end":{"line":156,"column":19}},"156":{"start":{"line":157,"column":0},"end":{"line":157,"column":75}},"157":{"start":{"line":158,"column":0},"end":{"line":158,"column":83}},"159":{"start":{"line":160,"column":0},"end":{"line":160,"column":23}},"160":{"start":{"line":161,"column":0},"end":{"line":161,"column":31}},"161":{"start":{"line":162,"column":0},"end":{"line":162,"column":5}},"162":{"start":{"line":163,"column":0},"end":{"line":163,"column":32}},"165":{"start":{"line":166,"column":0},"end":{"line":166,"column":20}},"166":{"start":{"line":167,"column":0},"end":{"line":167,"column":12}},"167":{"start":{"line":168,"column":0},"end":{"line":168,"column":112}},"169":{"start":{"line":170,"column":0},"end":{"line":170,"column":98}},"171":{"start":{"line":172,"column":0},"end":{"line":172,"column":10}},"172":{"start":{"line":173,"column":0},"end":{"line":173,"column":43}},"173":{"start":{"line":174,"column":0},"end":{"line":174,"column":16}},"174":{"start":{"line":175,"column":0},"end":{"line":175,"column":10}},"175":{"start":{"line":176,"column":0},"end":{"line":176,"column":86}},"176":{"start":{"line":177,"column":0},"end":{"line":177,"column":68}},"178":{"start":{"line":179,"column":0},"end":{"line":179,"column":80}},"179":{"start":{"line":180,"column":0},"end":{"line":180,"column":15}},"180":{"start":{"line":181,"column":0},"end":{"line":181,"column":20}},"181":{"start":{"line":182,"column":0},"end":{"line":182,"column":134}},"183":{"start":{"line":184,"column":0},"end":{"line":184,"column":54}},"184":{"start":{"line":185,"column":0},"end":{"line":185,"column":17}},"185":{"start":{"line":186,"column":0},"end":{"line":186,"column":22}},"186":{"start":{"line":187,"column":0},"end":{"line":187,"column":69}},"187":{"start":{"line":188,"column":0},"end":{"line":188,"column":26}},"188":{"start":{"line":189,"column":0},"end":{"line":189,"column":27}},"189":{"start":{"line":190,"column":0},"end":{"line":190,"column":27}},"190":{"start":{"line":191,"column":0},"end":{"line":191,"column":27}},"191":{"start":{"line":192,"column":0},"end":{"line":192,"column":12}},"192":{"start":{"line":193,"column":0},"end":{"line":193,"column":14}},"193":{"start":{"line":194,"column":0},"end":{"line":194,"column":100}},"194":{"start":{"line":195,"column":0},"end":{"line":195,"column":79}},"195":{"start":{"line":196,"column":0},"end":{"line":196,"column":96}},"196":{"start":{"line":197,"column":0},"end":{"line":197,"column":116}},"197":{"start":{"line":198,"column":0},"end":{"line":198,"column":22}},"198":{"start":{"line":199,"column":0},"end":{"line":199,"column":71}},"199":{"start":{"line":200,"column":0},"end":{"line":200,"column":46}},"200":{"start":{"line":201,"column":0},"end":{"line":201,"column":16}},"201":{"start":{"line":202,"column":0},"end":{"line":202,"column":28}},"202":{"start":{"line":203,"column":0},"end":{"line":203,"column":86}},"203":{"start":{"line":204,"column":0},"end":{"line":204,"column":30}},"204":{"start":{"line":205,"column":0},"end":{"line":205,"column":21}},"205":{"start":{"line":206,"column":0},"end":{"line":206,"column":98}},"206":{"start":{"line":207,"column":0},"end":{"line":207,"column":36}},"207":{"start":{"line":208,"column":0},"end":{"line":208,"column":38}},"209":{"start":{"line":210,"column":0},"end":{"line":210,"column":54}},"210":{"start":{"line":211,"column":0},"end":{"line":211,"column":16}},"211":{"start":{"line":212,"column":0},"end":{"line":212,"column":18}},"212":{"start":{"line":213,"column":0},"end":{"line":213,"column":63}},"213":{"start":{"line":214,"column":0},"end":{"line":214,"column":18}},"214":{"start":{"line":215,"column":0},"end":{"line":215,"column":97}},"215":{"start":{"line":216,"column":0},"end":{"line":216,"column":51}},"216":{"start":{"line":217,"column":0},"end":{"line":217,"column":50}},"217":{"start":{"line":218,"column":0},"end":{"line":218,"column":19}},"218":{"start":{"line":219,"column":0},"end":{"line":219,"column":87}},"219":{"start":{"line":220,"column":0},"end":{"line":220,"column":59}},"220":{"start":{"line":221,"column":0},"end":{"line":221,"column":40}},"221":{"start":{"line":222,"column":0},"end":{"line":222,"column":19}},"222":{"start":{"line":223,"column":0},"end":{"line":223,"column":20}},"223":{"start":{"line":224,"column":0},"end":{"line":224,"column":18}},"224":{"start":{"line":225,"column":0},"end":{"line":225,"column":73}},"225":{"start":{"line":226,"column":0},"end":{"line":226,"column":16}},"226":{"start":{"line":227,"column":0},"end":{"line":227,"column":15}},"227":{"start":{"line":228,"column":0},"end":{"line":228,"column":85}},"228":{"start":{"line":229,"column":0},"end":{"line":229,"column":86}},"229":{"start":{"line":230,"column":0},"end":{"line":230,"column":16}},"230":{"start":{"line":231,"column":0},"end":{"line":231,"column":14}},"231":{"start":{"line":232,"column":0},"end":{"line":232,"column":12}},"232":{"start":{"line":233,"column":0},"end":{"line":233,"column":21}},"233":{"start":{"line":234,"column":0},"end":{"line":234,"column":10}},"234":{"start":{"line":235,"column":0},"end":{"line":235,"column":75}},"235":{"start":{"line":236,"column":0},"end":{"line":236,"column":88}},"236":{"start":{"line":237,"column":0},"end":{"line":237,"column":18}},"237":{"start":{"line":238,"column":0},"end":{"line":238,"column":36}},"238":{"start":{"line":239,"column":0},"end":{"line":239,"column":29}},"239":{"start":{"line":240,"column":0},"end":{"line":240,"column":82}},"240":{"start":{"line":241,"column":0},"end":{"line":241,"column":70}},"241":{"start":{"line":242,"column":0},"end":{"line":242,"column":14}},"243":{"start":{"line":244,"column":0},"end":{"line":244,"column":11}},"245":{"start":{"line":246,"column":0},"end":{"line":246,"column":93}},"247":{"start":{"line":248,"column":0},"end":{"line":248,"column":50}},"248":{"start":{"line":249,"column":0},"end":{"line":249,"column":10}},"250":{"start":{"line":251,"column":0},"end":{"line":251,"column":2}},"252":{"start":{"line":253,"column":0},"end":{"line":253,"column":22}}},"s":{"0":1,"1":1,"2":1,"4":1,"5":1,"6":1,"7":1,"8":1,"9":1,"10":1,"11":1,"14":1,"15":1,"16":1,"19":1,"21":1,"22":23,"25":23,"26":23,"27":23,"28":23,"29":23,"30":23,"33":23,"34":23,"35":4,"36":4,"37":4,"38":4,"39":0,"40":0,"41":23,"43":23,"44":23,"45":23,"48":23,"49":4,"50":4,"51":4,"52":4,"53":23,"56":23,"57":23,"58":23,"59":23,"60":23,"61":23,"62":23,"64":23,"65":23,"67":23,"68":23,"69":23,"70":23,"73":23,"74":4,"75":0,"76":0,"78":4,"81":4,"82":23,"85":23,"86":23,"87":15,"88":15,"89":2,"90":2,"91":2,"92":2,"93":0,"94":0,"95":15,"96":15,"97":23,"98":23,"100":23,"101":23,"102":0,"103":0,"104":0,"105":0,"106":0,"107":0,"108":0,"109":0,"110":0,"111":0,"112":23,"113":23,"116":23,"117":15,"118":15,"120":15,"122":15,"123":15,"124":15,"125":15,"127":15,"128":3,"129":3,"131":15,"133":15,"134":15,"135":15,"136":15,"137":2,"138":2,"139":2,"140":2,"141":0,"142":0,"143":0,"144":15,"145":15,"146":0,"147":15,"148":15,"149":2,"150":15,"151":15,"152":23,"155":23,"156":4,"157":4,"159":4,"160":0,"161":0,"162":23,"165":23,"166":23,"167":12,"169":23,"171":9,"172":9,"173":9,"174":9,"175":9,"176":23,"178":23,"179":23,"180":23,"181":23,"183":23,"184":23,"185":23,"186":23,"187":23,"188":23,"189":23,"190":23,"191":23,"192":23,"193":23,"194":23,"195":23,"196":23,"197":23,"198":23,"199":23,"200":23,"201":23,"202":23,"203":23,"204":23,"205":23,"206":9,"207":0,"209":23,"210":23,"211":23,"212":23,"213":23,"214":23,"215":9,"216":0,"217":23,"218":23,"219":23,"220":8,"221":23,"222":23,"223":23,"224":23,"225":23,"226":23,"227":23,"228":23,"229":23,"230":23,"231":23,"232":23,"233":0,"234":0,"235":0,"236":0,"237":0,"238":0,"239":0,"240":0,"241":0,"243":0,"245":9,"247":23,"248":23,"250":23,"252":1},"branchMap":{"0":{"type":"branch","line":15,"loc":{"start":{"line":15,"column":26},"end":{"line":15,"column":64}},"locations":[{"start":{"line":15,"column":26},"end":{"line":15,"column":64}}]},"1":{"type":"branch","line":16,"loc":{"start":{"line":16,"column":25},"end":{"line":16,"column":62}},"locations":[{"start":{"line":16,"column":25},"end":{"line":16,"column":62}}]},"2":{"type":"branch","line":17,"loc":{"start":{"line":17,"column":32},"end":{"line":17,"column":76}},"locations":[{"start":{"line":17,"column":32},"end":{"line":17,"column":76}}]},"3":{"type":"branch","line":22,"loc":{"start":{"line":22,"column":15},"end":{"line":251,"column":2}},"locations":[{"start":{"line":22,"column":15},"end":{"line":251,"column":2}}]},"4":{"type":"branch","line":68,"loc":{"start":{"line":68,"column":31},"end":{"line":68,"column":58}},"locations":[{"start":{"line":68,"column":31},"end":{"line":68,"column":58}}]},"5":{"type":"branch","line":68,"loc":{"start":{"line":68,"column":43},"end":{"line":68,"column":61}},"locations":[{"start":{"line":68,"column":43},"end":{"line":68,"column":61}}]},"6":{"type":"branch","line":69,"loc":{"start":{"line":69,"column":28},"end":{"line":69,"column":52}},"locations":[{"start":{"line":69,"column":28},"end":{"line":69,"column":52}}]},"7":{"type":"branch","line":69,"loc":{"start":{"line":69,"column":40},"end":{"line":69,"column":55}},"locations":[{"start":{"line":69,"column":40},"end":{"line":69,"column":55}}]},"8":{"type":"branch","line":167,"loc":{"start":{"line":167,"column":4},"end":{"line":168,"column":112}},"locations":[{"start":{"line":167,"column":4},"end":{"line":168,"column":112}}]},"9":{"type":"branch","line":168,"loc":{"start":{"line":168,"column":106},"end":{"line":170,"column":26}},"locations":[{"start":{"line":168,"column":106},"end":{"line":170,"column":26}}]},"10":{"type":"branch","line":170,"loc":{"start":{"line":170,"column":19},"end":{"line":170,"column":98}},"locations":[{"start":{"line":170,"column":19},"end":{"line":170,"column":98}}]},"11":{"type":"branch","line":170,"loc":{"start":{"line":170,"column":91},"end":{"line":177,"column":59}},"locations":[{"start":{"line":170,"column":91},"end":{"line":177,"column":59}}]},"12":{"type":"branch","line":177,"loc":{"start":{"line":177,"column":50},"end":{"line":177,"column":66}},"locations":[{"start":{"line":177,"column":50},"end":{"line":177,"column":66}}]},"13":{"type":"branch","line":187,"loc":{"start":{"line":187,"column":34},"end":{"line":187,"column":54}},"locations":[{"start":{"line":187,"column":34},"end":{"line":187,"column":54}}]},"14":{"type":"branch","line":187,"loc":{"start":{"line":187,"column":44},"end":{"line":187,"column":66}},"locations":[{"start":{"line":187,"column":44},"end":{"line":187,"column":66}}]},"15":{"type":"branch","line":203,"loc":{"start":{"line":203,"column":33},"end":{"line":203,"column":54}},"locations":[{"start":{"line":203,"column":33},"end":{"line":203,"column":54}}]},"16":{"type":"branch","line":203,"loc":{"start":{"line":203,"column":39},"end":{"line":203,"column":78}},"locations":[{"start":{"line":203,"column":39},"end":{"line":203,"column":78}}]},"17":{"type":"branch","line":206,"loc":{"start":{"line":206,"column":18},"end":{"line":206,"column":39}},"locations":[{"start":{"line":206,"column":18},"end":{"line":206,"column":39}}]},"18":{"type":"branch","line":206,"loc":{"start":{"line":206,"column":39},"end":{"line":206,"column":98}},"locations":[{"start":{"line":206,"column":39},"end":{"line":206,"column":98}}]},"19":{"type":"branch","line":206,"loc":{"start":{"line":206,"column":90},"end":{"line":207,"column":36}},"locations":[{"start":{"line":206,"column":90},"end":{"line":207,"column":36}}]},"20":{"type":"branch","line":207,"loc":{"start":{"line":207,"column":22},"end":{"line":208,"column":38}},"locations":[{"start":{"line":207,"column":22},"end":{"line":208,"column":38}}]},"21":{"type":"branch","line":215,"loc":{"start":{"line":215,"column":17},"end":{"line":215,"column":38}},"locations":[{"start":{"line":215,"column":17},"end":{"line":215,"column":38}}]},"22":{"type":"branch","line":215,"loc":{"start":{"line":215,"column":38},"end":{"line":215,"column":97}},"locations":[{"start":{"line":215,"column":38},"end":{"line":215,"column":97}}]},"23":{"type":"branch","line":215,"loc":{"start":{"line":215,"column":89},"end":{"line":216,"column":51}},"locations":[{"start":{"line":215,"column":89},"end":{"line":216,"column":51}}]},"24":{"type":"branch","line":216,"loc":{"start":{"line":216,"column":26},"end":{"line":216,"column":51}},"locations":[{"start":{"line":216,"column":26},"end":{"line":216,"column":51}}]},"25":{"type":"branch","line":216,"loc":{"start":{"line":216,"column":46},"end":{"line":217,"column":50}},"locations":[{"start":{"line":216,"column":46},"end":{"line":217,"column":50}}]},"26":{"type":"branch","line":228,"loc":{"start":{"line":228,"column":53},"end":{"line":228,"column":70}},"locations":[{"start":{"line":228,"column":53},"end":{"line":228,"column":70}}]},"27":{"type":"branch","line":228,"loc":{"start":{"line":228,"column":62},"end":{"line":228,"column":80}},"locations":[{"start":{"line":228,"column":62},"end":{"line":228,"column":80}}]},"28":{"type":"branch","line":229,"loc":{"start":{"line":229,"column":43},"end":{"line":229,"column":61}},"locations":[{"start":{"line":229,"column":43},"end":{"line":229,"column":61}}]},"29":{"type":"branch","line":229,"loc":{"start":{"line":229,"column":49},"end":{"line":229,"column":81}},"locations":[{"start":{"line":229,"column":49},"end":{"line":229,"column":81}}]},"30":{"type":"branch","line":233,"loc":{"start":{"line":233,"column":8},"end":{"line":244,"column":11}},"locations":[{"start":{"line":233,"column":8},"end":{"line":244,"column":11}}]},"31":{"type":"branch","line":244,"loc":{"start":{"line":244,"column":8},"end":{"line":246,"column":93}},"locations":[{"start":{"line":244,"column":8},"end":{"line":246,"column":93}}]},"32":{"type":"branch","line":248,"loc":{"start":{"line":248,"column":25},"end":{"line":248,"column":50}},"locations":[{"start":{"line":248,"column":25},"end":{"line":248,"column":50}}]},"33":{"type":"branch","line":35,"loc":{"start":{"line":35,"column":59},"end":{"line":42,"column":3}},"locations":[{"start":{"line":35,"column":59},"end":{"line":42,"column":3}}]},"34":{"type":"branch","line":38,"loc":{"start":{"line":38,"column":13},"end":{"line":38,"column":49}},"locations":[{"start":{"line":38,"column":13},"end":{"line":38,"column":49}}]},"35":{"type":"branch","line":39,"loc":{"start":{"line":39,"column":4},"end":{"line":41,"column":5}},"locations":[{"start":{"line":39,"column":4},"end":{"line":41,"column":5}}]},"36":{"type":"branch","line":49,"loc":{"start":{"line":49,"column":12},"end":{"line":54,"column":5}},"locations":[{"start":{"line":49,"column":12},"end":{"line":54,"column":5}}]},"37":{"type":"branch","line":74,"loc":{"start":{"line":74,"column":12},"end":{"line":83,"column":5}},"locations":[{"start":{"line":74,"column":12},"end":{"line":83,"column":5}}]},"38":{"type":"branch","line":82,"loc":{"start":{"line":82,"column":11},"end":{"line":82,"column":68}},"locations":[{"start":{"line":82,"column":11},"end":{"line":82,"column":68}}]},"39":{"type":"branch","line":87,"loc":{"start":{"line":87,"column":4},"end":{"line":97,"column":9}},"locations":[{"start":{"line":87,"column":4},"end":{"line":97,"column":9}}]},"40":{"type":"branch","line":88,"loc":{"start":{"line":88,"column":23},"end":{"line":97,"column":7}},"locations":[{"start":{"line":88,"column":23},"end":{"line":97,"column":7}}]},"41":{"type":"branch","line":89,"loc":{"start":{"line":89,"column":17},"end":{"line":96,"column":11}},"locations":[{"start":{"line":89,"column":17},"end":{"line":96,"column":11}}]},"42":{"type":"branch","line":93,"loc":{"start":{"line":93,"column":10},"end":{"line":95,"column":11}},"locations":[{"start":{"line":93,"column":10},"end":{"line":95,"column":11}}]},"43":{"type":"branch","line":117,"loc":{"start":{"line":117,"column":12},"end":{"line":153,"column":5}},"locations":[{"start":{"line":117,"column":12},"end":{"line":153,"column":5}}]},"44":{"type":"branch","line":118,"loc":{"start":{"line":118,"column":23},"end":{"line":118,"column":41}},"locations":[{"start":{"line":118,"column":23},"end":{"line":118,"column":41}}]},"45":{"type":"branch","line":119,"loc":{"start":{"line":119,"column":21},"end":{"line":119,"column":28}},"locations":[{"start":{"line":119,"column":21},"end":{"line":119,"column":28}}]},"46":{"type":"branch","line":121,"loc":{"start":{"line":121,"column":33},"end":{"line":121,"column":95}},"locations":[{"start":{"line":121,"column":33},"end":{"line":121,"column":95}}]},"47":{"type":"branch","line":123,"loc":{"start":{"line":123,"column":46},"end":{"line":123,"column":69}},"locations":[{"start":{"line":123,"column":46},"end":{"line":123,"column":69}}]},"48":{"type":"branch","line":128,"loc":{"start":{"line":128,"column":63},"end":{"line":130,"column":5}},"locations":[{"start":{"line":128,"column":63},"end":{"line":130,"column":5}}]},"49":{"type":"branch","line":132,"loc":{"start":{"line":132,"column":49},"end":{"line":132,"column":84}},"locations":[{"start":{"line":132,"column":49},"end":{"line":132,"column":84}}]},"50":{"type":"branch","line":125,"loc":{"start":{"line":125,"column":14},"end":{"line":125,"column":64}},"locations":[{"start":{"line":125,"column":14},"end":{"line":125,"column":64}}]},"51":{"type":"branch","line":126,"loc":{"start":{"line":126,"column":11},"end":{"line":126,"column":32}},"locations":[{"start":{"line":126,"column":11},"end":{"line":126,"column":32}}]},"52":{"type":"branch","line":137,"loc":{"start":{"line":137,"column":14},"end":{"line":145,"column":9}},"locations":[{"start":{"line":137,"column":14},"end":{"line":145,"column":9}}]},"53":{"type":"branch","line":141,"loc":{"start":{"line":141,"column":10},"end":{"line":144,"column":11}},"locations":[{"start":{"line":141,"column":10},"end":{"line":144,"column":11}}]},"54":{"type":"branch","line":149,"loc":{"start":{"line":149,"column":17},"end":{"line":151,"column":9}},"locations":[{"start":{"line":149,"column":17},"end":{"line":151,"column":9}}]},"55":{"type":"branch","line":156,"loc":{"start":{"line":156,"column":12},"end":{"line":163,"column":5}},"locations":[{"start":{"line":156,"column":12},"end":{"line":163,"column":5}}]},"56":{"type":"branch","line":157,"loc":{"start":{"line":157,"column":46},"end":{"line":157,"column":65}},"locations":[{"start":{"line":157,"column":46},"end":{"line":157,"column":65}}]},"57":{"type":"branch","line":160,"loc":{"start":{"line":160,"column":22},"end":{"line":162,"column":5}},"locations":[{"start":{"line":160,"column":22},"end":{"line":162,"column":5}}]},"58":{"type":"branch","line":220,"loc":{"start":{"line":220,"column":28},"end":{"line":221,"column":40}},"locations":[{"start":{"line":220,"column":28},"end":{"line":221,"column":40}}]}},"b":{"0":[1],"1":[1],"2":[1],"3":[23],"4":[9],"5":[14],"6":[9],"7":[14],"8":[12],"9":[11],"10":[2],"11":[9],"12":[0],"13":[9],"14":[0],"15":[9],"16":[0],"17":[9],"18":[0],"19":[9],"20":[0],"21":[9],"22":[0],"23":[9],"24":[0],"25":[0],"26":[0],"27":[9],"28":[9],"29":[0],"30":[0],"31":[9],"32":[9],"33":[4],"34":[0],"35":[0],"36":[4],"37":[4],"38":[4],"39":[15],"40":[15],"41":[2],"42":[0],"43":[15],"44":[0],"45":[0],"46":[0],"47":[0],"48":[3],"49":[0],"50":[12],"51":[12],"52":[2],"53":[0],"54":[2],"55":[4],"56":[0],"57":[0],"58":[8]},"fnMap":{"0":{"name":"Videos","decl":{"start":{"line":22,"column":15},"end":{"line":251,"column":2}},"loc":{"start":{"line":22,"column":15},"end":{"line":251,"column":2}},"line":22},"1":{"name":"handleResize","decl":{"start":{"line":75,"column":25},"end":{"line":77,"column":6}},"loc":{"start":{"line":75,"column":25},"end":{"line":77,"column":6}},"line":75}},"f":{"0":23,"1":0}}
}
